





b d
b d
b d
b d
b d
111 222
111 222
111 222

"{\"a\":\"111\",\"b\":\"222\"}"
"{\"a\":null,\"b\":null}"
"{\"a\":null,\"b\":null}"
"{\"a\":\"111\",\"b\":\"222\"}"
"{\"a\":\"111\",\"b\":\"222\"}"
"{\"a\":\"111\",\"b\":\"222\"}"
"{\"a\":null,\"b\":null}"
"{\"a\":null,\"b\":null}"
"{\"a\":null,\"b\":null}"
"{\"a\":null,\"b\":null}"
"{\"a\":\"111\",\"b\":\"222\"}"
"{\"a\":\"111\",\"b\":\"222\"}"
"{\"a\":\"111\",\"b\":\"222\"}"
"{\"a\":\"111\",\"b\":\"222\"}"
"{\"a\":\"111\",\"b\":\"222\"}"
"{\"a\":\"111\",\"b\":\"222\"}"
"{\"a\":\"111\",\"b\":\"222\"}"
"{\"a\":\"111\",\"b\":\"222\"}"
"{\"a\":\"111\",\"b\":\"222\"}"
"{\"a\":\"111\",\"b\":\"222\"}"
"{\"a\":\"111\",\"b\":\"222\"}"
"{\"a\":\"111\",\"b\":\"222\"}"
"{\"a\":\"111\",\"b\":\"222\"}"
"{\"a\":\"111\",\"b\":\"222\"}"
"{\"a\":\"111\",\"b\":\"222\"}"
"{\"a\":null,\"b\":null}"
"{\"a\":null,\"b\":null}"
"{\"a\":\"111\",\"b\":\"222\"}"
"{\"a\":\"111\",\"b\":\"222\"}"
"{\"a\":\"111\",\"b\":\"222\"}"
"{\"a\":\"111\",\"b\":\"222\"}"
"{\"a\":\"111\",\"b\":\"222\"}"
"{\"a\":\"111\",\"b\":\"222\"}"
"{\"a\":\"111\",\"b\":\"222\"}"
"{\"a\":\"111\",\"b\":\"222\"}"
"{\"a\":\"111\",\"b\":\"222\"}"
"{\"a\":\"111\",\"b\":\"222\"}"
"{\"a\":\"111\",\"b\":\"222\"}"
"{\"a\":\"111\",\"b\":\"222\"}"
"{\"a\":\"111\",\"b\":\"222\"}"
"{\"a\":\"111\",\"b\":\"222\"}"
"{\"a\":\"111\",\"b\":\"222\"}"
"{\"a\":\"111\",\"b\":\"222\"}"
"{\"a\":\"111\",\"b\":\"222\"}"
"{\"a\":\"111\",\"b\":\"222\"}"
"{\"a\":\"111\",\"b\":\"222\"}"
"{\"a\":\"111\",\"b\":\"222\"}"
"{\"a\":\"111\",\"b\":\"222\"}"
"{\"a\":\"111\",\"b\":\"222\"}"
"{\"a\":\"111\",\"b\":\"222\"}"
"{\"a\":\"111\",\"b\":\"222\"}"
"{\"a\":\"111\",\"b\":\"222\"}"
"{\"a\":\"111\",\"b\":\"222\"}"
"{\"a\":\"111\",\"b\":\"222\"}"
"{\"a\":\"111\",\"b\":\"222\"}"
"{\"a\":\"111\",\"b\":\"222\"}"
"{\"a\":\"111\",\"b\":\"222\"}"
"{\"a\":\"11111\",\"b\":\"2222\"}"
"{\"a\":\"11111\",\"b\":\"2222\"}"
"{\"a\":\"11111\",\"b\":\"2222\"}"
{"0":true,"upload_speed":"22222","online_num":"1","online_list":"asfdasdfasdfasf","hb_time":1389774610}
{"last_login_time":1389842052}
[]
[]
[]
[]
[]
2014-02-24 17:00:30 []
2014-02-24 17:01:29 []
