This file contains any messages produced by compilers while
running configure, to aid debugging if configure makes a mistake.

It was created by configure, which was
generated by GNU Autoconf 2.69.  Invocation command line was

  $ ./configure --with-php-config=/usr/local/php/bin/php-config

## --------- ##
## Platform. ##
## --------- ##

hostname = ljp
uname -m = x86_64
uname -r = 3.13.0-74-generic
uname -s = Linux
uname -v = #118-Ubuntu SMP Thu Dec 17 22:52:10 UTC 2015

/usr/bin/uname -p = unknown
/bin/uname -X     = unknown

/bin/arch              = unknown
/usr/bin/arch -k       = unknown
/usr/convex/getsysinfo = unknown
/usr/bin/hostinfo      = unknown
/bin/machine           = unknown
/usr/bin/oslevel       = unknown
/bin/universe          = unknown

PATH: /usr/local/sbin
PATH: /usr/local/bin
PATH: /usr/sbin
PATH: /usr/bin
PATH: /sbin
PATH: /bin
PATH: /usr/games
PATH: /usr/local/games


## ----------- ##
## Core tests. ##
## ----------- ##

configure:2295: checking for grep that handles long lines and -e
configure:2353: result: /bin/grep
configure:2358: checking for egrep
configure:2420: result: /bin/grep -E
configure:2425: checking for a sed that does not truncate output
configure:2479: result: /bin/sed
configure:2611: checking for cc
configure:2627: found /usr/bin/cc
configure:2638: result: cc
configure:2669: checking for C compiler version
configure:2678: cc --version >&5
cc (Ubuntu 4.8.4-2ubuntu1~14.04) 4.8.4
Copyright (C) 2013 Free Software Foundation, Inc.
This is free software; see the source for copying conditions.  There is NO
warranty; not even for MERCHANTABILITY or FITNESS FOR A PARTICULAR PURPOSE.

configure:2689: $? = 0
configure:2678: cc -v >&5
Using built-in specs.
COLLECT_GCC=cc
COLLECT_LTO_WRAPPER=/usr/lib/gcc/x86_64-linux-gnu/4.8/lto-wrapper
Target: x86_64-linux-gnu
Configured with: ../src/configure -v --with-pkgversion='Ubuntu 4.8.4-2ubuntu1~14.04' --with-bugurl=file:///usr/share/doc/gcc-4.8/README.Bugs --enable-languages=c,c++,java,go,d,fortran,objc,obj-c++ --prefix=/usr --program-suffix=-4.8 --enable-shared --enable-linker-build-id --libexecdir=/usr/lib --without-included-gettext --enable-threads=posix --with-gxx-include-dir=/usr/include/c++/4.8 --libdir=/usr/lib --enable-nls --with-sysroot=/ --enable-clocale=gnu --enable-libstdcxx-debug --enable-libstdcxx-time=yes --enable-gnu-unique-object --disable-libmudflap --enable-plugin --with-system-zlib --disable-browser-plugin --enable-java-awt=gtk --enable-gtk-cairo --with-java-home=/usr/lib/jvm/java-1.5.0-gcj-4.8-amd64/jre --enable-java-home --with-jvm-root-dir=/usr/lib/jvm/java-1.5.0-gcj-4.8-amd64 --with-jvm-jar-dir=/usr/lib/jvm-exports/java-1.5.0-gcj-4.8-amd64 --with-arch-directory=amd64 --with-ecj-jar=/usr/share/java/eclipse-ecj.jar --enable-objc-gc --enable-multiarch --disable-werror --with-arch-32=i686 --with-abi=m64 --with-multilib-list=m32,m64,mx32 --with-tune=generic --enable-checking=release --build=x86_64-linux-gnu --host=x86_64-linux-gnu --target=x86_64-linux-gnu
Thread model: posix
gcc version 4.8.4 (Ubuntu 4.8.4-2ubuntu1~14.04) 
configure:2689: $? = 0
configure:2678: cc -V >&5
cc: error: unrecognized command line option '-V'
cc: fatal error: no input files
compilation terminated.
configure:2689: $? = 4
configure:2678: cc -qversion >&5
cc: error: unrecognized command line option '-qversion'
cc: fatal error: no input files
compilation terminated.
configure:2689: $? = 4
configure:2709: checking whether the C compiler works
configure:2731: cc    conftest.c  >&5
configure:2735: $? = 0
configure:2783: result: yes
configure:2786: checking for C compiler default output file name
configure:2788: result: a.out
configure:2794: checking for suffix of executables
configure:2801: cc -o conftest    conftest.c  >&5
configure:2805: $? = 0
configure:2827: result: 
configure:2849: checking whether we are cross compiling
configure:2857: cc -o conftest    conftest.c  >&5
configure:2861: $? = 0
configure:2868: ./conftest
configure:2872: $? = 0
configure:2887: result: no
configure:2892: checking for suffix of object files
configure:2914: cc -c   conftest.c >&5
configure:2918: $? = 0
configure:2939: result: o
configure:2943: checking whether we are using the GNU C compiler
configure:2962: cc -c   conftest.c >&5
configure:2962: $? = 0
configure:2971: result: yes
configure:2980: checking whether cc accepts -g
configure:3000: cc -c -g  conftest.c >&5
configure:3000: $? = 0
configure:3041: result: yes
configure:3058: checking for cc option to accept ISO C89
configure:3121: cc  -c -g -O2  conftest.c >&5
configure:3121: $? = 0
configure:3134: result: none needed
configure:3160: checking how to run the C preprocessor
configure:3191: cc -E  conftest.c
configure:3191: $? = 0
configure:3205: cc -E  conftest.c
conftest.c:9:28: fatal error: ac_nonexistent.h: No such file or directory
 #include <ac_nonexistent.h>
                            ^
compilation terminated.
configure:3205: $? = 1
configure: failed program was:
| /* confdefs.h */
| #define PACKAGE_NAME ""
| #define PACKAGE_TARNAME ""
| #define PACKAGE_VERSION ""
| #define PACKAGE_STRING ""
| #define PACKAGE_BUGREPORT ""
| #define PACKAGE_URL ""
| /* end confdefs.h.  */
| #include <ac_nonexistent.h>
configure:3230: result: cc -E
configure:3250: cc -E  conftest.c
configure:3250: $? = 0
configure:3264: cc -E  conftest.c
conftest.c:9:28: fatal error: ac_nonexistent.h: No such file or directory
 #include <ac_nonexistent.h>
                            ^
compilation terminated.
configure:3264: $? = 1
configure: failed program was:
| /* confdefs.h */
| #define PACKAGE_NAME ""
| #define PACKAGE_TARNAME ""
| #define PACKAGE_VERSION ""
| #define PACKAGE_STRING ""
| #define PACKAGE_BUGREPORT ""
| #define PACKAGE_URL ""
| /* end confdefs.h.  */
| #include <ac_nonexistent.h>
configure:3295: checking for icc
configure:3304: result: no
configure:3318: checking for suncc
configure:3327: result: no
configure:3345: checking whether cc understands -c and -o together
configure:3373: cc -c conftest.c -o conftest2.o >&5
configure:3377: $? = 0
configure:3383: cc -c conftest.c -o conftest2.o >&5
configure:3387: $? = 0
configure:3442: result: yes
configure:3456: checking for system library directory
configure:3471: result: lib
configure:3478: checking if compiler supports -R
configure:3497: cc -o conftest -g -O2   conftest.c -R /usr/lib  >&5
cc: error: unrecognized command line option '-R'
configure:3497: $? = 1
configure: failed program was:
| /* confdefs.h */
| #define PACKAGE_NAME ""
| #define PACKAGE_TARNAME ""
| #define PACKAGE_VERSION ""
| #define PACKAGE_STRING ""
| #define PACKAGE_BUGREPORT ""
| #define PACKAGE_URL ""
| /* end confdefs.h.  */
| 
| int
| main ()
| {
| 
|   ;
|   return 0;
| }
configure:3507: result: no
configure:3512: checking if compiler supports -Wl,-rpath,
configure:3531: cc -o conftest -g -O2   conftest.c -Wl,-rpath,/usr/lib  >&5
configure:3531: $? = 0
configure:3541: result: yes
configure:3586: checking build system type
configure:3600: result: x86_64-unknown-linux-gnu
configure:3620: checking host system type
configure:3633: result: x86_64-unknown-linux-gnu
configure:3653: checking target system type
configure:3666: result: x86_64-unknown-linux-gnu
configure:3769: checking for PHP prefix
configure:3771: result: /usr/local/php
configure:3773: checking for PHP includes
configure:3775: result: -I/usr/local/php/include/php -I/usr/local/php/include/php/main -I/usr/local/php/include/php/TSRM -I/usr/local/php/include/php/Zend -I/usr/local/php/include/php/ext -I/usr/local/php/include/php/ext/date/lib
configure:3777: checking for PHP extension directory
configure:3779: result: /usr/local/php/lib/php/extensions/no-debug-non-zts-20100525
configure:3781: checking for PHP installed headers prefix
configure:3783: result: /usr/local/php/include/php
configure:3786: checking if debug is enabled
configure:3812: result: no
configure:3815: checking if zts is enabled
configure:3841: result: no
configure:3912: checking for re2c
configure:3928: found /usr/bin/re2c
configure:3939: result: re2c
configure:3948: checking for re2c version
configure:3962: result: 0.13.5 (ok)
configure:3981: checking for gawk
configure:3998: found /usr/bin/gawk
configure:4009: result: gawk
configure:4052: checking whether to enable yaf support
configure:4091: result: yes, shared
configure:4117: checking PHP version
configure:4143: result: 5.4.41, ok
configure:4534: checking for ld used by cc
configure:4601: result: /usr/bin/ld
configure:4608: checking if the linker (/usr/bin/ld) is GNU ld
configure:4623: result: yes
configure:4628: checking for /usr/bin/ld option to reload object files
configure:4635: result: -r
configure:4653: checking for BSD-compatible nm
configure:4702: result: /usr/bin/nm -B
configure:4706: checking whether ln -s works
configure:4710: result: yes
configure:4717: checking how to recognize dependent libraries
configure:4903: result: pass_all
configure:4988: cc -c -g -O2  conftest.c >&5
configure:4991: $? = 0
configure:5115: checking for ANSI C header files
configure:5135: cc -c -g -O2  conftest.c >&5
configure:5135: $? = 0
configure:5208: cc -o conftest -g -O2   conftest.c  >&5
configure:5208: $? = 0
configure:5208: ./conftest
configure:5208: $? = 0
configure:5219: result: yes
configure:5232: checking for sys/types.h
configure:5232: cc -c -g -O2  conftest.c >&5
configure:5232: $? = 0
configure:5232: result: yes
configure:5232: checking for sys/stat.h
configure:5232: cc -c -g -O2  conftest.c >&5
configure:5232: $? = 0
configure:5232: result: yes
configure:5232: checking for stdlib.h
configure:5232: cc -c -g -O2  conftest.c >&5
configure:5232: $? = 0
configure:5232: result: yes
configure:5232: checking for string.h
configure:5232: cc -c -g -O2  conftest.c >&5
configure:5232: $? = 0
configure:5232: result: yes
configure:5232: checking for memory.h
configure:5232: cc -c -g -O2  conftest.c >&5
configure:5232: $? = 0
configure:5232: result: yes
configure:5232: checking for strings.h
configure:5232: cc -c -g -O2  conftest.c >&5
configure:5232: $? = 0
configure:5232: result: yes
configure:5232: checking for inttypes.h
configure:5232: cc -c -g -O2  conftest.c >&5
configure:5232: $? = 0
configure:5232: result: yes
configure:5232: checking for stdint.h
configure:5232: cc -c -g -O2  conftest.c >&5
configure:5232: $? = 0
configure:5232: result: yes
configure:5232: checking for unistd.h
configure:5232: cc -c -g -O2  conftest.c >&5
configure:5232: $? = 0
configure:5232: result: yes
configure:5246: checking dlfcn.h usability
configure:5246: cc -c -g -O2  conftest.c >&5
configure:5246: $? = 0
configure:5246: result: yes
configure:5246: checking dlfcn.h presence
configure:5246: cc -E  conftest.c
configure:5246: $? = 0
configure:5246: result: yes
configure:5246: checking for dlfcn.h
configure:5246: result: yes
configure:5268: checking the maximum length of command line arguments
configure:5380: result: 1572864
configure:5392: checking command to parse /usr/bin/nm -B output from cc object
configure:5497: cc -c -g -O2  conftest.c >&5
configure:5500: $? = 0
configure:5504: /usr/bin/nm -B conftest.o \| sed -n -e 's/^.*[ 	]\([ABCDGIRSTW][ABCDGIRSTW]*\)[ 	][ 	]*\([_A-Za-z][_A-Za-z0-9]*\)$/\1 \2 \2/p' \> conftest.nm
configure:5507: $? = 0
configure:5559: cc -o conftest -g -O2   conftest.c conftstm.o >&5
configure:5562: $? = 0
configure:5600: result: ok
configure:5604: checking for objdir
configure:5619: result: .libs
configure:5711: checking for ar
configure:5727: found /usr/bin/ar
configure:5738: result: ar
configure:5803: checking for ranlib
configure:5819: found /usr/bin/ranlib
configure:5830: result: ranlib
configure:5895: checking for strip
configure:5911: found /usr/bin/strip
configure:5922: result: strip
configure:6491: checking if cc supports -fno-rtti -fno-exceptions
configure:6509: cc -c -g -O2  -fno-rtti -fno-exceptions conftest.c >&5
cc1: warning: command line option '-fno-rtti' is valid for C++/ObjC++ but not for C [enabled by default]
configure:6513: $? = 0
configure:6526: result: no
configure:6541: checking for cc option to produce PIC
configure:6781: result: -fPIC
configure:6789: checking if cc PIC flag -fPIC works
configure:6807: cc -c -g -O2  -fPIC -DPIC conftest.c >&5
configure:6811: $? = 0
configure:6824: result: yes
configure:6852: checking if cc static flag -static works
configure:6880: result: yes
configure:6890: checking if cc supports -c -o file.o
configure:6911: cc -c -g -O2  -o out/conftest2.o conftest.c >&5
configure:6915: $? = 0
configure:6937: result: yes
configure:6963: checking whether the cc linker (/usr/bin/ld -m elf_x86_64) supports shared libraries
configure:7891: result: yes
configure:7912: checking whether -lc should be explicitly linked in
configure:7917: cc -c -g -O2  conftest.c >&5
configure:7920: $? = 0
configure:7935: cc -shared conftest.o  -v -Wl,-soname -Wl,conftest -o conftest 2\>\&1 \| grep  -lc  \>/dev/null 2\>\&1
configure:7938: $? = 0
configure:7950: result: no
configure:7958: checking dynamic linker characteristics
configure:8556: result: GNU/Linux ld.so
configure:8580: checking how to hardcode library paths into programs
configure:8605: result: immediate
configure:8619: checking whether stripping libraries is possible
configure:8624: result: yes
configure:9141: checking if libtool supports shared libraries
configure:9143: result: yes
configure:9146: checking whether to build shared libraries
configure:9167: result: yes
configure:9170: checking whether to build static libraries
configure:9174: result: no
configure:9269: result:
creating libtool
configure:12968: creating ./config.status

## ---------------------- ##
## Running config.status. ##
## ---------------------- ##

This file was extended by config.status, which was
generated by GNU Autoconf 2.69.  Invocation command line was

  CONFIG_FILES    = 
  CONFIG_HEADERS  = 
  CONFIG_LINKS    = 
  CONFIG_COMMANDS = 
  $ ./config.status 

on ljp

config.status:677: creating config.h
config.status:767: config.h is unchanged

## ---------------- ##
## Cache variables. ##
## ---------------- ##

ac_cv_build=x86_64-unknown-linux-gnu
ac_cv_c_compiler_gnu=yes
ac_cv_env_CC_set=
ac_cv_env_CC_value=
ac_cv_env_CFLAGS_set=
ac_cv_env_CFLAGS_value=
ac_cv_env_CPPFLAGS_set=
ac_cv_env_CPPFLAGS_value=
ac_cv_env_CPP_set=
ac_cv_env_CPP_value=
ac_cv_env_LDFLAGS_set=
ac_cv_env_LDFLAGS_value=
ac_cv_env_LIBS_set=
ac_cv_env_LIBS_value=
ac_cv_env_build_alias_set=
ac_cv_env_build_alias_value=
ac_cv_env_host_alias_set=
ac_cv_env_host_alias_value=
ac_cv_env_target_alias_set=
ac_cv_env_target_alias_value=
ac_cv_header_dlfcn_h=yes
ac_cv_header_inttypes_h=yes
ac_cv_header_memory_h=yes
ac_cv_header_stdc=yes
ac_cv_header_stdint_h=yes
ac_cv_header_stdlib_h=yes
ac_cv_header_string_h=yes
ac_cv_header_strings_h=yes
ac_cv_header_sys_stat_h=yes
ac_cv_header_sys_types_h=yes
ac_cv_header_unistd_h=yes
ac_cv_host=x86_64-unknown-linux-gnu
ac_cv_objext=o
ac_cv_path_EGREP='/bin/grep -E'
ac_cv_path_GREP=/bin/grep
ac_cv_prog_AWK=gawk
ac_cv_prog_CPP='cc -E'
ac_cv_prog_RE2C=re2c
ac_cv_prog_ac_ct_AR=ar
ac_cv_prog_ac_ct_CC=cc
ac_cv_prog_ac_ct_RANLIB=ranlib
ac_cv_prog_ac_ct_STRIP=strip
ac_cv_prog_cc_c89=
ac_cv_prog_cc_cc_c_o=yes
ac_cv_prog_cc_g=yes
ac_cv_target=x86_64-unknown-linux-gnu
lt_cv_deplibs_check_method=pass_all
lt_cv_file_magic_cmd='$MAGIC_CMD'
lt_cv_file_magic_test_file=
lt_cv_ld_reload_flag=-r
lt_cv_objdir=.libs
lt_cv_path_LD=/usr/bin/ld
lt_cv_path_NM='/usr/bin/nm -B'
lt_cv_path_SED=/bin/sed
lt_cv_prog_compiler_c_o=yes
lt_cv_prog_compiler_pic_works=yes
lt_cv_prog_compiler_rtti_exceptions=no
lt_cv_prog_compiler_static_works=yes
lt_cv_prog_gnu_ld=yes
lt_cv_sys_global_symbol_pipe='sed -n -e '\''s/^.*[ 	]\([ABCDGIRSTW][ABCDGIRSTW]*\)[ 	][ 	]*\([_A-Za-z][_A-Za-z0-9]*\)$/\1 \2 \2/p'\'''
lt_cv_sys_global_symbol_to_c_name_address='sed -n -e '\''s/^: \([^ ]*\) $/  {\"\1\", (lt_ptr) 0},/p'\'' -e '\''s/^[BCDEGRST] \([^ ]*\) \([^ ]*\)$/  {"\2", (lt_ptr) \&\2},/p'\'''
lt_cv_sys_global_symbol_to_cdecl='sed -n -e '\''s/^. .* \(.*\)$/extern int \1;/p'\'''
lt_cv_sys_lib_dlsearch_path_spec='/lib /usr/lib /usr/lib/x86_64-linux-gnu/libfakeroot /usr/local/freetype/lib /usr/lib/i386-linux-gnu/mesa /lib/i386-linux-gnu /usr/lib/i386-linux-gnu /lib/i686-linux-gnu /usr/lib/i686-linux-gnu /usr/local/lib     /usr/local/mysql/lib     /usr/local/lib /lib/x86_64-linux-gnu /usr/lib/x86_64-linux-gnu /usr/lib/x86_64-linux-gnu/mesa-egl /usr/lib/x86_64-linux-gnu/mesa /lib32 /usr/lib32 /lib /usr/lib /usr/local/lib '
lt_cv_sys_lib_search_path_spec='/usr/lib/gcc/x86_64-linux-gnu/4.8 /usr/lib/x86_64-linux-gnu /usr/lib /lib/x86_64-linux-gnu /lib'
lt_cv_sys_max_cmd_len=1572864
lt_lt_cv_prog_compiler_c_o='"yes"'
lt_lt_cv_sys_global_symbol_pipe='"sed -n -e '\''s/^.*[ 	]\\([ABCDGIRSTW][ABCDGIRSTW]*\\)[ 	][ 	]*\\([_A-Za-z][_A-Za-z0-9]*\\)\$/\\1 \\2 \\2/p'\''"'
lt_lt_cv_sys_global_symbol_to_c_name_address='"sed -n -e '\''s/^: \\([^ ]*\\) \$/  {\\\"\\1\\\", (lt_ptr) 0},/p'\'' -e '\''s/^[BCDEGRST] \\([^ ]*\\) \\([^ ]*\\)\$/  {\"\\2\", (lt_ptr) \\&\\2},/p'\''"'
lt_lt_cv_sys_global_symbol_to_cdecl='"sed -n -e '\''s/^. .* \\(.*\\)\$/extern int \\1;/p'\''"'
php_cv_cc_dashr=no
php_cv_cc_rpath=yes
php_cv_re2c_version='0.13.5 (ok)'

## ----------------- ##
## Output variables. ##
## ----------------- ##

AR='ar'
AWK='gawk'
CC='cc'
CFLAGS='-g -O2'
CONFIGURE_COMMAND=' '\''./configure'\''  '\''--with-php-config=/usr/local/php/bin/php-config'\'''
CONFIGURE_OPTIONS=' '\''--with-php-config=/usr/local/php/bin/php-config'\'''
CPP='cc -E'
CPPFLAGS=' -DHAVE_CONFIG_H'
DEFS='-DHAVE_CONFIG_H'
DSYMUTIL=''
ECHO='echo'
ECHO_C=''
ECHO_N='-n'
ECHO_T=''
EGREP='/bin/grep -E'
EXEEXT=''
GREP='/bin/grep'
LDFLAGS=''
LIBOBJS=''
LIBS=''
LIBTOOL='$(SHELL) $(top_builddir)/libtool'
LN_S='ln -s'
LTLIBOBJS=''
NMEDIT=''
OBJEXT='o'
PACKAGE_BUGREPORT=''
PACKAGE_NAME=''
PACKAGE_STRING=''
PACKAGE_TARNAME=''
PACKAGE_URL=''
PACKAGE_VERSION=''
PATH_SEPARATOR=':'
RANLIB='ranlib'
RE2C='re2c'
SED='/bin/sed'
SHELL='/bin/bash'
SHLIB_DL_SUFFIX_NAME='so'
SHLIB_SUFFIX_NAME='so'
STRIP='strip'
ac_ct_CC='cc'
bindir='${exec_prefix}/bin'
build='x86_64-unknown-linux-gnu'
build_alias=''
build_cpu='x86_64'
build_os='linux-gnu'
build_vendor='unknown'
datadir='${datarootdir}'
datarootdir='${prefix}/share'
docdir='${datarootdir}/doc/${PACKAGE}'
dvidir='${docdir}'
exec_prefix='$(prefix)'
host='x86_64-unknown-linux-gnu'
host_alias='x86_64-unknown-linux-gnu'
host_cpu='x86_64'
host_os='linux-gnu'
host_vendor='unknown'
htmldir='${docdir}'
includedir='${prefix}/include'
infodir='${datarootdir}/info'
libdir='${exec_prefix}/lib'
libexecdir='${exec_prefix}/libexec'
localedir='${datarootdir}/locale'
localstatedir='${prefix}/var'
mandir='${datarootdir}/man'
oldincludedir='/usr/include'
pdfdir='${docdir}'
prefix='/usr/local/php'
program_transform_name='s,x,x,'
psdir='${docdir}'
sbindir='${exec_prefix}/sbin'
sharedstatedir='${prefix}/com'
sysconfdir='${prefix}/etc'
target='x86_64-unknown-linux-gnu'
target_alias=''
target_cpu='x86_64'
target_os='linux-gnu'
target_vendor='unknown'

## ----------- ##
## confdefs.h. ##
## ----------- ##

/* confdefs.h */
#define PACKAGE_NAME ""
#define PACKAGE_TARNAME ""
#define PACKAGE_VERSION ""
#define PACKAGE_STRING ""
#define PACKAGE_BUGREPORT ""
#define PACKAGE_URL ""
#define PHP_YAF_DEBUG 0
#define COMPILE_DL_YAF 1
#define STDC_HEADERS 1
#define HAVE_SYS_TYPES_H 1
#define HAVE_SYS_STAT_H 1
#define HAVE_STDLIB_H 1
#define HAVE_STRING_H 1
#define HAVE_MEMORY_H 1
#define HAVE_STRINGS_H 1
#define HAVE_INTTYPES_H 1
#define HAVE_STDINT_H 1
#define HAVE_UNISTD_H 1
#define HAVE_DLFCN_H 1

configure: exit 0
