This file contains any messages produced by compilers while
running configure, to aid debugging if configure makes a mistake.

It was created by configure, which was
generated by GNU Autoconf 2.69.  Invocation command line was

  $ ./configure --with-php-config=/usr/local/php56/bin/php-config

## --------- ##
## Platform. ##
## --------- ##

hostname = ljp
uname -m = x86_64
uname -r = 3.2.0-65-generic
uname -s = Linux
uname -v = #99-Ubuntu SMP Fri Jul 4 21:03:29 UTC 2014

/usr/bin/uname -p = i386
/bin/uname -X     = unknown

/bin/arch              = unknown
/usr/bin/arch -k       = unknown
/usr/convex/getsysinfo = unknown
/usr/bin/hostinfo      = Mach kernel version:
	 Darwin Kernel Version 14.1.0: Thu Feb 26 19:26:47 PST 2015; root:xnu-2782.10.73~1/RELEASE_X86_64
Kernel configured for up to 4 processors.
2 processors are physically available.
4 processors are logically available.
Processor type: x86_64h (Intel x86-64h Haswell)
Processors active: 0 1 2 3
Primary memory available: 8.00 gigabytes
Default processor set: 246 tasks, 1333 threads, 4 processors
Load average: 2.40, Mach factor: 1.70
/bin/machine           = unknown
/usr/bin/oslevel       = unknown
/bin/universe          = unknown

PATH: /usr/local/sbin
PATH: /usr/local/bin
PATH: /usr/bin
PATH: /bin
PATH: /usr/games


## ----------- ##
## Core tests. ##
## ----------- ##

configure:2278: checking for grep that handles long lines and -e
configure:2336: result: /bin/grep
configure:2341: checking for egrep
configure:2403: result: /bin/grep -E
configure:2408: checking for a sed that does not truncate output
configure:2462: result: /bin/sed
configure:2594: checking for cc
configure:2610: found /usr/bin/cc
configure:2621: result: cc
configure:2652: checking for C compiler version
configure:2661: cc --version >&5
cc (Ubuntu/Linaro 4.6.3-1ubuntu5) 4.6.3
Copyright (C) 2011 Free Software Foundation, Inc.
This is free software; see the source for copying conditions.  There is NO
warranty; not even for MERCHANTABILITY or FITNESS FOR A PARTICULAR PURPOSE.

configure:2672: $? = 0
configure:2661: cc -v >&5
Using built-in specs.
COLLECT_GCC=cc
COLLECT_LTO_WRAPPER=/usr/lib/gcc/x86_64-linux-gnu/4.6/lto-wrapper
Target: x86_64-linux-gnu
Configured with: ../src/configure -v --with-pkgversion='Ubuntu/Linaro 4.6.3-1ubuntu5' --with-bugurl=file:///usr/share/doc/gcc-4.6/README.Bugs --enable-languages=c,c++,fortran,objc,obj-c++ --prefix=/usr --program-suffix=-4.6 --enable-shared --enable-linker-build-id --with-system-zlib --libexecdir=/usr/lib --without-included-gettext --enable-threads=posix --with-gxx-include-dir=/usr/include/c++/4.6 --libdir=/usr/lib --enable-nls --with-sysroot=/ --enable-clocale=gnu --enable-libstdcxx-debug --enable-libstdcxx-time=yes --enable-gnu-unique-object --enable-plugin --enable-objc-gc --disable-werror --with-arch-32=i686 --with-tune=generic --enable-checking=release --build=x86_64-linux-gnu --host=x86_64-linux-gnu --target=x86_64-linux-gnu
Thread model: posix
gcc version 4.6.3 (Ubuntu/Linaro 4.6.3-1ubuntu5) 
configure:2672: $? = 0
configure:2661: cc -V >&5
cc: error: unrecognized option '-V'
cc: fatal error: no input files
compilation terminated.
configure:2672: $? = 4
configure:2661: cc -qversion >&5
cc: error: unrecognized option '-qversion'
cc: fatal error: no input files
compilation terminated.
configure:2672: $? = 4
configure:2692: checking whether the C compiler works
configure:2714: cc    conftest.c  >&5
configure:2718: $? = 0
configure:2766: result: yes
configure:2769: checking for C compiler default output file name
configure:2771: result: a.out
configure:2777: checking for suffix of executables
configure:2784: cc -o conftest    conftest.c  >&5
configure:2788: $? = 0
configure:2810: result: 
configure:2832: checking whether we are cross compiling
configure:2840: cc -o conftest    conftest.c  >&5
configure:2844: $? = 0
configure:2851: ./conftest
configure:2855: $? = 0
configure:2870: result: no
configure:2875: checking for suffix of object files
configure:2897: cc -c   conftest.c >&5
configure:2901: $? = 0
configure:2922: result: o
configure:2926: checking whether we are using the GNU C compiler
configure:2945: cc -c   conftest.c >&5
configure:2945: $? = 0
configure:2954: result: yes
configure:2963: checking whether cc accepts -g
configure:2983: cc -c -g  conftest.c >&5
configure:2983: $? = 0
configure:3024: result: yes
configure:3041: checking for cc option to accept ISO C89
configure:3105: cc  -c -g -O2  conftest.c >&5
configure:3105: $? = 0
configure:3118: result: none needed
configure:3144: checking how to run the C preprocessor
configure:3175: cc -E  conftest.c
configure:3175: $? = 0
configure:3189: cc -E  conftest.c
conftest.c:9:28: fatal error: ac_nonexistent.h: No such file or directory
compilation terminated.
configure:3189: $? = 1
configure: failed program was:
| /* confdefs.h */
| #define PACKAGE_NAME ""
| #define PACKAGE_TARNAME ""
| #define PACKAGE_VERSION ""
| #define PACKAGE_STRING ""
| #define PACKAGE_BUGREPORT ""
| #define PACKAGE_URL ""
| /* end confdefs.h.  */
| #include <ac_nonexistent.h>
configure:3214: result: cc -E
configure:3234: cc -E  conftest.c
configure:3234: $? = 0
configure:3248: cc -E  conftest.c
conftest.c:9:28: fatal error: ac_nonexistent.h: No such file or directory
compilation terminated.
configure:3248: $? = 1
configure: failed program was:
| /* confdefs.h */
| #define PACKAGE_NAME ""
| #define PACKAGE_TARNAME ""
| #define PACKAGE_VERSION ""
| #define PACKAGE_STRING ""
| #define PACKAGE_BUGREPORT ""
| #define PACKAGE_URL ""
| /* end confdefs.h.  */
| #include <ac_nonexistent.h>
configure:3279: checking for icc
configure:3288: result: no
configure:3302: checking for suncc
configure:3311: result: no
configure:3329: checking whether cc understands -c and -o together
configure:3357: cc -c conftest.c -o conftest2.o >&5
configure:3361: $? = 0
configure:3367: cc -c conftest.c -o conftest2.o >&5
configure:3371: $? = 0
configure:3426: result: yes
configure:3440: checking for system library directory
configure:3455: result: lib
configure:3462: checking if compiler supports -R
configure:3481: cc -o conftest -g -O2   conftest.c -R /usr/lib  >&5
cc: error: unrecognized option '-R'
configure:3481: $? = 1
configure: failed program was:
| /* confdefs.h */
| #define PACKAGE_NAME ""
| #define PACKAGE_TARNAME ""
| #define PACKAGE_VERSION ""
| #define PACKAGE_STRING ""
| #define PACKAGE_BUGREPORT ""
| #define PACKAGE_URL ""
| /* end confdefs.h.  */
| 
| int
| main ()
| {
| 
|   ;
|   return 0;
| }
configure:3491: result: no
configure:3496: checking if compiler supports -Wl,-rpath,
configure:3515: cc -o conftest -g -O2   conftest.c -Wl,-rpath,/usr/lib  >&5
configure:3515: $? = 0
configure:3525: result: yes
configure:3570: checking build system type
configure:3584: result: x86_64-unknown-linux-gnu
configure:3604: checking host system type
configure:3617: result: x86_64-unknown-linux-gnu
configure:3637: checking target system type
configure:3650: result: x86_64-unknown-linux-gnu
configure:3753: checking for PHP prefix
configure:3755: result: /usr/local/php56
configure:3757: checking for PHP includes
configure:3759: result: -I/usr/local/php56/include/php -I/usr/local/php56/include/php/main -I/usr/local/php56/include/php/TSRM -I/usr/local/php56/include/php/Zend -I/usr/local/php56/include/php/ext -I/usr/local/php56/include/php/ext/date/lib
configure:3761: checking for PHP extension directory
configure:3763: result: /usr/local/php56/lib/php/extensions/no-debug-non-zts-20131226
configure:3765: checking for PHP installed headers prefix
configure:3767: result: /usr/local/php56/include/php
configure:3770: checking if debug is enabled
configure:3796: result: no
configure:3799: checking if zts is enabled
configure:3825: result: no
configure:3896: checking for re2c
configure:3926: result: no
configure:3951: WARNING: You will need re2c 0.13.4 or later if you want to regenerate PHP parsers.
configure:3965: checking for gawk
configure:3982: found /usr/bin/gawk
configure:3993: result: gawk
configure:4036: checking whether to enable yaf support
configure:4075: result: yes, shared
configure:4101: checking PHP version
configure:4127: result: 5.6.2, ok
configure:4638: checking for ld used by cc
configure:4705: result: /usr/bin/ld
configure:4712: checking if the linker (/usr/bin/ld) is GNU ld
configure:4727: result: yes
configure:4732: checking for /usr/bin/ld option to reload object files
configure:4739: result: -r
configure:4757: checking for BSD-compatible nm
configure:4806: result: /usr/bin/nm -B
configure:4810: checking whether ln -s works
configure:4814: result: yes
configure:4821: checking how to recognize dependent libraries
configure:5007: result: pass_all
configure:5092: cc -c -g -O2  conftest.c >&5
configure:5095: $? = 0
configure:5225: checking for ANSI C header files
configure:5245: cc -c -g -O2  conftest.c >&5
configure:5245: $? = 0
configure:5318: cc -o conftest -g -O2   conftest.c  >&5
configure:5318: $? = 0
configure:5318: ./conftest
configure:5318: $? = 0
configure:5329: result: yes
configure:5342: checking for sys/types.h
configure:5342: cc -c -g -O2  conftest.c >&5
configure:5342: $? = 0
configure:5342: result: yes
configure:5342: checking for sys/stat.h
configure:5342: cc -c -g -O2  conftest.c >&5
configure:5342: $? = 0
configure:5342: result: yes
configure:5342: checking for stdlib.h
configure:5342: cc -c -g -O2  conftest.c >&5
configure:5342: $? = 0
configure:5342: result: yes
configure:5342: checking for string.h
configure:5342: cc -c -g -O2  conftest.c >&5
configure:5342: $? = 0
configure:5342: result: yes
configure:5342: checking for memory.h
configure:5342: cc -c -g -O2  conftest.c >&5
configure:5342: $? = 0
configure:5342: result: yes
configure:5342: checking for strings.h
configure:5342: cc -c -g -O2  conftest.c >&5
configure:5342: $? = 0
configure:5342: result: yes
configure:5342: checking for inttypes.h
configure:5342: cc -c -g -O2  conftest.c >&5
configure:5342: $? = 0
configure:5342: result: yes
configure:5342: checking for stdint.h
configure:5342: cc -c -g -O2  conftest.c >&5
configure:5342: $? = 0
configure:5342: result: yes
configure:5342: checking for unistd.h
configure:5342: cc -c -g -O2  conftest.c >&5
configure:5342: $? = 0
configure:5342: result: yes
configure:5356: checking dlfcn.h usability
configure:5356: cc -c -g -O2  conftest.c >&5
configure:5356: $? = 0
configure:5356: result: yes
configure:5356: checking dlfcn.h presence
configure:5356: cc -E  conftest.c
configure:5356: $? = 0
configure:5356: result: yes
configure:5356: checking for dlfcn.h
configure:5356: result: yes
configure:5378: checking the maximum length of command line arguments
configure:5490: result: 1572864
configure:5502: checking command to parse /usr/bin/nm -B output from cc object
configure:5607: cc -c -g -O2  conftest.c >&5
configure:5610: $? = 0
configure:5614: /usr/bin/nm -B conftest.o \| sed -n -e 's/^.*[ 	]\([ABCDGIRSTW][ABCDGIRSTW]*\)[ 	][ 	]*\([_A-Za-z][_A-Za-z0-9]*\)$/\1 \2 \2/p' \> conftest.nm
configure:5617: $? = 0
configure:5669: cc -o conftest -g -O2   conftest.c conftstm.o >&5
configure:5672: $? = 0
configure:5710: result: ok
configure:5714: checking for objdir
configure:5729: result: .libs
configure:5821: checking for ar
configure:5837: found /usr/bin/ar
configure:5848: result: ar
configure:5913: checking for ranlib
configure:5929: found /usr/bin/ranlib
configure:5940: result: ranlib
configure:6005: checking for strip
configure:6021: found /usr/bin/strip
configure:6032: result: strip
configure:6601: checking if cc supports -fno-rtti -fno-exceptions
configure:6619: cc -c -g -O2  -fno-rtti -fno-exceptions conftest.c >&5
cc1: warning: command line option '-fno-rtti' is valid for C++/ObjC++ but not for C [enabled by default]
configure:6623: $? = 0
configure:6636: result: no
configure:6651: checking for cc option to produce PIC
configure:6891: result: -fPIC
configure:6899: checking if cc PIC flag -fPIC works
configure:6917: cc -c -g -O2  -fPIC -DPIC conftest.c >&5
configure:6921: $? = 0
configure:6934: result: yes
configure:6962: checking if cc static flag -static works
configure:6990: result: yes
configure:7000: checking if cc supports -c -o file.o
configure:7021: cc -c -g -O2  -o out/conftest2.o conftest.c >&5
configure:7025: $? = 0
configure:7047: result: yes
configure:7073: checking whether the cc linker (/usr/bin/ld -m elf_x86_64) supports shared libraries
configure:8001: result: yes
configure:8022: checking whether -lc should be explicitly linked in
configure:8027: cc -c -g -O2  conftest.c >&5
configure:8030: $? = 0
configure:8045: cc -shared conftest.o  -v -Wl,-soname -Wl,conftest -o conftest 2\>\&1 \| grep  -lc  \>/dev/null 2\>\&1
configure:8048: $? = 0
configure:8060: result: no
configure:8068: checking dynamic linker characteristics
configure:8666: result: GNU/Linux ld.so
configure:8690: checking how to hardcode library paths into programs
configure:8715: result: immediate
configure:8729: checking whether stripping libraries is possible
configure:8734: result: yes
configure:9251: checking if libtool supports shared libraries
configure:9253: result: yes
configure:9256: checking whether to build shared libraries
configure:9277: result: yes
configure:9280: checking whether to build static libraries
configure:9284: result: no
configure:9379: result:
creating libtool
configure:13078: creating ./config.status

## ---------------------- ##
## Running config.status. ##
## ---------------------- ##

This file was extended by config.status, which was
generated by GNU Autoconf 2.69.  Invocation command line was

  CONFIG_FILES    = 
  CONFIG_HEADERS  = 
  CONFIG_LINKS    = 
  CONFIG_COMMANDS = 
  $ ./config.status 

on ljp

config.status:689: creating config.h
config.status:779: config.h is unchanged

## ---------------- ##
## Cache variables. ##
## ---------------- ##

ac_cv_build=x86_64-apple-darwin14.1.0
ac_cv_c_compiler_gnu=yes
ac_cv_env_CC_set=
ac_cv_env_CC_value=
ac_cv_env_CFLAGS_set=
ac_cv_env_CFLAGS_value=
ac_cv_env_CPPFLAGS_set=
ac_cv_env_CPPFLAGS_value=
ac_cv_env_CPP_set=
ac_cv_env_CPP_value=
ac_cv_env_LDFLAGS_set=
ac_cv_env_LDFLAGS_value=
ac_cv_env_LIBS_set=
ac_cv_env_LIBS_value=
ac_cv_env_build_alias_set=
ac_cv_env_build_alias_value=
ac_cv_env_host_alias_set=
ac_cv_env_host_alias_value=
ac_cv_env_target_alias_set=
ac_cv_env_target_alias_value=
ac_cv_header_dlfcn_h=yes
ac_cv_header_inttypes_h=yes
ac_cv_header_memory_h=yes
ac_cv_header_stdc=yes
ac_cv_header_stdint_h=yes
ac_cv_header_stdlib_h=yes
ac_cv_header_string_h=yes
ac_cv_header_strings_h=yes
ac_cv_header_sys_stat_h=yes
ac_cv_header_sys_types_h=yes
ac_cv_header_unistd_h=yes
ac_cv_host=x86_64-apple-darwin14.1.0
ac_cv_objext=o
ac_cv_path_EGREP='/bin/grep -E'
ac_cv_path_GREP=/bin/grep
ac_cv_prog_AWK=gawk
ac_cv_prog_CPP='cc -E'
ac_cv_prog_ac_ct_AR=ar
ac_cv_prog_ac_ct_CC=cc
ac_cv_prog_ac_ct_RANLIB=ranlib
ac_cv_prog_ac_ct_STRIP=strip
ac_cv_prog_cc_c89=
ac_cv_prog_cc_cc_c_o=yes
ac_cv_prog_cc_g=yes
ac_cv_target=x86_64-unknown-linux-gnu
lt_cv_deplibs_check_method=pass_all
lt_cv_file_magic_cmd='$MAGIC_CMD'
lt_cv_file_magic_test_file=
lt_cv_ld_exported_symbols_list=yes
lt_cv_ld_reload_flag=-r
lt_cv_objdir=.libs
lt_cv_path_LD=/usr/bin/ld
lt_cv_path_NM='/usr/bin/nm -B'
lt_cv_path_SED=/bin/sed
lt_cv_prog_compiler_c_o=yes
lt_cv_prog_compiler_pic_works=yes
lt_cv_prog_compiler_rtti_exceptions=no
lt_cv_prog_compiler_static_works=yes
lt_cv_prog_gnu_ld=yes
lt_cv_sys_global_symbol_pipe='sed -n -e '\''s/^.*[ 	]\([ABCDGIRSTW][ABCDGIRSTW]*\)[ 	][ 	]*\([_A-Za-z][_A-Za-z0-9]*\)$/\1 \2 \2/p'\'''
lt_cv_sys_global_symbol_to_c_name_address='sed -n -e '\''s/^: \([^ ]*\) $/  {\"\1\", (lt_ptr) 0},/p'\'' -e '\''s/^[BCDEGRST] \([^ ]*\) \([^ ]*\)$/  {"\2", (lt_ptr) \&\2},/p'\'''
lt_cv_sys_global_symbol_to_cdecl='sed -n -e '\''s/^. .* \(.*\)$/extern int \1;/p'\'''
lt_cv_sys_lib_dlsearch_path_spec='/lib /usr/lib /usr/lib/i386-linux-gnu/mesa /lib/i386-linux-gnu /usr/lib/i386-linux-gnu /lib/i686-linux-gnu /usr/lib/i686-linux-gnu /usr/local/lib /lib/x86_64-linux-gnu /usr/lib/x86_64-linux-gnu /usr/lib/x86_64-linux-gnu/mesa '
lt_cv_sys_lib_search_path_spec='/usr/lib/gcc/x86_64-linux-gnu/4.6 /usr/lib/x86_64-linux-gnu /usr/lib /lib/x86_64-linux-gnu /lib'
lt_cv_sys_max_cmd_len=1572864
lt_lt_cv_prog_compiler_c_o='"yes"'
lt_lt_cv_sys_global_symbol_pipe='"sed -n -e '\''s/^.*[ 	]\\([ABCDGIRSTW][ABCDGIRSTW]*\\)[ 	][ 	]*\\([_A-Za-z][_A-Za-z0-9]*\\)\$/\\1 \\2 \\2/p'\''"'
lt_lt_cv_sys_global_symbol_to_c_name_address='"sed -n -e '\''s/^: \\([^ ]*\\) \$/  {\\\"\\1\\\", (lt_ptr) 0},/p'\'' -e '\''s/^[BCDEGRST] \\([^ ]*\\) \\([^ ]*\\)\$/  {\"\\2\", (lt_ptr) \\&\\2},/p'\''"'
lt_lt_cv_sys_global_symbol_to_cdecl='"sed -n -e '\''s/^. .* \\(.*\\)\$/extern int \\1;/p'\''"'
php_cv_cc_dashr=no
php_cv_cc_rpath=yes

## ----------------- ##
## Output variables. ##
## ----------------- ##

AR='ar'
AWK='awk'
CC='cc'
CFLAGS='-g -O2'
CONFIGURE_COMMAND=' '\''./configure'\''  '\''--with-php-config=/usr/local/php56/bin/php-config'\'''
CONFIGURE_OPTIONS=' '\''--with-php-config=/usr/local/php56/bin/php-config'\'''
CPP='cc -E'
CPPFLAGS=' -DHAVE_CONFIG_H'
DEFS='-DHAVE_CONFIG_H'
DSYMUTIL=''
ECHO='echo'
ECHO_C=''
ECHO_N='-n'
ECHO_T=''
EGREP='/usr/bin/grep -E'
EXEEXT=''
GREP='/bin/grep'
LDFLAGS=''
LIBOBJS=''
LIBS=''
LIBTOOL='$(SHELL) $(top_builddir)/libtool'
LN_S='ln -s'
LTLIBOBJS=''
NMEDIT=''
OBJEXT='o'
PACKAGE_BUGREPORT=''
PACKAGE_NAME=''
PACKAGE_STRING=''
PACKAGE_TARNAME=''
PACKAGE_URL=''
PACKAGE_VERSION=''
PATH_SEPARATOR=':'
RANLIB='ranlib'
RE2C='exit 0;'
SED='/bin/sed'
SHELL='/bin/bash'
SHLIB_DL_SUFFIX_NAME='so'
SHLIB_SUFFIX_NAME='dylib'
STRIP='strip'
ac_ct_CC='cc'
bindir='${exec_prefix}/bin'
build='x86_64-apple-darwin14.1.0'
build_alias=''
build_cpu='x86_64'
build_os='darwin14.1.0'
build_vendor='apple'
datadir='${datarootdir}'
datarootdir='${prefix}/share'
docdir='${datarootdir}/doc/${PACKAGE}'
dvidir='${docdir}'
exec_prefix='$(prefix)'
host='x86_64-apple-darwin14.1.0'
host_alias='x86_64-apple-darwin14.1.0'
host_cpu='x86_64'
host_os='darwin14.1.0'
host_vendor='apple'
htmldir='${docdir}'
includedir='${prefix}/include'
infodir='${datarootdir}/info'
libdir='${exec_prefix}/lib'
libexecdir='${exec_prefix}/libexec'
localedir='${datarootdir}/locale'
localstatedir='${prefix}/var'
mandir='${datarootdir}/man'
oldincludedir='/usr/include'
pdfdir='${docdir}'
prefix='/usr/local/php56'
program_transform_name='s,x,x,'
psdir='${docdir}'
sbindir='${exec_prefix}/sbin'
sharedstatedir='${prefix}/com'
sysconfdir='${prefix}/etc'
target='x86_64-apple-darwin14.1.0'
target_alias=''
target_cpu='x86_64'
target_os='darwin14.1.0'
target_vendor='apple'

## ----------- ##
## confdefs.h. ##
## ----------- ##

/* confdefs.h */
#define PACKAGE_NAME ""
#define PACKAGE_TARNAME ""
#define PACKAGE_VERSION ""
#define PACKAGE_STRING ""
#define PACKAGE_BUGREPORT ""
#define PACKAGE_URL ""
#define PHP_YAF_DEBUG 0
#define COMPILE_DL_YAF 1
#define STDC_HEADERS 1
#define HAVE_SYS_TYPES_H 1
#define HAVE_SYS_STAT_H 1
#define HAVE_STDLIB_H 1
#define HAVE_STRING_H 1
#define HAVE_MEMORY_H 1
#define HAVE_STRINGS_H 1
#define HAVE_INTTYPES_H 1
#define HAVE_STDINT_H 1
#define HAVE_UNISTD_H 1
#define HAVE_DLFCN_H 1

configure: exit 0
