06-15 17:20:10.907   1406   I   TaskController:{"uuid":"E0E28031DD9F4750B595285443B425F4",",gameId=":"240","0":",clientVersion=1.5.6.a"}
06-15 17:20:10.994   1406   I   TaskController:{"festivalId":"1"}
06-15 17:20:10.995   1406   I   TaskController:{"festivalId":"检查客户端版本的结果=1"}
06-15 17:20:36.726   1408   I   TaskController:{"uuid":"E0E28031DD9F4750B595285443B425F4",",gameId=":"240","0":",clientVersion=1.5.6.a"}
06-15 17:20:36.739   1408   I   TaskController:{"festivalId":"1"}
06-15 17:20:36.739   1408   I   TaskController:{"festivalId":"检查客户端版本的结果=1"}
06-15 17:21:05.371   1400   I   TaskController:{"uuid":"E0E28031DD9F4750B595285443B425F4",",gameId=":"240","0":",clientVersion=1.5.6.a"}
06-15 17:21:05.387   1400   I   TaskController:{"festivalId":"1"}
06-15 17:21:05.387   1400   I   TaskController:{"festivalId":"检查客户端版本的结果=1"}
06-15 17:21:05.387   1400   I   TaskController:{"isReceiveProps":"是否领取此游戏的道具="}
06-15 17:21:05.462   1400   I   TaskController:{"propIds":"获取游戏的能得到的道具=1,2,3"}
06-15 17:21:16.762   1402   I   TaskController:{"uuid":"E0E28031DD9F4750B595285443B425F4",",gameId=":"240","0":",clientVersion=1.5.6.a"}
06-15 17:21:16.775   1402   I   TaskController:{"festivalId":"1"}
06-15 17:21:16.775   1402   I   TaskController:{"festivalId":"检查客户端版本的结果=1"}
06-15 17:21:16.776   1402   I   TaskController:{"propIds":"获取游戏的能得到的道具=1,2,3"}
06-15 17:21:34.388   1404   I   TaskController:{"uuid":"E0E28031DD9F4750B595285443B425F4",",gameId=":"240","0":",clientVersion=1.5.6.a"}
06-15 17:21:34.401   1404   I   TaskController:{"festivalId":"1"}
06-15 17:21:34.401   1404   I   TaskController:{"festivalId":"检查客户端版本的结果=1"}
06-15 17:21:34.402   1404   I   TaskController:{"propIds":"获取游戏的能得到的道具=1,2,3"}
06-15 17:22:24.143   1406   I   TaskController:{"uuid":"E0E28031DD9F4750B595285443B425F4",",gameId=":"240","0":",clientVersion=1.5.6.a"}
06-15 17:22:24.156   1406   I   TaskController:{"festivalId":"1"}
06-15 17:22:24.157   1406   I   TaskController:{"festivalId":"检查客户端版本的结果=1"}
06-15 17:22:24.157   1406   I   TaskController:{"propIds":"获取游戏的能得到的道具=1,2,3"}
06-15 17:22:26.210   1408   I   TaskController:{"uuid":"E0E28031DD9F4750B595285443B425F4",",gameId=":"240","0":",clientVersion=1.5.6.a"}
06-15 17:22:26.223   1408   I   TaskController:{"festivalId":"1"}
06-15 17:22:26.223   1408   I   TaskController:{"festivalId":"检查客户端版本的结果=1"}
06-15 17:22:26.224   1408   I   TaskController:{"propIds":"获取游戏的能得到的道具=1,2,3"}
06-15 17:22:28.332   1400   I   TaskController:{"uuid":"E0E28031DD9F4750B595285443B425F4",",gameId=":"240","0":",clientVersion=1.5.6.a"}
06-15 17:22:28.346   1400   I   TaskController:{"festivalId":"1"}
06-15 17:22:28.347   1400   I   TaskController:{"festivalId":"检查客户端版本的结果=1"}
06-15 17:22:28.347   1400   I   TaskController:{"propIds":"获取游戏的能得到的道具=1,2,3"}
06-15 17:22:29.918   1402   I   TaskController:{"uuid":"E0E28031DD9F4750B595285443B425F4",",gameId=":"240","0":",clientVersion=1.5.6.a"}
06-15 17:22:29.931   1402   I   TaskController:{"festivalId":"1"}
06-15 17:22:29.932   1402   I   TaskController:{"festivalId":"检查客户端版本的结果=1"}
06-15 17:22:29.933   1402   I   TaskController:{"propIds":"获取游戏的能得到的道具=1,2,3"}
06-15 17:22:30.577   1404   I   TaskController:{"uuid":"E0E28031DD9F4750B595285443B425F4",",gameId=":"240","0":",clientVersion=1.5.6.a"}
06-15 17:22:30.592   1404   I   TaskController:{"festivalId":"1"}
06-15 17:22:30.592   1404   I   TaskController:{"festivalId":"检查客户端版本的结果=1"}
06-15 17:22:30.593   1404   I   TaskController:{"propIds":"获取游戏的能得到的道具=1,2,3"}
06-15 17:22:31.012   1406   I   TaskController:{"uuid":"E0E28031DD9F4750B595285443B425F4",",gameId=":"240","0":",clientVersion=1.5.6.a"}
06-15 17:22:31.026   1406   I   TaskController:{"festivalId":"1"}
06-15 17:22:31.026   1406   I   TaskController:{"festivalId":"检查客户端版本的结果=1"}
06-15 17:22:31.027   1406   I   TaskController:{"propIds":"获取游戏的能得到的道具=1,2,3"}
06-15 17:22:31.858   1408   I   TaskController:{"uuid":"E0E28031DD9F4750B595285443B425F4",",gameId=":"240","0":",clientVersion=1.5.6.a"}
06-15 17:22:31.859   1408   I   TaskController:{"festivalId":"1"}
06-15 17:22:31.859   1408   I   TaskController:{"festivalId":"检查客户端版本的结果=1"}
06-15 17:22:31.860   1408   I   TaskController:{"propIds":"获取游戏的能得到的道具=1,2,3"}
06-15 17:22:32.821   1400   I   TaskController:{"uuid":"E0E28031DD9F4750B595285443B425F4",",gameId=":"240","0":",clientVersion=1.5.6.a"}
06-15 17:22:32.836   1400   I   TaskController:{"festivalId":"1"}
06-15 17:22:32.836   1400   I   TaskController:{"festivalId":"检查客户端版本的结果=1"}
06-15 17:22:32.837   1400   I   TaskController:{"propIds":"获取游戏的能得到的道具=1,2,3"}
06-15 17:23:14.510   1402   I   TaskController:{"uuid":"E0E28031DD9F4750B595285443B425F4",",gameId=":"240","0":",clientVersion=1.5.6.a"}
06-15 17:23:14.523   1402   I   TaskController:{"festivalId":"1"}
06-15 17:23:14.524   1402   I   TaskController:{"festivalId":"检查客户端版本的结果=1"}
06-15 17:23:14.525   1402   I   TaskController:{"propIds":"获取游戏的能得到的道具=1,2,3"}
06-15 17:23:15.595   1404   I   TaskController:{"uuid":"E0E28031DD9F4750B595285443B425F4",",gameId=":"240","0":",clientVersion=1.5.6.a"}
06-15 17:23:15.612   1404   I   TaskController:{"festivalId":"1"}
06-15 17:23:15.612   1404   I   TaskController:{"festivalId":"检查客户端版本的结果=1"}
06-15 17:23:15.613   1404   I   TaskController:{"propIds":"获取游戏的能得到的道具=1,2,3"}
06-15 17:23:16.393   1406   I   TaskController:{"uuid":"E0E28031DD9F4750B595285443B425F4",",gameId=":"240","0":",clientVersion=1.5.6.a"}
06-15 17:23:16.408   1406   I   TaskController:{"festivalId":"1"}
06-15 17:23:16.408   1406   I   TaskController:{"festivalId":"检查客户端版本的结果=1"}
06-15 17:23:16.409   1406   I   TaskController:{"propIds":"获取游戏的能得到的道具=1,2,3"}
06-15 17:23:16.829   1408   I   TaskController:{"uuid":"E0E28031DD9F4750B595285443B425F4",",gameId=":"240","0":",clientVersion=1.5.6.a"}
06-15 17:23:16.830   1408   I   TaskController:{"festivalId":"1"}
06-15 17:23:16.830   1408   I   TaskController:{"festivalId":"检查客户端版本的结果=1"}
06-15 17:23:16.831   1408   I   TaskController:{"propIds":"获取游戏的能得到的道具=1,2,3"}
06-15 17:23:17.140   1400   I   TaskController:{"uuid":"E0E28031DD9F4750B595285443B425F4",",gameId=":"240","0":",clientVersion=1.5.6.a"}
06-15 17:23:17.153   1400   I   TaskController:{"festivalId":"1"}
06-15 17:23:17.153   1400   I   TaskController:{"festivalId":"检查客户端版本的结果=1"}
06-15 17:23:17.154   1400   I   TaskController:{"propIds":"获取游戏的能得到的道具=1,2,3"}
06-15 17:23:17.373   1402   I   TaskController:{"uuid":"E0E28031DD9F4750B595285443B425F4",",gameId=":"240","0":",clientVersion=1.5.6.a"}
06-15 17:23:17.374   1402   I   TaskController:{"festivalId":"1"}
06-15 17:23:17.375   1402   I   TaskController:{"festivalId":"检查客户端版本的结果=1"}
06-15 17:23:17.375   1402   I   TaskController:{"propIds":"获取游戏的能得到的道具=1,2,3"}
06-15 17:23:17.554   1404   I   TaskController:{"uuid":"E0E28031DD9F4750B595285443B425F4",",gameId=":"240","0":",clientVersion=1.5.6.a"}
06-15 17:23:17.555   1404   I   TaskController:{"festivalId":"1"}
06-15 17:23:17.555   1404   I   TaskController:{"festivalId":"检查客户端版本的结果=1"}
06-15 17:23:17.556   1404   I   TaskController:{"propIds":"获取游戏的能得到的道具=1,2,3"}
06-15 17:23:17.744   1406   I   TaskController:{"uuid":"E0E28031DD9F4750B595285443B425F4",",gameId=":"240","0":",clientVersion=1.5.6.a"}
06-15 17:23:17.745   1406   I   TaskController:{"festivalId":"1"}
06-15 17:23:17.745   1406   I   TaskController:{"festivalId":"检查客户端版本的结果=1"}
06-15 17:23:17.746   1406   I   TaskController:{"propIds":"获取游戏的能得到的道具=1,2,3"}
06-15 17:23:17.913   1408   I   TaskController:{"uuid":"E0E28031DD9F4750B595285443B425F4",",gameId=":"240","0":",clientVersion=1.5.6.a"}
06-15 17:23:17.914   1408   I   TaskController:{"festivalId":"1"}
06-15 17:23:17.914   1408   I   TaskController:{"festivalId":"检查客户端版本的结果=1"}
06-15 17:23:17.915   1408   I   TaskController:{"propIds":"获取游戏的能得到的道具=1,2,3"}
06-15 17:23:18.095   1400   I   TaskController:{"uuid":"E0E28031DD9F4750B595285443B425F4",",gameId=":"240","0":",clientVersion=1.5.6.a"}
06-15 17:23:18.109   1400   I   TaskController:{"festivalId":"1"}
06-15 17:23:18.109   1400   I   TaskController:{"festivalId":"检查客户端版本的结果=1"}
06-15 17:23:18.110   1400   I   TaskController:{"propIds":"获取游戏的能得到的道具=1,2,3"}
06-15 17:23:18.268   1402   I   TaskController:{"uuid":"E0E28031DD9F4750B595285443B425F4",",gameId=":"240","0":",clientVersion=1.5.6.a"}
06-15 17:23:18.269   1402   I   TaskController:{"festivalId":"1"}
06-15 17:23:18.269   1402   I   TaskController:{"festivalId":"检查客户端版本的结果=1"}
06-15 17:23:18.270   1402   I   TaskController:{"propIds":"获取游戏的能得到的道具=1,2,3"}
06-15 17:23:18.452   1404   I   TaskController:{"uuid":"E0E28031DD9F4750B595285443B425F4",",gameId=":"240","0":",clientVersion=1.5.6.a"}
06-15 17:23:18.453   1404   I   TaskController:{"festivalId":"1"}
06-15 17:23:18.453   1404   I   TaskController:{"festivalId":"检查客户端版本的结果=1"}
06-15 17:23:18.454   1404   I   TaskController:{"propIds":"获取游戏的能得到的道具=1,2,3"}
06-15 17:23:18.679   1406   I   TaskController:{"uuid":"E0E28031DD9F4750B595285443B425F4",",gameId=":"240","0":",clientVersion=1.5.6.a"}
06-15 17:23:18.679   1406   I   TaskController:{"festivalId":"1"}
06-15 17:23:18.680   1406   I   TaskController:{"festivalId":"检查客户端版本的结果=1"}
06-15 17:23:18.680   1406   I   TaskController:{"propIds":"获取游戏的能得到的道具=1,2,3"}
06-15 17:23:18.865   1408   I   TaskController:{"uuid":"E0E28031DD9F4750B595285443B425F4",",gameId=":"240","0":",clientVersion=1.5.6.a"}
06-15 17:23:18.866   1408   I   TaskController:{"festivalId":"1"}
06-15 17:23:18.866   1408   I   TaskController:{"festivalId":"检查客户端版本的结果=1"}
06-15 17:23:18.867   1408   I   TaskController:{"propIds":"获取游戏的能得到的道具=1,2,3"}
06-15 17:23:19.066   1400   I   TaskController:{"uuid":"E0E28031DD9F4750B595285443B425F4",",gameId=":"240","0":",clientVersion=1.5.6.a"}
06-15 17:23:19.080   1400   I   TaskController:{"festivalId":"1"}
06-15 17:23:19.080   1400   I   TaskController:{"festivalId":"检查客户端版本的结果=1"}
06-15 17:23:19.081   1400   I   TaskController:{"propIds":"获取游戏的能得到的道具=1,2,3"}
06-15 17:23:19.261   1402   I   TaskController:{"uuid":"E0E28031DD9F4750B595285443B425F4",",gameId=":"240","0":",clientVersion=1.5.6.a"}
06-15 17:23:19.262   1402   I   TaskController:{"festivalId":"1"}
06-15 17:23:19.262   1402   I   TaskController:{"festivalId":"检查客户端版本的结果=1"}
06-15 17:23:19.263   1402   I   TaskController:{"propIds":"获取游戏的能得到的道具=1,2,3"}
06-15 17:23:19.468   1404   I   TaskController:{"uuid":"E0E28031DD9F4750B595285443B425F4",",gameId=":"240","0":",clientVersion=1.5.6.a"}
06-15 17:23:19.469   1404   I   TaskController:{"festivalId":"1"}
06-15 17:23:19.469   1404   I   TaskController:{"festivalId":"检查客户端版本的结果=1"}
06-15 17:23:19.470   1404   I   TaskController:{"propIds":"获取游戏的能得到的道具=1,2,3"}
06-15 17:23:19.696   1406   I   TaskController:{"uuid":"E0E28031DD9F4750B595285443B425F4",",gameId=":"240","0":",clientVersion=1.5.6.a"}
06-15 17:23:19.697   1406   I   TaskController:{"festivalId":"1"}
06-15 17:23:19.697   1406   I   TaskController:{"festivalId":"检查客户端版本的结果=1"}
06-15 17:23:19.698   1406   I   TaskController:{"propIds":"获取游戏的能得到的道具=1,2,3"}
06-15 17:23:19.887   1408   I   TaskController:{"uuid":"E0E28031DD9F4750B595285443B425F4",",gameId=":"240","0":",clientVersion=1.5.6.a"}
06-15 17:23:19.888   1408   I   TaskController:{"festivalId":"1"}
06-15 17:23:19.888   1408   I   TaskController:{"festivalId":"检查客户端版本的结果=1"}
06-15 17:23:19.889   1408   I   TaskController:{"propIds":"获取游戏的能得到的道具=1,2,3"}
06-15 17:23:20.079   1400   I   TaskController:{"uuid":"E0E28031DD9F4750B595285443B425F4",",gameId=":"240","0":",clientVersion=1.5.6.a"}
06-15 17:23:20.094   1400   I   TaskController:{"festivalId":"1"}
06-15 17:23:20.094   1400   I   TaskController:{"festivalId":"检查客户端版本的结果=1"}
06-15 17:23:20.095   1400   I   TaskController:{"propIds":"获取游戏的能得到的道具=1,2,3"}
06-15 17:23:49.927   1402   I   TaskController:{"uuid":"E0E28031DD9F4750B595285443B425F4",",gameId=":"240","0":",clientVersion=1.5.6.a"}
06-15 17:23:49.939   1402   I   TaskController:{"festivalId":"1"}
06-15 17:23:49.939   1402   I   TaskController:{"festivalId":"检查客户端版本的结果=1"}
06-15 17:23:49.940   1402   I   TaskController:{"propIds":"获取游戏的能得到的道具=1,2,3"}
06-15 17:23:50.789   1404   I   TaskController:{"uuid":"E0E28031DD9F4750B595285443B425F4",",gameId=":"240","0":",clientVersion=1.5.6.a"}
06-15 17:23:50.801   1404   I   TaskController:{"festivalId":"1"}
06-15 17:23:50.802   1404   I   TaskController:{"festivalId":"检查客户端版本的结果=1"}
06-15 17:23:50.802   1404   I   TaskController:{"propIds":"获取游戏的能得到的道具=1,2,3"}
06-15 17:23:51.133   1406   I   TaskController:{"uuid":"E0E28031DD9F4750B595285443B425F4",",gameId=":"240","0":",clientVersion=1.5.6.a"}
06-15 17:23:51.145   1406   I   TaskController:{"festivalId":"1"}
06-15 17:23:51.146   1406   I   TaskController:{"festivalId":"检查客户端版本的结果=1"}
06-15 17:23:51.148   1406   I   TaskController:{"propIds":"获取游戏的能得到的道具=1,2,3"}
06-15 17:23:51.333   1408   I   TaskController:{"uuid":"E0E28031DD9F4750B595285443B425F4",",gameId=":"240","0":",clientVersion=1.5.6.a"}
06-15 17:23:51.333   1408   I   TaskController:{"festivalId":"1"}
06-15 17:23:51.334   1408   I   TaskController:{"festivalId":"检查客户端版本的结果=1"}
06-15 17:23:51.334   1408   I   TaskController:{"propIds":"获取游戏的能得到的道具=1,2,3"}
06-15 17:24:02.184   1400   I   TaskController:{"uuid":"E0E28031DD9F4750B595285443B425F4",",gameId=":"240","0":",clientVersion=1.5.6.a"}
06-15 17:24:02.197   1400   I   TaskController:{"festivalId":"1"}
06-15 17:24:02.197   1400   I   TaskController:{"festivalId":"检查客户端版本的结果=1"}
06-15 17:24:02.198   1400   I   TaskController:{"propIds":"获取游戏的能得到的道具=1,2,3"}
06-15 17:24:02.653   1402   I   TaskController:{"uuid":"E0E28031DD9F4750B595285443B425F4",",gameId=":"240","0":",clientVersion=1.5.6.a"}
06-15 17:24:02.654   1402   I   TaskController:{"festivalId":"1"}
06-15 17:24:02.654   1402   I   TaskController:{"festivalId":"检查客户端版本的结果=1"}
06-15 17:24:02.655   1402   I   TaskController:{"propIds":"获取游戏的能得到的道具=1,2,3"}
06-15 17:24:02.855   1404   I   TaskController:{"uuid":"E0E28031DD9F4750B595285443B425F4",",gameId=":"240","0":",clientVersion=1.5.6.a"}
06-15 17:24:02.856   1404   I   TaskController:{"festivalId":"1"}
06-15 17:24:02.856   1404   I   TaskController:{"festivalId":"检查客户端版本的结果=1"}
06-15 17:24:02.857   1404   I   TaskController:{"propIds":"获取游戏的能得到的道具=1,2,3"}
06-15 17:24:03.058   1406   I   TaskController:{"uuid":"E0E28031DD9F4750B595285443B425F4",",gameId=":"240","0":",clientVersion=1.5.6.a"}
06-15 17:24:03.072   1406   I   TaskController:{"festivalId":"1"}
06-15 17:24:03.072   1406   I   TaskController:{"festivalId":"检查客户端版本的结果=1"}
06-15 17:24:03.073   1406   I   TaskController:{"propIds":"获取游戏的能得到的道具=1,2,3"}
06-15 17:24:03.271   1408   I   TaskController:{"uuid":"E0E28031DD9F4750B595285443B425F4",",gameId=":"240","0":",clientVersion=1.5.6.a"}
06-15 17:24:03.272   1408   I   TaskController:{"festivalId":"1"}
06-15 17:24:03.272   1408   I   TaskController:{"festivalId":"检查客户端版本的结果=1"}
06-15 17:24:03.273   1408   I   TaskController:{"propIds":"获取游戏的能得到的道具=1,2,3"}
06-15 17:24:03.468   1400   I   TaskController:{"uuid":"E0E28031DD9F4750B595285443B425F4",",gameId=":"240","0":",clientVersion=1.5.6.a"}
06-15 17:24:03.469   1400   I   TaskController:{"festivalId":"1"}
06-15 17:24:03.469   1400   I   TaskController:{"festivalId":"检查客户端版本的结果=1"}
06-15 17:24:03.470   1400   I   TaskController:{"propIds":"获取游戏的能得到的道具=1,2,3"}
06-15 17:24:03.636   1402   I   TaskController:{"uuid":"E0E28031DD9F4750B595285443B425F4",",gameId=":"240","0":",clientVersion=1.5.6.a"}
06-15 17:24:03.637   1402   I   TaskController:{"festivalId":"1"}
06-15 17:24:03.637   1402   I   TaskController:{"festivalId":"检查客户端版本的结果=1"}
06-15 17:24:03.638   1402   I   TaskController:{"propIds":"获取游戏的能得到的道具=1,2,3"}
06-15 17:24:03.818   1404   I   TaskController:{"uuid":"E0E28031DD9F4750B595285443B425F4",",gameId=":"240","0":",clientVersion=1.5.6.a"}
06-15 17:24:03.819   1404   I   TaskController:{"festivalId":"1"}
06-15 17:24:03.819   1404   I   TaskController:{"festivalId":"检查客户端版本的结果=1"}
06-15 17:24:03.820   1404   I   TaskController:{"propIds":"获取游戏的能得到的道具=1,2,3"}
06-15 17:24:04.011   1406   I   TaskController:{"uuid":"E0E28031DD9F4750B595285443B425F4",",gameId=":"240","0":",clientVersion=1.5.6.a"}
06-15 17:24:04.026   1406   I   TaskController:{"festivalId":"1"}
06-15 17:24:04.026   1406   I   TaskController:{"festivalId":"检查客户端版本的结果=1"}
06-15 17:24:04.027   1406   I   TaskController:{"propIds":"获取游戏的能得到的道具=1,2,3"}
06-15 17:24:04.182   1408   I   TaskController:{"uuid":"E0E28031DD9F4750B595285443B425F4",",gameId=":"240","0":",clientVersion=1.5.6.a"}
06-15 17:24:04.184   1408   I   TaskController:{"festivalId":"1"}
06-15 17:24:04.185   1408   I   TaskController:{"festivalId":"检查客户端版本的结果=1"}
06-15 17:24:04.185   1408   I   TaskController:{"propIds":"获取游戏的能得到的道具=1,2,3"}
06-15 17:24:04.363   1400   I   TaskController:{"uuid":"E0E28031DD9F4750B595285443B425F4",",gameId=":"240","0":",clientVersion=1.5.6.a"}
06-15 17:24:04.364   1400   I   TaskController:{"festivalId":"1"}
06-15 17:24:04.364   1400   I   TaskController:{"festivalId":"检查客户端版本的结果=1"}
06-15 17:24:04.365   1400   I   TaskController:{"propIds":"获取游戏的能得到的道具=1,2,3"}
06-15 17:27:58.060   1402   I   TaskController:{"uuid":"E0E28031DD9F4750B595285443B425F4",",gameId=":"240","0":",clientVersion=1.5.6.a"}
06-15 17:27:58.073   1402   I   TaskController:{"festivalId":"1"}
06-15 17:27:58.074   1402   I   TaskController:{"festivalId":"检查客户端版本的结果=1"}
06-15 17:27:58.074   1402   I   TaskController:{"propIds":"获取游戏的能得到的道具=1,2,3"}
06-15 17:27:59.043   1404   I   TaskController:{"uuid":"E0E28031DD9F4750B595285443B425F4",",gameId=":"240","0":",clientVersion=1.5.6.a"}
06-15 17:27:59.054   1404   I   TaskController:{"festivalId":"1"}
06-15 17:27:59.054   1404   I   TaskController:{"festivalId":"检查客户端版本的结果=1"}
06-15 17:27:59.055   1404   I   TaskController:{"propIds":"获取游戏的能得到的道具=1,2,3"}
06-15 17:27:59.542   1406   I   TaskController:{"uuid":"E0E28031DD9F4750B595285443B425F4",",gameId=":"240","0":",clientVersion=1.5.6.a"}
06-15 17:27:59.543   1406   I   TaskController:{"festivalId":"1"}
06-15 17:27:59.543   1406   I   TaskController:{"festivalId":"检查客户端版本的结果=1"}
06-15 17:27:59.544   1406   I   TaskController:{"propIds":"获取游戏的能得到的道具=1,2,3"}
06-15 17:28:19.087   1408   I   TaskController:{"uuid":"E0E28031DD9F4750B595285443B425F4",",gameId=":"240","0":",clientVersion=1.5.6.a"}
06-15 17:28:19.102   1408   I   TaskController:{"festivalId":"1"}
06-15 17:28:19.102   1408   I   TaskController:{"festivalId":"检查客户端版本的结果=1"}
06-15 17:28:19.103   1408   I   TaskController:{"propIds":"获取游戏的能得到的道具=1,2,3"}
06-15 17:28:19.958   1400   I   TaskController:{"uuid":"E0E28031DD9F4750B595285443B425F4",",gameId=":"240","0":",clientVersion=1.5.6.a"}
06-15 17:28:19.959   1400   I   TaskController:{"festivalId":"1"}
06-15 17:28:19.959   1400   I   TaskController:{"festivalId":"检查客户端版本的结果=1"}
06-15 17:28:19.960   1400   I   TaskController:{"propIds":"获取游戏的能得到的道具=1,2,3"}
06-15 17:28:20.434   1402   I   TaskController:{"uuid":"E0E28031DD9F4750B595285443B425F4",",gameId=":"240","0":",clientVersion=1.5.6.a"}
06-15 17:28:20.449   1402   I   TaskController:{"festivalId":"1"}
06-15 17:28:20.449   1402   I   TaskController:{"festivalId":"检查客户端版本的结果=1"}
06-15 17:28:20.450   1402   I   TaskController:{"propIds":"获取游戏的能得到的道具=1,2,3"}
06-15 17:28:20.712   1404   I   TaskController:{"uuid":"E0E28031DD9F4750B595285443B425F4",",gameId=":"240","0":",clientVersion=1.5.6.a"}
06-15 17:28:20.713   1404   I   TaskController:{"festivalId":"1"}
06-15 17:28:20.713   1404   I   TaskController:{"festivalId":"检查客户端版本的结果=1"}
06-15 17:28:20.714   1404   I   TaskController:{"propIds":"获取游戏的能得到的道具=1,2,3"}
06-15 17:28:20.973   1406   I   TaskController:{"uuid":"E0E28031DD9F4750B595285443B425F4",",gameId=":"240","0":",clientVersion=1.5.6.a"}
06-15 17:28:20.974   1406   I   TaskController:{"festivalId":"1"}
06-15 17:28:20.975   1406   I   TaskController:{"festivalId":"检查客户端版本的结果=1"}
06-15 17:28:20.976   1406   I   TaskController:{"propIds":"获取游戏的能得到的道具=1,2,3"}
06-15 17:28:21.139   1408   I   TaskController:{"uuid":"E0E28031DD9F4750B595285443B425F4",",gameId=":"240","0":",clientVersion=1.5.6.a"}
06-15 17:28:21.156   1408   I   TaskController:{"festivalId":"1"}
06-15 17:28:21.156   1408   I   TaskController:{"festivalId":"检查客户端版本的结果=1"}
06-15 17:28:21.158   1408   I   TaskController:{"propIds":"获取游戏的能得到的道具=1,2,3"}
06-15 17:28:21.391   1399   I   TaskController:{"uuid":"E0E28031DD9F4750B595285443B425F4",",gameId=":"240","0":",clientVersion=1.5.6.a"}
06-15 17:28:21.392   1399   I   TaskController:{"festivalId":"1"}
06-15 17:28:21.392   1399   I   TaskController:{"festivalId":"检查客户端版本的结果=1"}
06-15 17:28:21.393   1399   I   TaskController:{"propIds":"获取游戏的能得到的道具=1,2,3"}
06-15 17:28:21.514   1401   I   TaskController:{"uuid":"E0E28031DD9F4750B595285443B425F4",",gameId=":"240","0":",clientVersion=1.5.6.a"}
06-15 17:28:21.515   1401   I   TaskController:{"festivalId":"1"}
06-15 17:28:21.515   1401   I   TaskController:{"festivalId":"检查客户端版本的结果=1"}
06-15 17:28:21.516   1401   I   TaskController:{"propIds":"获取游戏的能得到的道具=1,2,3"}
06-15 17:28:21.667   1404   I   TaskController:{"uuid":"E0E28031DD9F4750B595285443B425F4",",gameId=":"240","0":",clientVersion=1.5.6.a"}
06-15 17:28:21.668   1404   I   TaskController:{"festivalId":"1"}
06-15 17:28:21.668   1404   I   TaskController:{"festivalId":"检查客户端版本的结果=1"}
06-15 17:28:21.669   1404   I   TaskController:{"propIds":"获取游戏的能得到的道具=1,2,3"}
06-15 17:28:21.843   1406   I   TaskController:{"uuid":"E0E28031DD9F4750B595285443B425F4",",gameId=":"240","0":",clientVersion=1.5.6.a"}
06-15 17:28:21.844   1406   I   TaskController:{"festivalId":"1"}
06-15 17:28:21.844   1406   I   TaskController:{"festivalId":"检查客户端版本的结果=1"}
06-15 17:28:21.844   1406   I   TaskController:{"propIds":"获取游戏的能得到的道具=1,2,3"}
06-15 17:28:22.028   1408   I   TaskController:{"uuid":"E0E28031DD9F4750B595285443B425F4",",gameId=":"240","0":",clientVersion=1.5.6.a"}
06-15 17:28:22.041   1408   I   TaskController:{"festivalId":"1"}
06-15 17:28:22.042   1408   I   TaskController:{"festivalId":"检查客户端版本的结果=1"}
06-15 17:28:22.042   1408   I   TaskController:{"propIds":"获取游戏的能得到的道具=1,2,3"}
06-15 17:28:22.266   1400   I   TaskController:{"uuid":"E0E28031DD9F4750B595285443B425F4",",gameId=":"240","0":",clientVersion=1.5.6.a"}
06-15 17:28:22.266   1400   I   TaskController:{"festivalId":"1"}
06-15 17:28:22.267   1400   I   TaskController:{"festivalId":"检查客户端版本的结果=1"}
06-15 17:28:22.268   1400   I   TaskController:{"propIds":"获取游戏的能得到的道具=1,2,3"}
06-15 17:28:22.451   1402   I   TaskController:{"uuid":"E0E28031DD9F4750B595285443B425F4",",gameId=":"240","0":",clientVersion=1.5.6.a"}
06-15 17:28:22.452   1402   I   TaskController:{"festivalId":"1"}
06-15 17:28:22.453   1402   I   TaskController:{"festivalId":"检查客户端版本的结果=1"}
06-15 17:28:22.453   1402   I   TaskController:{"propIds":"获取游戏的能得到的道具=1,2,3"}
06-15 17:28:22.637   1404   I   TaskController:{"uuid":"E0E28031DD9F4750B595285443B425F4",",gameId=":"240","0":",clientVersion=1.5.6.a"}
06-15 17:28:22.638   1404   I   TaskController:{"festivalId":"1"}
06-15 17:28:22.638   1404   I   TaskController:{"festivalId":"检查客户端版本的结果=1"}
06-15 17:28:22.639   1404   I   TaskController:{"propIds":"获取游戏的能得到的道具=1,2,3"}
06-15 17:28:22.821   1406   I   TaskController:{"uuid":"E0E28031DD9F4750B595285443B425F4",",gameId=":"240","0":",clientVersion=1.5.6.a"}
06-15 17:28:22.822   1406   I   TaskController:{"festivalId":"1"}
06-15 17:28:22.824   1406   I   TaskController:{"festivalId":"检查客户端版本的结果=1"}
06-15 17:28:22.825   1406   I   TaskController:{"propIds":"获取游戏的能得到的道具=1,2,3"}
06-15 17:28:22.992   1408   I   TaskController:{"uuid":"E0E28031DD9F4750B595285443B425F4",",gameId=":"240","0":",clientVersion=1.5.6.a"}
06-15 17:28:22.992   1408   I   TaskController:{"festivalId":"1"}
06-15 17:28:22.993   1408   I   TaskController:{"festivalId":"检查客户端版本的结果=1"}
06-15 17:28:22.993   1408   I   TaskController:{"propIds":"获取游戏的能得到的道具=1,2,3"}
06-15 17:32:12.040   1400   I   TaskController:{"uuid":"E0E28031DD9F4750B595285443B425F4",",gameId=":"240","0":",clientVersion=1.5.6.a"}
06-15 17:32:12.050   1400   I   TaskController:{"festivalId":"1"}
06-15 17:32:12.051   1400   I   TaskController:{"festivalId":"检查客户端版本的结果=1"}
06-15 17:32:13.397   1402   I   TaskController:{"uuid":"E0E28031DD9F4750B595285443B425F4",",gameId=":"240","0":",clientVersion=1.5.6.a"}
06-15 17:32:13.411   1402   I   TaskController:{"festivalId":"1"}
06-15 17:32:13.412   1402   I   TaskController:{"festivalId":"检查客户端版本的结果=1"}
06-15 17:32:13.794   1404   I   TaskController:{"uuid":"E0E28031DD9F4750B595285443B425F4",",gameId=":"240","0":",clientVersion=1.5.6.a"}
06-15 17:32:13.795   1404   I   TaskController:{"festivalId":"1"}
06-15 17:32:13.795   1404   I   TaskController:{"festivalId":"检查客户端版本的结果=1"}
06-15 17:32:14.019   1406   I   TaskController:{"uuid":"E0E28031DD9F4750B595285443B425F4",",gameId=":"240","0":",clientVersion=1.5.6.a"}
06-15 17:32:14.036   1406   I   TaskController:{"festivalId":"1"}
06-15 17:32:14.036   1406   I   TaskController:{"festivalId":"检查客户端版本的结果=1"}
