2015-04-02 14:10:56:进入每日任务连续登录类，连续登录天数continueLoginDay=1
2015-04-02 14:10:56:进入每日任务连续登录类，是否做过此任务logRs=false
2015-04-02 14:10:56:进入连续登录类，登录的奖励配置currentDayPrize={"send_object":1,"denomination":100,"days":1}
2015-04-02 14:10:58:进入每日任务连续登录类，插入积分表的结果rs=
2015-04-02 14:11:14:进入每日任务连续登录类，连续登录天数continueLoginDay=1
2015-04-02 14:11:14:进入每日任务连续登录类，是否做过此任务logRs=false
2015-04-02 14:11:14:进入连续登录类，登录的奖励配置currentDayPrize={"send_object":1,"denomination":100,"days":1}
2015-04-02 14:11:14:进入每日任务连续登录类，插入积分表的结果rs=
2015-04-02 14:13:00:进入每日任务连续登录类，连续登录天数continueLoginDay=1
2015-04-02 14:13:00:进入每日任务连续登录类，是否做过此任务logRs=false
2015-04-02 14:13:00:进入连续登录类，登录的奖励配置currentDayPrize={"send_object":1,"denomination":100,"days":1}
2015-04-02 14:13:00:进入每日任务连续登录类，插入积分表的结果rs=
2015-04-02 14:15:04:进入每日任务连续登录类，连续登录天数continueLoginDay=1
2015-04-02 14:15:04:进入每日任务连续登录类，是否做过此任务logRs=false
2015-04-02 14:15:04:进入连续登录类，登录的奖励配置currentDayPrize={"send_object":2,"denomination":1,"deadline":2,"days":1}
2015-04-02 14:15:04:进入每日任务评论，组装的数组prize_arr=[{"aid":"20150402141504551cde6853e96","denomination":"1","startTime":"20150402141504","endTime":"20150403235959","desc":"\u6bcf\u65e5\u4efb\u52a1","uuid":"526FE998932D49D8B44F64FD66CCC772"}]
2015-04-02 14:15:04:进入每日任务评论，PSOT请求到支付组服务器返回结果paymentResult={"token":"4ADBF6F347B0CA10B00CBB529970647E","data":[{"ano":"20150402000000006477","aid":"20150402141504551cde6853e96"}],"msg":"success","success":"true"}
2015-04-02 14:15:04:进入父类，验证支付返回的token，reponseToken =4ADBF6F347B0CA10B00CBB529970647E,token=4adbf6f347b0ca10b00cbb529970647e
2015-04-02 14:16:32:进入每日任务连续登录类，连续登录天数continueLoginDay=1
2015-04-02 14:16:32:进入每日任务连续登录类，是否做过此任务logRs={"id":"1054","uuid":"526FE998932D49D8B44F64FD66CCC772","send_object":"2","uname":"","task_id":"1","denomination":"1.00","create_time":"1427955305","days":"1","game_id":"0","download_status":"0","update_time":"1427955305","status":"1","content_type":"0"}
2015-04-02 14:16:47:进入每日任务连续登录类，连续登录天数continueLoginDay=1
2015-04-02 14:16:47:进入每日任务连续登录类，是否做过此任务logRs={"id":"1054","uuid":"526FE998932D49D8B44F64FD66CCC772","send_object":"2","uname":"","task_id":"1","denomination":"1.00","create_time":"1427955305","days":"1","game_id":"0","download_status":"0","update_time":"1427955305","status":"1","content_type":"0"}
2015-04-02 14:17:25:进入每日任务连续登录类，连续登录天数continueLoginDay=1
2015-04-02 14:17:25:进入每日任务连续登录类，是否做过此任务logRs={"id":"1054","uuid":"526FE998932D49D8B44F64FD66CCC772","send_object":"2","uname":"","task_id":"1","denomination":"1.00","create_time":"1427955305","days":"1","game_id":"0","download_status":"0","update_time":"1427955305","status":"1","content_type":"0"}
2015-04-02 14:18:41:进入每日任务连续登录类，连续登录天数continueLoginDay=1
2015-04-02 14:18:41:进入每日任务连续登录类，是否做过此任务logRs={"id":"1054","uuid":"526FE998932D49D8B44F64FD66CCC772","send_object":"2","uname":"","task_id":"1","denomination":"1.00","create_time":"1427955305","days":"1","game_id":"0","download_status":"0","update_time":"1427955305","status":"1","content_type":"0"}
2015-04-02 14:18:43:进入每日任务连续登录类，连续登录天数continueLoginDay=1
2015-04-02 14:18:43:进入每日任务连续登录类，是否做过此任务logRs={"id":"1054","uuid":"526FE998932D49D8B44F64FD66CCC772","send_object":"2","uname":"","task_id":"1","denomination":"1.00","create_time":"1427955305","days":"1","game_id":"0","download_status":"0","update_time":"1427955305","status":"1","content_type":"0"}
2015-04-02 14:18:44:进入每日任务连续登录类，连续登录天数continueLoginDay=1
2015-04-02 14:18:44:进入每日任务连续登录类，是否做过此任务logRs={"id":"1054","uuid":"526FE998932D49D8B44F64FD66CCC772","send_object":"2","uname":"","task_id":"1","denomination":"1.00","create_time":"1427955305","days":"1","game_id":"0","download_status":"0","update_time":"1427955305","status":"1","content_type":"0"}
2015-04-02 14:19:10:进入每日任务连续登录类，连续登录天数continueLoginDay=1
2015-04-02 14:19:10:进入每日任务连续登录类，是否做过此任务logRs={"id":"1054","uuid":"526FE998932D49D8B44F64FD66CCC772","send_object":"2","uname":"","task_id":"1","denomination":"1.00","create_time":"1427955305","days":"1","game_id":"0","download_status":"0","update_time":"1427955305","status":"1","content_type":"0"}
2015-04-02 14:19:12:进入每日任务连续登录类，连续登录天数continueLoginDay=1
2015-04-02 14:19:12:进入每日任务连续登录类，是否做过此任务logRs={"id":"1054","uuid":"526FE998932D49D8B44F64FD66CCC772","send_object":"2","uname":"","task_id":"1","denomination":"1.00","create_time":"1427955305","days":"1","game_id":"0","download_status":"0","update_time":"1427955305","status":"1","content_type":"0"}
2015-04-02 14:19:13:进入每日任务连续登录类，连续登录天数continueLoginDay=1
2015-04-02 14:19:13:进入每日任务连续登录类，是否做过此任务logRs={"id":"1054","uuid":"526FE998932D49D8B44F64FD66CCC772","send_object":"2","uname":"","task_id":"1","denomination":"1.00","create_time":"1427955305","days":"1","game_id":"0","download_status":"0","update_time":"1427955305","status":"1","content_type":"0"}
2015-04-02 14:19:14:进入每日任务连续登录类，连续登录天数continueLoginDay=1
2015-04-02 14:19:14:进入每日任务连续登录类，是否做过此任务logRs={"id":"1054","uuid":"526FE998932D49D8B44F64FD66CCC772","send_object":"2","uname":"","task_id":"1","denomination":"1.00","create_time":"1427955305","days":"1","game_id":"0","download_status":"0","update_time":"1427955305","status":"1","content_type":"0"}
2015-04-02 14:22:14:进入每日任务连续登录类，连续登录天数continueLoginDay=1
2015-04-02 14:22:14:进入每日任务连续登录类，是否做过此任务logRs=false
2015-04-02 14:22:14:进入连续登录类，登录的奖励配置currentDayPrize={"send_object":1,"denomination":10,"days":1}
2015-04-02 14:22:15:进入每日任务连续登录类，插入积分表的结果rs=1
2015-04-02 14:22:20:进入每日任务连续登录类，连续登录天数continueLoginDay=1
2015-04-02 14:22:20:进入每日任务连续登录类，是否做过此任务logRs={"id":"1055","uuid":"526FE998932D49D8B44F64FD66CCC772","send_object":"1","uname":"","task_id":"1","denomination":"10.00","create_time":"1427955735","days":"1","game_id":"0","download_status":"0","update_time":"1427955735","status":"1","content_type":"0"}
2015-04-02 14:22:22:进入每日任务连续登录类，连续登录天数continueLoginDay=1
2015-04-02 14:22:22:进入每日任务连续登录类，是否做过此任务logRs={"id":"1055","uuid":"526FE998932D49D8B44F64FD66CCC772","send_object":"1","uname":"","task_id":"1","denomination":"10.00","create_time":"1427955735","days":"1","game_id":"0","download_status":"0","update_time":"1427955735","status":"1","content_type":"0"}
2015-04-02 14:27:01:进入每日任务连续登录类，连续登录天数continueLoginDay=1
2015-04-02 14:27:01:进入每日任务连续登录类，是否做过此任务logRs=false
2015-04-02 14:27:01:进入连续登录类，登录的奖励配置currentDayPrize={"send_object":1,"denomination":10,"days":1}
2015-04-02 14:27:01:进入每日任务连续登录类，插入积分表的结果rs=1
2015-04-02 14:33:27:进入每日任务连续登录类，连续登录天数continueLoginDay=1
2015-04-02 14:33:27:进入每日任务连续登录类，是否做过此任务logRs=false
2015-04-02 14:33:27:进入连续登录类，登录的奖励配置currentDayPrize={"send_object":1,"denomination":10,"days":1}
2015-04-02 14:33:27:进入每日任务连续登录类，插入积分表的结果rs=1
2015-04-02 14:34:17:进入每日任务连续登录类，连续登录天数continueLoginDay=1
2015-04-02 14:34:17:进入每日任务连续登录类，是否做过此任务logRs={"id":"1057","uuid":"526FE998932D49D8B44F64FD66CCC772","send_object":"1","uname":"","task_id":"1","denomination":"10.00","create_time":"1427956407","days":"1","game_id":"0","download_status":"0","update_time":"1427956407","status":"1","content_type":"0"}
2015-04-02 14:34:20:进入每日任务连续登录类，连续登录天数continueLoginDay=1
2015-04-02 14:34:20:进入每日任务连续登录类，是否做过此任务logRs={"id":"1057","uuid":"526FE998932D49D8B44F64FD66CCC772","send_object":"1","uname":"","task_id":"1","denomination":"10.00","create_time":"1427956407","days":"1","game_id":"0","download_status":"0","update_time":"1427956407","status":"1","content_type":"0"}
2015-04-02 14:34:20:进入每日任务连续登录类，连续登录天数continueLoginDay=1
2015-04-02 14:34:20:进入每日任务连续登录类，是否做过此任务logRs={"id":"1057","uuid":"526FE998932D49D8B44F64FD66CCC772","send_object":"1","uname":"","task_id":"1","denomination":"10.00","create_time":"1427956407","days":"1","game_id":"0","download_status":"0","update_time":"1427956407","status":"1","content_type":"0"}
2015-04-02 14:35:02:进入每日任务连续登录类，连续登录天数continueLoginDay=1
2015-04-02 14:35:02:进入每日任务连续登录类，是否做过此任务logRs={"id":"1057","uuid":"526FE998932D49D8B44F64FD66CCC772","send_object":"1","uname":"","task_id":"1","denomination":"10.00","create_time":"1427956407","days":"1","game_id":"0","download_status":"0","update_time":"1427956407","status":"1","content_type":"0"}
2015-04-02 14:35:03:进入每日任务连续登录类，连续登录天数continueLoginDay=1
2015-04-02 14:35:03:进入每日任务连续登录类，是否做过此任务logRs={"id":"1057","uuid":"526FE998932D49D8B44F64FD66CCC772","send_object":"1","uname":"","task_id":"1","denomination":"10.00","create_time":"1427956407","days":"1","game_id":"0","download_status":"0","update_time":"1427956407","status":"1","content_type":"0"}
2015-04-02 14:35:04:进入每日任务连续登录类，连续登录天数continueLoginDay=1
2015-04-02 14:35:04:进入每日任务连续登录类，是否做过此任务logRs={"id":"1057","uuid":"526FE998932D49D8B44F64FD66CCC772","send_object":"1","uname":"","task_id":"1","denomination":"10.00","create_time":"1427956407","days":"1","game_id":"0","download_status":"0","update_time":"1427956407","status":"1","content_type":"0"}
2015-04-02 14:35:04:进入每日任务连续登录类，连续登录天数continueLoginDay=1
2015-04-02 14:35:04:进入每日任务连续登录类，是否做过此任务logRs={"id":"1057","uuid":"526FE998932D49D8B44F64FD66CCC772","send_object":"1","uname":"","task_id":"1","denomination":"10.00","create_time":"1427956407","days":"1","game_id":"0","download_status":"0","update_time":"1427956407","status":"1","content_type":"0"}
2015-04-02 14:35:05:进入每日任务连续登录类，连续登录天数continueLoginDay=1
2015-04-02 14:35:05:进入每日任务连续登录类，是否做过此任务logRs={"id":"1057","uuid":"526FE998932D49D8B44F64FD66CCC772","send_object":"1","uname":"","task_id":"1","denomination":"10.00","create_time":"1427956407","days":"1","game_id":"0","download_status":"0","update_time":"1427956407","status":"1","content_type":"0"}
2015-04-02 14:35:06:进入每日任务连续登录类，连续登录天数continueLoginDay=1
2015-04-02 14:35:06:进入每日任务连续登录类，是否做过此任务logRs={"id":"1057","uuid":"526FE998932D49D8B44F64FD66CCC772","send_object":"1","uname":"","task_id":"1","denomination":"10.00","create_time":"1427956407","days":"1","game_id":"0","download_status":"0","update_time":"1427956407","status":"1","content_type":"0"}
2015-04-02 14:35:07:进入每日任务连续登录类，连续登录天数continueLoginDay=1
2015-04-02 14:35:07:进入每日任务连续登录类，是否做过此任务logRs={"id":"1057","uuid":"526FE998932D49D8B44F64FD66CCC772","send_object":"1","uname":"","task_id":"1","denomination":"10.00","create_time":"1427956407","days":"1","game_id":"0","download_status":"0","update_time":"1427956407","status":"1","content_type":"0"}
2015-04-02 14:35:07:进入每日任务连续登录类，连续登录天数continueLoginDay=1
2015-04-02 14:35:07:进入每日任务连续登录类，是否做过此任务logRs={"id":"1057","uuid":"526FE998932D49D8B44F64FD66CCC772","send_object":"1","uname":"","task_id":"1","denomination":"10.00","create_time":"1427956407","days":"1","game_id":"0","download_status":"0","update_time":"1427956407","status":"1","content_type":"0"}
2015-04-02 14:35:09:进入每日任务连续登录类，连续登录天数continueLoginDay=1
2015-04-02 14:35:09:进入每日任务连续登录类，是否做过此任务logRs={"id":"1057","uuid":"526FE998932D49D8B44F64FD66CCC772","send_object":"1","uname":"","task_id":"1","denomination":"10.00","create_time":"1427956407","days":"1","game_id":"0","download_status":"0","update_time":"1427956407","status":"1","content_type":"0"}
2015-04-02 14:36:43:进入每日任务连续登录类，连续登录天数continueLoginDay=1
2015-04-02 14:36:43:进入每日任务连续登录类，是否做过此任务logRs=false
2015-04-02 14:36:43:进入连续登录类，登录的奖励配置currentDayPrize={"send_object":1,"denomination":10,"days":1}
2015-04-02 14:36:43:进入每日任务连续登录类，插入积分表的结果rs=1
