2015-04-09 19:09:49:进入活动消费赠送类uuid=E0E28031DD9F4750B595285443B425F4,gameApiKey=C182B2152A414E8E8BA0CC8434AA2D33,消费金额curr_consume=10
2015-04-09 19:09:49:进入活动消费赠送类,当前的活动activityResult=[{"id":"146","htype":"4","title":"\u6d4b\u8bd5\u5145\u503c1","hd_start_time":"1427817600","hd_end_time":"1428595200","status":"1","hd_object":"1","condition_type":"1","condition_value":"","rule_type":"0","game_version":null,"game_object":"1","rule_content":"{\"denomination\":4,\"deadline\":3,\"restoration\":4}","rule_content_percent":null,"create_time":"1428577559","subject_id":"0"},{"id":"145","htype":"4","title":"test234","hd_start_time":"1427817600","hd_end_time":"1428595200","status":"1","hd_object":"1","condition_type":"1","condition_value":"","rule_type":"0","game_version":"{\"1\":1,\"2\":0,\"3\":3,\"4\":4,\"5\":5}","game_object":"1","rule_content":"{\"denomination\":112,\"deadline\":1,\"restoration\":1}","rule_content_percent":null,"create_time":"1428565640","subject_id":"0"},{"id":"144","htype":"4","title":"test\u5145\u503c","hd_start_time":"1427817600","hd_end_time":"1429200000","status":"1","hd_object":"1","condition_type":"1","condition_value":"","rule_type":"0","game_version":"{\"1\":1,\"2\":0,\"3\":1,\"4\":1,\"5\":1}","game_object":"1","rule_content":"{\"denomination\":11,\"deadline\":3,\"restoration\":11}","rule_content_percent":null,"create_time":"1428565526","subject_id":"0"}]
2015-04-09 19:09:49:进入活动消费赠送类, uuid=E0E28031DD9F4750B595285443B425F4,赠送的对象game_object=1,game_api_key=C182B2152A414E8E8BA0CC8434AA2D33,subject_id= 0
2015-04-09 19:09:50:进入活动消费赠送类, uuid=E0E28031DD9F4750B595285443B425F4,赠送的对象game_object=1,game_api_key=C182B2152A414E8E8BA0CC8434AA2D33,subject_id= 0
2015-04-09 19:09:50:进入活动消费赠送类, uuid=E0E28031DD9F4750B595285443B425F4,赠送的对象game_object=1,game_api_key=C182B2152A414E8E8BA0CC8434AA2D33,subject_id= 0
2015-04-09 19:09:50:进入活动消费赠送类,当前的活动prizeConfig=[]
2015-04-09 19:10:38:进入活动消费赠送类uuid=E0E28031DD9F4750B595285443B425F4,gameApiKey=C182B2152A414E8E8BA0CC8434AA2D33,消费金额curr_consume=10
2015-04-09 19:11:09:进入活动消费赠送类uuid=E0E28031DD9F4750B595285443B425F4,gameApiKey=C182B2152A414E8E8BA0CC8434AA2D33,消费金额curr_consume=10
2015-04-09 19:11:09:进入活动消费赠送类,当前的活动activityResult=[{"id":"146","htype":"4","title":"\u6d4b\u8bd5\u5145\u503c1","hd_start_time":"1427817600","hd_end_time":"1428768000","status":"1","hd_object":"1","condition_type":"1","condition_value":"","rule_type":"0","game_version":null,"game_object":"1","rule_content":"{\"denomination\":4,\"deadline\":3,\"restoration\":4}","rule_content_percent":null,"create_time":"1428577559","subject_id":"0"},{"id":"145","htype":"4","title":"test234","hd_start_time":"1427817600","hd_end_time":"1428595200","status":"1","hd_object":"1","condition_type":"1","condition_value":"","rule_type":"0","game_version":"{\"1\":1,\"2\":0,\"3\":3,\"4\":4,\"5\":5}","game_object":"1","rule_content":"{\"denomination\":112,\"deadline\":1,\"restoration\":1}","rule_content_percent":null,"create_time":"1428565640","subject_id":"0"},{"id":"144","htype":"4","title":"test\u5145\u503c","hd_start_time":"1427817600","hd_end_time":"1429200000","status":"1","hd_object":"1","condition_type":"1","condition_value":"","rule_type":"0","game_version":"{\"1\":1,\"2\":0,\"3\":1,\"4\":1,\"5\":1}","game_object":"1","rule_content":"{\"denomination\":11,\"deadline\":3,\"restoration\":11}","rule_content_percent":null,"create_time":"1428565526","subject_id":"0"}]
2015-04-09 19:11:09:进入活动消费赠送类, uuid=E0E28031DD9F4750B595285443B425F4,赠送的对象game_object=1,game_api_key=C182B2152A414E8E8BA0CC8434AA2D33,subject_id= 0
2015-04-09 19:11:09:进入活动消费赠送类, uuid=E0E28031DD9F4750B595285443B425F4,赠送的对象game_object=1,game_api_key=C182B2152A414E8E8BA0CC8434AA2D33,subject_id= 0
2015-04-09 19:11:09:进入活动消费赠送类, uuid=E0E28031DD9F4750B595285443B425F4,赠送的对象game_object=1,game_api_key=C182B2152A414E8E8BA0CC8434AA2D33,subject_id= 0
2015-04-09 19:11:38:进入活动消费赠送类uuid=E0E28031DD9F4750B595285443B425F4,gameApiKey=C182B2152A414E8E8BA0CC8434AA2D33,消费金额curr_consume=10
2015-04-09 19:11:38:进入活动消费赠送类,当前的活动activityResult=[{"id":"146","htype":"4","title":"\u6d4b\u8bd5\u5145\u503c1","hd_start_time":"1427817600","hd_end_time":"1428768000","status":"1","hd_object":"1","condition_type":"1","condition_value":"","rule_type":"0","game_version":null,"game_object":"1","rule_content":"{\"denomination\":4,\"deadline\":3,\"restoration\":4}","rule_content_percent":null,"create_time":"1428577559","subject_id":"0"},{"id":"145","htype":"4","title":"test234","hd_start_time":"1427817600","hd_end_time":"1428595200","status":"1","hd_object":"1","condition_type":"1","condition_value":"","rule_type":"0","game_version":"{\"1\":1,\"2\":0,\"3\":3,\"4\":4,\"5\":5}","game_object":"1","rule_content":"{\"denomination\":112,\"deadline\":1,\"restoration\":1}","rule_content_percent":null,"create_time":"1428565640","subject_id":"0"},{"id":"144","htype":"4","title":"test\u5145\u503c","hd_start_time":"1427817600","hd_end_time":"1429200000","status":"1","hd_object":"1","condition_type":"1","condition_value":"","rule_type":"0","game_version":"{\"1\":1,\"2\":0,\"3\":1,\"4\":1,\"5\":1}","game_object":"1","rule_content":"{\"denomination\":11,\"deadline\":3,\"restoration\":11}","rule_content_percent":null,"create_time":"1428565526","subject_id":"0"}]
2015-04-09 19:11:38:进入活动消费赠送类, uuid=E0E28031DD9F4750B595285443B425F4,赠送的对象game_object=1,game_api_key=C182B2152A414E8E8BA0CC8434AA2D33,subject_id= 0
2015-04-09 19:11:38:进入活动消费赠送类, uuid=E0E28031DD9F4750B595285443B425F4,赠送的对象game_object=1,game_api_key=C182B2152A414E8E8BA0CC8434AA2D33,subject_id= 0
2015-04-09 19:11:38:进入活动消费赠送类, uuid=E0E28031DD9F4750B595285443B425F4,赠送的对象game_object=1,game_api_key=C182B2152A414E8E8BA0CC8434AA2D33,subject_id= 0
2015-04-09 19:12:04:进入活动消费赠送类uuid=E0E28031DD9F4750B595285443B425F4,gameApiKey=C182B2152A414E8E8BA0CC8434AA2D33,消费金额curr_consume=10
2015-04-09 19:12:04:进入活动消费赠送类,当前的活动activityResult=[{"id":"146","htype":"4","title":"\u6d4b\u8bd5\u5145\u503c1","hd_start_time":"1427817600","hd_end_time":"1428768000","status":"1","hd_object":"1","condition_type":"1","condition_value":"","rule_type":"0","game_version":null,"game_object":"1","rule_content":"{\"denomination\":4,\"deadline\":3,\"restoration\":4}","rule_content_percent":null,"create_time":"1428577559","subject_id":"0"}]
2015-04-09 19:12:04:进入活动消费赠送类, uuid=E0E28031DD9F4750B595285443B425F4,赠送的对象game_object=1,game_api_key=C182B2152A414E8E8BA0CC8434AA2D33,subject_id= 0
2015-04-09 19:12:41:进入活动消费赠送类uuid=E0E28031DD9F4750B595285443B425F4,gameApiKey=C182B2152A414E8E8BA0CC8434AA2D33,消费金额curr_consume=10
2015-04-09 19:12:41:进入活动消费赠送类,当前的活动activityResult=[{"id":"146","htype":"4","title":"\u6d4b\u8bd5\u5145\u503c1","hd_start_time":"1427817600","hd_end_time":"1428768000","status":"1","hd_object":"1","condition_type":"1","condition_value":"","rule_type":"0","game_version":null,"game_object":"1","rule_content":"{\"denomination\":4,\"deadline\":3,\"restoration\":4}","rule_content_percent":null,"create_time":"1428577559","subject_id":"0"}]
2015-04-09 19:12:41:进入活动消费赠送类, uuid=E0E28031DD9F4750B595285443B425F4,赠送的对象game_object=1,game_api_key=C182B2152A414E8E8BA0CC8434AA2D33,subject_id= 0
2015-04-09 19:12:44:进入活动消费赠送类uuid=E0E28031DD9F4750B595285443B425F4,gameApiKey=C182B2152A414E8E8BA0CC8434AA2D33,消费金额curr_consume=10
2015-04-09 19:12:44:进入活动消费赠送类,当前的活动activityResult=[{"id":"146","htype":"4","title":"\u6d4b\u8bd5\u5145\u503c1","hd_start_time":"1427817600","hd_end_time":"1428768000","status":"1","hd_object":"1","condition_type":"1","condition_value":"","rule_type":"0","game_version":null,"game_object":"1","rule_content":"{\"denomination\":4,\"deadline\":3,\"restoration\":4}","rule_content_percent":null,"create_time":"1428577559","subject_id":"0"}]
2015-04-09 19:12:44:进入活动消费赠送类, uuid=E0E28031DD9F4750B595285443B425F4,赠送的对象game_object=1,game_api_key=C182B2152A414E8E8BA0CC8434AA2D33,subject_id= 0
2015-04-09 19:13:01:进入活动消费赠送类uuid=E0E28031DD9F4750B595285443B425F4,gameApiKey=C182B2152A414E8E8BA0CC8434AA2D33,消费金额curr_consume=10
2015-04-09 19:13:01:进入活动消费赠送类,当前的活动activityResult=[{"id":"146","htype":"4","title":"\u6d4b\u8bd5\u5145\u503c1","hd_start_time":"1427817600","hd_end_time":"1428768000","status":"1","hd_object":"1","condition_type":"1","condition_value":"","rule_type":"0","game_version":null,"game_object":"1","rule_content":"{\"denomination\":4,\"deadline\":3,\"restoration\":4}","rule_content_percent":null,"create_time":"1428577559","subject_id":"0"}]
2015-04-09 19:13:01:进入活动消费赠送类, uuid=E0E28031DD9F4750B595285443B425F4,赠送的对象game_object=1,game_api_key=C182B2152A414E8E8BA0CC8434AA2D33,subject_id= 0
2015-04-09 19:13:15:进入活动消费赠送类uuid=E0E28031DD9F4750B595285443B425F4,gameApiKey=C182B2152A414E8E8BA0CC8434AA2D33,消费金额curr_consume=10
2015-04-09 19:13:15:进入活动消费赠送类,当前的活动activityResult=[{"id":"146","htype":"4","title":"\u6d4b\u8bd5\u5145\u503c1","hd_start_time":"1427817600","hd_end_time":"1428768000","status":"1","hd_object":"1","condition_type":"1","condition_value":"","rule_type":"0","game_version":null,"game_object":"1","rule_content":"{\"denomination\":4,\"deadline\":3,\"restoration\":4}","rule_content_percent":null,"create_time":"1428577559","subject_id":"0"}]
2015-04-09 19:13:15:进入活动消费赠送类, uuid=E0E28031DD9F4750B595285443B425F4,赠送的对象game_object=1,game_api_key=C182B2152A414E8E8BA0CC8434AA2D33,subject_id= 0
2015-04-09 19:13:31:进入活动消费赠送类uuid=E0E28031DD9F4750B595285443B425F4,gameApiKey=C182B2152A414E8E8BA0CC8434AA2D33,消费金额curr_consume=10
2015-04-09 19:13:31:进入活动消费赠送类,当前的活动activityResult=[{"id":"146","htype":"4","title":"\u6d4b\u8bd5\u5145\u503c1","hd_start_time":"1427817600","hd_end_time":"1428768000","status":"1","hd_object":"1","condition_type":"1","condition_value":"","rule_type":"0","game_version":null,"game_object":"1","rule_content":"{\"denomination\":4,\"deadline\":3,\"restoration\":4}","rule_content_percent":null,"create_time":"1428577559","subject_id":"0"}]
2015-04-09 19:13:31:进入活动消费赠送类, uuid=E0E28031DD9F4750B595285443B425F4,赠送的对象game_object=1,game_api_key=C182B2152A414E8E8BA0CC8434AA2D33,subject_id= 0
2015-04-09 19:13:53:进入活动消费赠送类uuid=E0E28031DD9F4750B595285443B425F4,gameApiKey=C182B2152A414E8E8BA0CC8434AA2D33,消费金额curr_consume=10
2015-04-09 19:13:53:进入活动消费赠送类,当前的活动activityResult=[{"id":"146","htype":"4","title":"\u6d4b\u8bd5\u5145\u503c1","hd_start_time":"1427817600","hd_end_time":"1428768000","status":"1","hd_object":"1","condition_type":"1","condition_value":"","rule_type":"0","game_version":null,"game_object":"1","rule_content":"{\"denomination\":4,\"deadline\":3,\"restoration\":4}","rule_content_percent":null,"create_time":"1428577559","subject_id":"0"}]
2015-04-09 19:13:53:进入活动消费赠送类, uuid=E0E28031DD9F4750B595285443B425F4,赠送的对象game_object=1,game_api_key=C182B2152A414E8E8BA0CC8434AA2D33,subject_id= 0
2015-04-09 19:15:07:进入活动消费赠送类uuid=E0E28031DD9F4750B595285443B425F4,gameApiKey=C182B2152A414E8E8BA0CC8434AA2D33,消费金额curr_consume=10
2015-04-09 19:15:07:进入活动消费赠送类,当前的活动activityResult=[{"id":"146","htype":"4","title":"\u6d4b\u8bd5\u5145\u503c1","hd_start_time":"1427817600","hd_end_time":"1428768000","status":"1","hd_object":"1","condition_type":"1","condition_value":"","rule_type":"0","game_version":null,"game_object":"1","rule_content":"{\"denomination\":4,\"deadline\":3,\"restoration\":4}","rule_content_percent":null,"create_time":"1428577559","subject_id":"0"}]
2015-04-09 19:15:07:进入活动消费赠送类, uuid=E0E28031DD9F4750B595285443B425F4,赠送的对象game_object=1,game_api_key=C182B2152A414E8E8BA0CC8434AA2D33,subject_id= 0
2015-04-09 19:15:54:进入活动消费赠送类uuid=E0E28031DD9F4750B595285443B425F4,gameApiKey=C182B2152A414E8E8BA0CC8434AA2D33,消费金额curr_consume=10
2015-04-09 19:15:54:进入活动消费赠送类,当前的活动activityResult=[{"id":"146","htype":"4","title":"\u6d4b\u8bd5\u5145\u503c1","hd_start_time":"1427817600","hd_end_time":"1428768000","status":"1","hd_object":"1","condition_type":"1","condition_value":"","rule_type":"0","game_version":null,"game_object":"1","rule_content":"{\"denomination\":4,\"deadline\":3,\"restoration\":4}","rule_content_percent":null,"create_time":"1428577559","subject_id":"0"}]
2015-04-09 19:15:54:进入活动消费赠送类, uuid=E0E28031DD9F4750B595285443B425F4,赠送的对象game_object=1,game_api_key=C182B2152A414E8E8BA0CC8434AA2D33,subject_id= 0
2015-04-09 19:15:54:进入活动登录类,活动的配置hd={"id":"146","htype":"4","title":"\u6d4b\u8bd5\u5145\u503c1","hd_start_time":"1427817600","hd_end_time":"1428768000","status":"1","hd_object":"1","condition_type":"1","condition_value":"","rule_type":"0","game_version":null,"game_object":"1","rule_content":"{\"denomination\":4,\"deadline\":3,\"restoration\":4}","rule_content_percent":null,"create_time":"1428577559","subject_id":"0"},活动的ID=146,uuid=E0E28031DD9F4750B595285443B425F4消费金额money=10赠送的金额范围4
2015-04-09 19:15:56:进入活动消费赠送类uuid=E0E28031DD9F4750B595285443B425F4,gameApiKey=C182B2152A414E8E8BA0CC8434AA2D33,消费金额curr_consume=10
2015-04-09 19:15:56:进入活动消费赠送类,当前的活动activityResult=[{"id":"146","htype":"4","title":"\u6d4b\u8bd5\u5145\u503c1","hd_start_time":"1427817600","hd_end_time":"1428768000","status":"1","hd_object":"1","condition_type":"1","condition_value":"","rule_type":"0","game_version":null,"game_object":"1","rule_content":"{\"denomination\":4,\"deadline\":3,\"restoration\":4}","rule_content_percent":null,"create_time":"1428577559","subject_id":"0"}]
2015-04-09 19:15:56:进入活动消费赠送类, uuid=E0E28031DD9F4750B595285443B425F4,赠送的对象game_object=1,game_api_key=C182B2152A414E8E8BA0CC8434AA2D33,subject_id= 0
2015-04-09 19:15:56:进入活动登录类,活动的配置hd={"id":"146","htype":"4","title":"\u6d4b\u8bd5\u5145\u503c1","hd_start_time":"1427817600","hd_end_time":"1428768000","status":"1","hd_object":"1","condition_type":"1","condition_value":"","rule_type":"0","game_version":null,"game_object":"1","rule_content":"{\"denomination\":4,\"deadline\":3,\"restoration\":4}","rule_content_percent":null,"create_time":"1428577559","subject_id":"0"},活动的ID=146,uuid=E0E28031DD9F4750B595285443B425F4消费金额money=10赠送的金额范围4
2015-04-09 19:16:18:进入活动消费赠送类uuid=E0E28031DD9F4750B595285443B425F4,gameApiKey=C182B2152A414E8E8BA0CC8434AA2D33,消费金额curr_consume=10
2015-04-09 19:16:18:进入活动消费赠送类,当前的活动activityResult=[{"id":"146","htype":"4","title":"\u6d4b\u8bd5\u5145\u503c1","hd_start_time":"1427817600","hd_end_time":"1428768000","status":"1","hd_object":"1","condition_type":"1","condition_value":"","rule_type":"0","game_version":null,"game_object":"1","rule_content":"{\"denomination\":4,\"deadline\":3,\"restoration\":4}","rule_content_percent":null,"create_time":"1428577559","subject_id":"0"}]
2015-04-09 19:16:18:进入活动消费赠送类, uuid=E0E28031DD9F4750B595285443B425F4,赠送的对象game_object=1,game_api_key=C182B2152A414E8E8BA0CC8434AA2D33,subject_id= 0
2015-04-09 19:16:18:进入活动登录类,活动的配置hd={"id":"146","htype":"4","title":"\u6d4b\u8bd5\u5145\u503c1","hd_start_time":"1427817600","hd_end_time":"1428768000","status":"1","hd_object":"1","condition_type":"1","condition_value":"","rule_type":"0","game_version":null,"game_object":"1","rule_content":"{\"denomination\":4,\"deadline\":3,\"restoration\":4}","rule_content_percent":null,"create_time":"1428577559","subject_id":"0"},活动的ID=146,uuid=E0E28031DD9F4750B595285443B425F4消费金额money=10赠送的金额范围4
2015-04-09 19:16:19:进入活动消费赠送类uuid=E0E28031DD9F4750B595285443B425F4,gameApiKey=C182B2152A414E8E8BA0CC8434AA2D33,消费金额curr_consume=10
2015-04-09 19:16:19:进入活动消费赠送类,当前的活动activityResult=[{"id":"146","htype":"4","title":"\u6d4b\u8bd5\u5145\u503c1","hd_start_time":"1427817600","hd_end_time":"1428768000","status":"1","hd_object":"1","condition_type":"1","condition_value":"","rule_type":"0","game_version":null,"game_object":"1","rule_content":"{\"denomination\":4,\"deadline\":3,\"restoration\":4}","rule_content_percent":null,"create_time":"1428577559","subject_id":"0"}]
2015-04-09 19:16:19:进入活动消费赠送类, uuid=E0E28031DD9F4750B595285443B425F4,赠送的对象game_object=1,game_api_key=C182B2152A414E8E8BA0CC8434AA2D33,subject_id= 0
2015-04-09 19:16:19:进入活动登录类,活动的配置hd={"id":"146","htype":"4","title":"\u6d4b\u8bd5\u5145\u503c1","hd_start_time":"1427817600","hd_end_time":"1428768000","status":"1","hd_object":"1","condition_type":"1","condition_value":"","rule_type":"0","game_version":null,"game_object":"1","rule_content":"{\"denomination\":4,\"deadline\":3,\"restoration\":4}","rule_content_percent":null,"create_time":"1428577559","subject_id":"0"},活动的ID=146,uuid=E0E28031DD9F4750B595285443B425F4消费金额money=10赠送的金额范围4
2015-04-09 19:17:04:进入活动消费赠送类uuid=E0E28031DD9F4750B595285443B425F4,gameApiKey=C182B2152A414E8E8BA0CC8434AA2D33,消费金额curr_consume=10
2015-04-09 19:17:04:进入活动消费赠送类,当前的活动activityResult=[{"id":"146","htype":"4","title":"\u6d4b\u8bd5\u5145\u503c1","hd_start_time":"1427817600","hd_end_time":"1428768000","status":"1","hd_object":"1","condition_type":"1","condition_value":"","rule_type":"0","game_version":null,"game_object":"1","rule_content":"{\"denomination\":4,\"deadline\":3,\"restoration\":4}","rule_content_percent":null,"create_time":"1428577559","subject_id":"0"}]
2015-04-09 19:17:04:进入活动消费赠送类, uuid=E0E28031DD9F4750B595285443B425F4,赠送的对象game_object=1,game_api_key=C182B2152A414E8E8BA0CC8434AA2D33,subject_id= 0
2015-04-09 19:17:04:进入活动登录类,活动的配置hd={"id":"146","htype":"4","title":"\u6d4b\u8bd5\u5145\u503c1","hd_start_time":"1427817600","hd_end_time":"1428768000","status":"1","hd_object":"1","condition_type":"1","condition_value":"","rule_type":"0","game_version":null,"game_object":"1","rule_content":"{\"denomination\":4,\"deadline\":3,\"restoration\":4}","rule_content_percent":null,"create_time":"1428577559","subject_id":"0"},活动的ID=146,uuid=E0E28031DD9F4750B595285443B425F4消费金额money=10赠送的金额范围4
2015-04-09 19:17:21:进入活动消费赠送类uuid=E0E28031DD9F4750B595285443B425F4,gameApiKey=C182B2152A414E8E8BA0CC8434AA2D33,消费金额curr_consume=10
2015-04-09 19:17:21:进入活动消费赠送类,当前的活动activityResult=[{"id":"146","htype":"4","title":"\u6d4b\u8bd5\u5145\u503c1","hd_start_time":"1427817600","hd_end_time":"1428768000","status":"1","hd_object":"1","condition_type":"1","condition_value":"","rule_type":"0","game_version":null,"game_object":"1","rule_content":"{\"denomination\":4,\"deadline\":3,\"restoration\":4}","rule_content_percent":null,"create_time":"1428577559","subject_id":"0"}]
2015-04-09 19:17:21:进入活动消费赠送类, uuid=E0E28031DD9F4750B595285443B425F4,赠送的对象game_object=1,game_api_key=C182B2152A414E8E8BA0CC8434AA2D33,subject_id= 0
2015-04-09 19:17:21:进入活动登录类,活动的配置hd={"id":"146","htype":"4","title":"\u6d4b\u8bd5\u5145\u503c1","hd_start_time":"1427817600","hd_end_time":"1428768000","status":"1","hd_object":"1","condition_type":"1","condition_value":"","rule_type":"0","game_version":null,"game_object":"1","rule_content":"{\"denomination\":4,\"deadline\":3,\"restoration\":4}","rule_content_percent":null,"create_time":"1428577559","subject_id":"0"},活动的ID=146,uuid=E0E28031DD9F4750B595285443B425F4消费金额money=10赠送的金额范围4
2015-04-09 19:17:46:进入活动消费赠送类uuid=E0E28031DD9F4750B595285443B425F4,gameApiKey=C182B2152A414E8E8BA0CC8434AA2D33,消费金额curr_consume=10
2015-04-09 19:17:46:进入活动消费赠送类,当前的活动activityResult=[{"id":"146","htype":"4","title":"\u6d4b\u8bd5\u5145\u503c1","hd_start_time":"1427817600","hd_end_time":"1428768000","status":"1","hd_object":"1","condition_type":"1","condition_value":"","rule_type":"0","game_version":null,"game_object":"1","rule_content":"{\"denomination\":4,\"deadline\":3,\"restoration\":4}","rule_content_percent":null,"create_time":"1428577559","subject_id":"0"}]
2015-04-09 19:17:46:进入活动消费赠送类, uuid=E0E28031DD9F4750B595285443B425F4,赠送的对象game_object=1,game_api_key=C182B2152A414E8E8BA0CC8434AA2D33,subject_id= 0
2015-04-09 19:17:46:进入活动登录类,活动的配置hd={"id":"146","htype":"4","title":"\u6d4b\u8bd5\u5145\u503c1","hd_start_time":"1427817600","hd_end_time":"1428768000","status":"1","hd_object":"1","condition_type":"1","condition_value":"","rule_type":"0","game_version":null,"game_object":"1","rule_content":"{\"denomination\":4,\"deadline\":3,\"restoration\":4}","rule_content_percent":null,"create_time":"1428577559","subject_id":"0"},活动的ID=146,uuid=E0E28031DD9F4750B595285443B425F4消费金额money=10赠送的金额范围4
2015-04-09 19:18:10:进入活动消费赠送类uuid=E0E28031DD9F4750B595285443B425F4,gameApiKey=C182B2152A414E8E8BA0CC8434AA2D33,消费金额curr_consume=10
2015-04-09 19:18:10:进入活动消费赠送类,当前的活动activityResult=[{"id":"146","htype":"4","title":"\u6d4b\u8bd5\u5145\u503c1","hd_start_time":"1427817600","hd_end_time":"1428768000","status":"1","hd_object":"1","condition_type":"1","condition_value":"","rule_type":"0","game_version":null,"game_object":"1","rule_content":"{\"denomination\":4,\"deadline\":3,\"restoration\":90}","rule_content_percent":null,"create_time":"1428577559","subject_id":"0"}]
2015-04-09 19:18:10:进入活动消费赠送类, uuid=E0E28031DD9F4750B595285443B425F4,赠送的对象game_object=1,game_api_key=C182B2152A414E8E8BA0CC8434AA2D33,subject_id= 0
2015-04-09 19:18:11:进入活动登录类,活动的配置hd={"id":"146","htype":"4","title":"\u6d4b\u8bd5\u5145\u503c1","hd_start_time":"1427817600","hd_end_time":"1428768000","status":"1","hd_object":"1","condition_type":"1","condition_value":"","rule_type":"0","game_version":null,"game_object":"1","rule_content":"{\"denomination\":4,\"deadline\":3,\"restoration\":90}","rule_content_percent":null,"create_time":"1428577559","subject_id":"0"},活动的ID=146,uuid=E0E28031DD9F4750B595285443B425F4消费金额money=10赠送的金额范围4
2015-04-09 19:18:32:进入活动消费赠送类uuid=E0E28031DD9F4750B595285443B425F4,gameApiKey=C182B2152A414E8E8BA0CC8434AA2D33,消费金额curr_consume=10
2015-04-09 19:18:32:进入活动消费赠送类,当前的活动activityResult=[{"id":"146","htype":"4","title":"\u6d4b\u8bd5\u5145\u503c1","hd_start_time":"1427817600","hd_end_time":"1428768000","status":"1","hd_object":"1","condition_type":"1","condition_value":"","rule_type":"0","game_version":null,"game_object":"1","rule_content":"{\"denomination\":4,\"deadline\":3,\"restoration\":90}","rule_content_percent":null,"create_time":"1428577559","subject_id":"0"}]
2015-04-09 19:18:32:进入活动消费赠送类, uuid=E0E28031DD9F4750B595285443B425F4,赠送的对象game_object=1,game_api_key=C182B2152A414E8E8BA0CC8434AA2D33,subject_id= 0
2015-04-09 19:18:32:进入活动登录类,活动的配置hd={"id":"146","htype":"4","title":"\u6d4b\u8bd5\u5145\u503c1","hd_start_time":"1427817600","hd_end_time":"1428768000","status":"1","hd_object":"1","condition_type":"1","condition_value":"","rule_type":"0","game_version":null,"game_object":"1","rule_content":"{\"denomination\":4,\"deadline\":3,\"restoration\":90}","rule_content_percent":null,"create_time":"1428577559","subject_id":"0"},活动的ID=146,uuid=E0E28031DD9F4750B595285443B425F4消费金额money=10赠送的金额范围4
2015-04-09 19:19:03:进入活动消费赠送类uuid=E0E28031DD9F4750B595285443B425F4,gameApiKey=C182B2152A414E8E8BA0CC8434AA2D33,消费金额curr_consume=10
2015-04-09 19:19:03:进入活动消费赠送类,当前的活动activityResult=[{"id":"146","htype":"4","title":"\u6d4b\u8bd5\u5145\u503c1","hd_start_time":"1427817600","hd_end_time":"1428768000","status":"1","hd_object":"1","condition_type":"1","condition_value":"","rule_type":"0","game_version":null,"game_object":"1","rule_content":"{\"denomination\":4,\"deadline\":3,\"restoration\":90}","rule_content_percent":null,"create_time":"1428577559","subject_id":"0"}]
2015-04-09 19:19:03:进入活动消费赠送类, uuid=E0E28031DD9F4750B595285443B425F4,赠送的对象game_object=1,game_api_key=C182B2152A414E8E8BA0CC8434AA2D33,subject_id= 0
2015-04-09 19:19:03:进入活动登录类,活动的配置hd={"id":"146","htype":"4","title":"\u6d4b\u8bd5\u5145\u503c1","hd_start_time":"1427817600","hd_end_time":"1428768000","status":"1","hd_object":"1","condition_type":"1","condition_value":"","rule_type":"0","game_version":null,"game_object":"1","rule_content":"{\"denomination\":4,\"deadline\":3,\"restoration\":90}","rule_content_percent":null,"create_time":"1428577559","subject_id":"0"},活动的ID=146,uuid=E0E28031DD9F4750B595285443B425F4消费金额money=10赠送的金额范围4
2015-04-09 19:19:19:进入活动消费赠送类uuid=E0E28031DD9F4750B595285443B425F4,gameApiKey=C182B2152A414E8E8BA0CC8434AA2D33,消费金额curr_consume=10
2015-04-09 19:19:19:进入活动消费赠送类,当前的活动activityResult=[{"id":"146","htype":"4","title":"\u6d4b\u8bd5\u5145\u503c1","hd_start_time":"1427817600","hd_end_time":"1428768000","status":"1","hd_object":"1","condition_type":"1","condition_value":"","rule_type":"0","game_version":null,"game_object":"1","rule_content":"{\"denomination\":4,\"deadline\":3,\"restoration\":90}","rule_content_percent":null,"create_time":"1428577559","subject_id":"0"}]
2015-04-09 19:19:19:进入活动消费赠送类, uuid=E0E28031DD9F4750B595285443B425F4,赠送的对象game_object=1,game_api_key=C182B2152A414E8E8BA0CC8434AA2D33,subject_id= 0
2015-04-09 19:19:19:进入活动登录类,活动的配置hd={"id":"146","htype":"4","title":"\u6d4b\u8bd5\u5145\u503c1","hd_start_time":"1427817600","hd_end_time":"1428768000","status":"1","hd_object":"1","condition_type":"1","condition_value":"","rule_type":"0","game_version":null,"game_object":"1","rule_content":"{\"denomination\":4,\"deadline\":3,\"restoration\":90}","rule_content_percent":null,"create_time":"1428577559","subject_id":"0"},活动的ID=146,uuid=E0E28031DD9F4750B595285443B425F4消费金额money=10赠送的金额范围4
2015-04-09 19:19:19:进入活动消费赠送类,当前的活动prizeConfig=[{"denomination":9,"section_start":1,"section_end":3,"desc":"\u6d3b\u52a8\u8d60\u9001","uuid":"E0E28031DD9F4750B595285443B425F4","sub_send_type":"146","task_name":"\u6d4b\u8bd5\u5145\u503c1"}]
2015-04-09 19:19:19:进入活动消费任务类，组装的数组prize_arr=[{"aid":"2015040919191955266037694a5","denomination":"9","startTime":"20150409191919","endTime":"20150411235959","desc":"\u6d3b\u52a8\u8d60\u9001","uuid":"E0E28031DD9F4750B595285443B425F4","sub_send_type":"146","task_name":"\u6d4b\u8bd5\u5145\u503c1","densection":null}]
2015-04-09 19:19:19:进入活动消费任务类，PSOT请求到支付组服务器返回结果paymentResult={"token":"8D1EFB67C8464E87671FCA07332B8F29","data":[{"ano":"20150409000000006484","aid":"2015040919191955266037694a5"}],"msg":"success","success":"true"}
2015-04-09 19:19:19:进入父类，验证支付返回的token，reponseToken =8D1EFB67C8464E87671FCA07332B8F29,token=8d1efb67c8464e87671fca07332b8f29
2015-04-09 19:19:58:进入活动消费赠送类uuid=E0E28031DD9F4750B595285443B425F4,gameApiKey=C182B2152A414E8E8BA0CC8434AA2D33,消费金额curr_consume=10
2015-04-09 19:19:58:进入活动消费赠送类,当前的活动activityResult=[{"id":"146","htype":"4","title":"\u6d4b\u8bd5\u5145\u503c1","hd_start_time":"1427817600","hd_end_time":"1428768000","status":"1","hd_object":"1","condition_type":"1","condition_value":"","rule_type":"0","game_version":null,"game_object":"1","rule_content":"{\"denomination\":4,\"deadline\":3,\"restoration\":90}","rule_content_percent":null,"create_time":"1428577559","subject_id":"0"}]
2015-04-09 19:19:58:进入活动消费赠送类, uuid=E0E28031DD9F4750B595285443B425F4,赠送的对象game_object=1,game_api_key=C182B2152A414E8E8BA0CC8434AA2D33,subject_id= 0
2015-04-09 19:19:58:进入活动消费赠送类,当前的活动prizeConfig=[]
2015-04-09 19:19:59:进入活动消费赠送类uuid=E0E28031DD9F4750B595285443B425F4,gameApiKey=C182B2152A414E8E8BA0CC8434AA2D33,消费金额curr_consume=10
2015-04-09 19:19:59:进入活动消费赠送类,当前的活动activityResult=[{"id":"146","htype":"4","title":"\u6d4b\u8bd5\u5145\u503c1","hd_start_time":"1427817600","hd_end_time":"1428768000","status":"1","hd_object":"1","condition_type":"1","condition_value":"","rule_type":"0","game_version":null,"game_object":"1","rule_content":"{\"denomination\":4,\"deadline\":3,\"restoration\":90}","rule_content_percent":null,"create_time":"1428577559","subject_id":"0"}]
2015-04-09 19:19:59:进入活动消费赠送类, uuid=E0E28031DD9F4750B595285443B425F4,赠送的对象game_object=1,game_api_key=C182B2152A414E8E8BA0CC8434AA2D33,subject_id= 0
2015-04-09 19:19:59:进入活动消费赠送类,当前的活动prizeConfig=[]
