2015-04-15 09:35:08:进入活动充值赠送类uuid=E0E28031DD9F4750B595285443B425F4,gameApiKey=C182B2152A414E8E8BA0CC8434AA2D33,充值金额curr_consume=10
2015-04-15 09:35:08:进入活动充值赠送类,当前的活动activityResult=[{"id":"146","htype":"4","title":"\u6d4b\u8bd5\u5145\u503c1","hd_start_time":"1427817600","hd_end_time":"1429200000","status":"1","hd_object":"1","condition_type":"1","condition_value":"","rule_type":"0","game_version":null,"game_object":"1","rule_content":"{\"denomination\":4,\"deadline\":3,\"restoration\":90}","rule_content_percent":null,"create_time":"1428577559","subject_id":"0"}]
2015-04-15 09:35:08:进入活动充值赠送类, uuid=E0E28031DD9F4750B595285443B425F4,赠送的对象game_object=1,game_api_key=C182B2152A414E8E8BA0CC8434AA2D33,subject_id= 0
2015-04-15 09:35:08:进入活动登录类,活动的配置hd={"id":"146","htype":"4","title":"\u6d4b\u8bd5\u5145\u503c1","hd_start_time":"1427817600","hd_end_time":"1429200000","status":"1","hd_object":"1","condition_type":"1","condition_value":"","rule_type":"0","game_version":null,"game_object":"1","rule_content":"{\"denomination\":4,\"deadline\":3,\"restoration\":90}","rule_content_percent":null,"create_time":"1428577559","subject_id":"0"},活动的ID=146,uuid=E0E28031DD9F4750B595285443B425F4充值金额money=10赠送的金额范围4
2015-04-15 09:35:08:进入活动充值赠送类,当前的活动prizeConfig=[{"denomination":9,"section_start":1,"section_end":3,"desc":"\u6d3b\u52a8\u8d60\u9001","uuid":"E0E28031DD9F4750B595285443B425F4","sub_send_type":"146","task_name":"\u6d4b\u8bd5\u5145\u503c1"}]
2015-04-15 09:35:08:进入活动充值任务类，组装的数组prize_arr=[{"aid":"20150415093508552dc04c93118","denomination":"9","startTime":"20150415093508","endTime":"20150417235959","desc":"\u6d3b\u52a8\u8d60\u9001","uuid":"E0E28031DD9F4750B595285443B425F4","sub_send_type":"146","task_name":"\u6d4b\u8bd5\u5145\u503c1","densection":null}]
2015-04-15 09:35:09:进入活动充值任务类，PSOT请求到支付组服务器返回结果paymentResult={"token":"F1E0ACF58166231122F40405B93F2C5A","data":[{"ano":"20150415000000006621","aid":"20150415093508552dc04c93118"}],"msg":"success","success":"true"}
2015-04-15 09:35:09:进入父类，验证支付返回的token，reponseToken =F1E0ACF58166231122F40405B93F2C5A,token=f1e0acf58166231122f40405b93f2c5a
2015-04-15 09:35:11:进入活动充值赠送类uuid=E0E28031DD9F4750B595285443B425F4,gameApiKey=C182B2152A414E8E8BA0CC8434AA2D33,充值金额curr_consume=10
2015-04-15 09:35:11:进入活动充值赠送类,当前的活动activityResult=[{"id":"146","htype":"4","title":"\u6d4b\u8bd5\u5145\u503c1","hd_start_time":"1427817600","hd_end_time":"1429200000","status":"1","hd_object":"1","condition_type":"1","condition_value":"","rule_type":"0","game_version":null,"game_object":"1","rule_content":"{\"denomination\":4,\"deadline\":3,\"restoration\":90}","rule_content_percent":null,"create_time":"1428577559","subject_id":"0"}]
2015-04-15 09:35:11:进入活动充值赠送类, uuid=E0E28031DD9F4750B595285443B425F4,赠送的对象game_object=1,game_api_key=C182B2152A414E8E8BA0CC8434AA2D33,subject_id= 0
2015-04-15 09:35:11:进入活动登录类,活动的配置hd={"id":"146","htype":"4","title":"\u6d4b\u8bd5\u5145\u503c1","hd_start_time":"1427817600","hd_end_time":"1429200000","status":"1","hd_object":"1","condition_type":"1","condition_value":"","rule_type":"0","game_version":null,"game_object":"1","rule_content":"{\"denomination\":4,\"deadline\":3,\"restoration\":90}","rule_content_percent":null,"create_time":"1428577559","subject_id":"0"},活动的ID=146,uuid=E0E28031DD9F4750B595285443B425F4充值金额money=10赠送的金额范围4
2015-04-15 09:35:11:进入活动充值赠送类,当前的活动prizeConfig=[{"denomination":9,"section_start":1,"section_end":3,"desc":"\u6d3b\u52a8\u8d60\u9001","uuid":"E0E28031DD9F4750B595285443B425F4","sub_send_type":"146","task_name":"\u6d4b\u8bd5\u5145\u503c1"}]
2015-04-15 09:35:11:进入活动充值任务类，组装的数组prize_arr=[{"aid":"20150415093511552dc04f2f9f9","denomination":"9","startTime":"20150415093511","endTime":"20150417235959","desc":"\u6d3b\u52a8\u8d60\u9001","uuid":"E0E28031DD9F4750B595285443B425F4","sub_send_type":"146","task_name":"\u6d4b\u8bd5\u5145\u503c1","densection":null}]
2015-04-15 09:35:11:进入活动充值任务类，PSOT请求到支付组服务器返回结果paymentResult={"token":"3DA87A3E51B044AE8716DBD3320130C1","data":[{"ano":"20150415000000006622","aid":"20150415093511552dc04f2f9f9"}],"msg":"success","success":"true"}
2015-04-15 09:35:11:进入父类，验证支付返回的token，reponseToken =3DA87A3E51B044AE8716DBD3320130C1,token=3da87a3e51b044ae8716dbd3320130c1
2015-04-15 09:35:26:进入活动充值赠送类uuid=E0E28031DD9F4750B595285443B425F4,gameApiKey=C182B2152A414E8E8BA0CC8434AA2D33,充值金额curr_consume=10
2015-04-15 09:35:26:进入活动充值赠送类,当前的活动activityResult=[{"id":"146","htype":"4","title":"\u6d4b\u8bd5\u5145\u503c1","hd_start_time":"1427817600","hd_end_time":"1429200000","status":"1","hd_object":"1","condition_type":"1","condition_value":"","rule_type":"0","game_version":null,"game_object":"1","rule_content":"{\"denomination\":4,\"deadline\":3,\"restoration\":90}","rule_content_percent":null,"create_time":"1428577559","subject_id":"0"}]
2015-04-15 09:35:26:进入活动充值赠送类, uuid=E0E28031DD9F4750B595285443B425F4,赠送的对象game_object=1,game_api_key=C182B2152A414E8E8BA0CC8434AA2D33,subject_id= 0
2015-04-15 09:35:26:进入活动登录类,活动的配置hd={"id":"146","htype":"4","title":"\u6d4b\u8bd5\u5145\u503c1","hd_start_time":"1427817600","hd_end_time":"1429200000","status":"1","hd_object":"1","condition_type":"1","condition_value":"","rule_type":"0","game_version":null,"game_object":"1","rule_content":"{\"denomination\":4,\"deadline\":3,\"restoration\":90}","rule_content_percent":null,"create_time":"1428577559","subject_id":"0"},活动的ID=146,uuid=E0E28031DD9F4750B595285443B425F4充值金额money=10赠送的金额范围4
2015-04-15 09:35:26:进入活动充值赠送类,当前的活动prizeConfig=[{"denomination":9,"section_start":1,"section_end":3,"desc":"\u6d3b\u52a8\u8d60\u9001","uuid":"E0E28031DD9F4750B595285443B425F4","sub_send_type":"146","task_name":"\u6d4b\u8bd5\u5145\u503c1"}]
2015-04-15 09:35:26:进入活动充值任务类，组装的数组prize_arr=[{"aid":"20150415093526552dc05e2e907","denomination":"9","startTime":"20150415093526","endTime":"20150417235959","desc":"\u6d3b\u52a8\u8d60\u9001","uuid":"E0E28031DD9F4750B595285443B425F4","sub_send_type":"146","task_name":"\u6d4b\u8bd5\u5145\u503c1","densection":null}]
2015-04-15 09:35:26:进入活动充值任务类，PSOT请求到支付组服务器返回结果paymentResult={"token":"733AF7D0EDC826F97CC8BB37658502CE","data":[{"ano":"20150415000000006623","aid":"20150415093526552dc05e2e907"}],"msg":"success","success":"true"}
2015-04-15 09:35:26:进入父类，验证支付返回的token，reponseToken =733AF7D0EDC826F97CC8BB37658502CE,token=733af7d0edc826f97cc8bb37658502ce
2015-04-15 09:35:46:进入活动充值赠送类uuid=E0E28031DD9F4750B595285443B425F4,gameApiKey=C182B2152A414E8E8BA0CC8434AA2D33,充值金额curr_consume=10
2015-04-15 09:35:46:进入活动充值赠送类,当前的活动activityResult=[{"id":"146","htype":"4","title":"\u6d4b\u8bd5\u5145\u503c1","hd_start_time":"1427817600","hd_end_time":"1429200000","status":"1","hd_object":"1","condition_type":"1","condition_value":"","rule_type":"0","game_version":null,"game_object":"1","rule_content":"{\"denomination\":4,\"deadline\":3,\"restoration\":90}","rule_content_percent":null,"create_time":"1428577559","subject_id":"0"}]
2015-04-15 09:35:46:进入活动充值赠送类, uuid=E0E28031DD9F4750B595285443B425F4,赠送的对象game_object=1,game_api_key=C182B2152A414E8E8BA0CC8434AA2D33,subject_id= 0
2015-04-15 09:35:46:进入活动登录类,活动的配置hd={"id":"146","htype":"4","title":"\u6d4b\u8bd5\u5145\u503c1","hd_start_time":"1427817600","hd_end_time":"1429200000","status":"1","hd_object":"1","condition_type":"1","condition_value":"","rule_type":"0","game_version":null,"game_object":"1","rule_content":"{\"denomination\":4,\"deadline\":3,\"restoration\":90}","rule_content_percent":null,"create_time":"1428577559","subject_id":"0"},活动的ID=146,uuid=E0E28031DD9F4750B595285443B425F4充值金额money=10赠送的金额范围4
2015-04-15 09:35:46:进入活动充值赠送类,当前的活动prizeConfig=[{"denomination":9,"section_start":1,"section_end":3,"desc":"\u6d3b\u52a8\u8d60\u9001","uuid":"E0E28031DD9F4750B595285443B425F4","sub_send_type":"146","task_name":"\u6d4b\u8bd5\u5145\u503c1"}]
2015-04-15 09:35:46:进入活动充值任务类，组装的数组prize_arr=[{"aid":"20150415093546552dc07296d48","denomination":"9","startTime":"20150415093546","endTime":"20150417235959","desc":"\u6d3b\u52a8\u8d60\u9001","uuid":"E0E28031DD9F4750B595285443B425F4","sub_send_type":"146","task_name":"\u6d4b\u8bd5\u5145\u503c1","densection":null}]
2015-04-15 09:35:47:进入活动充值任务类，PSOT请求到支付组服务器返回结果paymentResult={"token":"26ED6F26B56DC252FF12F25F7B12D593","data":[{"ano":"20150415000000006624","aid":"20150415093546552dc07296d48"}],"msg":"success","success":"true"}
2015-04-15 09:35:47:进入父类，验证支付返回的token，reponseToken =26ED6F26B56DC252FF12F25F7B12D593,token=26ed6f26b56dc252ff12f25f7b12d593
2015-04-15 09:36:14:进入活动充值赠送类uuid=E0E28031DD9F4750B595285443B425F4,gameApiKey=C182B2152A414E8E8BA0CC8434AA2D33,充值金额curr_consume=10
2015-04-15 09:36:14:进入活动充值赠送类,当前的活动activityResult=[{"id":"146","htype":"4","title":"\u6d4b\u8bd5\u5145\u503c1","hd_start_time":"1427817600","hd_end_time":"1429200000","status":"1","hd_object":"1","condition_type":"1","condition_value":"","rule_type":"0","game_version":null,"game_object":"1","rule_content":"{\"denomination\":4,\"deadline\":3,\"restoration\":90}","rule_content_percent":null,"create_time":"1428577559","subject_id":"0"}]
2015-04-15 09:36:14:进入活动充值赠送类, uuid=E0E28031DD9F4750B595285443B425F4,赠送的对象game_object=1,game_api_key=C182B2152A414E8E8BA0CC8434AA2D33,subject_id= 0
2015-04-15 09:36:14:进入活动登录类,活动的配置hd={"id":"146","htype":"4","title":"\u6d4b\u8bd5\u5145\u503c1","hd_start_time":"1427817600","hd_end_time":"1429200000","status":"1","hd_object":"1","condition_type":"1","condition_value":"","rule_type":"0","game_version":null,"game_object":"1","rule_content":"{\"denomination\":4,\"deadline\":3,\"restoration\":90}","rule_content_percent":null,"create_time":"1428577559","subject_id":"0"},活动的ID=146,uuid=E0E28031DD9F4750B595285443B425F4充值金额money=10赠送的金额范围4
2015-04-15 09:36:14:进入活动充值赠送类,当前的活动prizeConfig=[{"denomination":9,"section_start":1,"section_end":3,"desc":"\u6d3b\u52a8\u8d60\u9001","uuid":"E0E28031DD9F4750B595285443B425F4","sub_send_type":"146","task_name":"\u6d4b\u8bd5\u5145\u503c1"}]
2015-04-15 09:36:14:进入活动充值任务类，组装的数组prize_arr=[{"aid":"20150415093614552dc08e377b4","denomination":"9","startTime":"20150415093614","endTime":"20150417235959","desc":"\u6d3b\u52a8\u8d60\u9001","uuid":"E0E28031DD9F4750B595285443B425F4","sub_send_type":"146","task_name":"\u6d4b\u8bd5\u5145\u503c1","densection":null}]
2015-04-15 09:36:15:进入活动充值任务类，PSOT请求到支付组服务器返回结果paymentResult={"token":"D539A56737CEA8D62B954405B951D6BA","data":[{"ano":"20150415000000006625","aid":"20150415093614552dc08e377b4"}],"msg":"success","success":"true"}
2015-04-15 09:36:15:进入父类，验证支付返回的token，reponseToken =D539A56737CEA8D62B954405B951D6BA,token=d539a56737cea8d62b954405b951d6ba
2015-04-15 09:36:50:进入活动充值赠送类uuid=E0E28031DD9F4750B595285443B425F4,gameApiKey=C182B2152A414E8E8BA0CC8434AA2D33,充值金额curr_consume=10
2015-04-15 09:36:50:进入活动充值赠送类,当前的活动activityResult=[{"id":"146","htype":"4","title":"\u6d4b\u8bd5\u5145\u503c1","hd_start_time":"1427817600","hd_end_time":"1429200000","status":"1","hd_object":"1","condition_type":"1","condition_value":"","rule_type":"0","game_version":null,"game_object":"1","rule_content":"{\"denomination\":4,\"deadline\":3,\"restoration\":90}","rule_content_percent":null,"create_time":"1428577559","subject_id":"0"}]
2015-04-15 09:36:50:进入活动充值赠送类, uuid=E0E28031DD9F4750B595285443B425F4,赠送的对象game_object=1,game_api_key=C182B2152A414E8E8BA0CC8434AA2D33,subject_id= 0
2015-04-15 09:36:50:进入活动登录类,活动的配置hd={"id":"146","htype":"4","title":"\u6d4b\u8bd5\u5145\u503c1","hd_start_time":"1427817600","hd_end_time":"1429200000","status":"1","hd_object":"1","condition_type":"1","condition_value":"","rule_type":"0","game_version":null,"game_object":"1","rule_content":"{\"denomination\":4,\"deadline\":3,\"restoration\":90}","rule_content_percent":null,"create_time":"1428577559","subject_id":"0"},活动的ID=146,uuid=E0E28031DD9F4750B595285443B425F4充值金额money=10赠送的金额范围4
2015-04-15 09:36:50:进入活动充值赠送类,当前的活动prizeConfig=[{"denomination":9,"section_start":1,"section_end":3,"desc":"\u6d3b\u52a8\u8d60\u9001","uuid":"E0E28031DD9F4750B595285443B425F4","sub_send_type":"146","task_name":"\u6d4b\u8bd5\u5145\u503c1"}]
2015-04-15 09:36:50:进入活动充值任务类，组装的数组prize_arr=[{"aid":"20150415093650552dc0b2d02f1","denomination":"9","startTime":"20150415093650","endTime":"20150417235959","desc":"\u6d3b\u52a8\u8d60\u9001","uuid":"E0E28031DD9F4750B595285443B425F4","sub_send_type":"146","task_name":"\u6d4b\u8bd5\u5145\u503c1","densection":null}]
2015-04-15 09:36:51:进入活动充值任务类，PSOT请求到支付组服务器返回结果paymentResult={"token":"1BC53930844957708BB96BAB85E11BBA","data":[{"ano":"20150415000000006626","aid":"20150415093650552dc0b2d02f1"}],"msg":"success","success":"true"}
2015-04-15 09:36:51:进入父类，验证支付返回的token，reponseToken =1BC53930844957708BB96BAB85E11BBA,token=1bc53930844957708bb96bab85e11bba
2015-04-15 09:36:55:进入活动充值赠送类uuid=E0E28031DD9F4750B595285443B425F4,gameApiKey=C182B2152A414E8E8BA0CC8434AA2D33,充值金额curr_consume=10
2015-04-15 09:36:55:进入活动充值赠送类,当前的活动activityResult=[{"id":"146","htype":"4","title":"\u6d4b\u8bd5\u5145\u503c1","hd_start_time":"1427817600","hd_end_time":"1429200000","status":"1","hd_object":"1","condition_type":"1","condition_value":"","rule_type":"0","game_version":null,"game_object":"1","rule_content":"{\"denomination\":4,\"deadline\":3,\"restoration\":90}","rule_content_percent":null,"create_time":"1428577559","subject_id":"0"}]
2015-04-15 09:36:55:进入活动充值赠送类, uuid=E0E28031DD9F4750B595285443B425F4,赠送的对象game_object=1,game_api_key=C182B2152A414E8E8BA0CC8434AA2D33,subject_id= 0
2015-04-15 09:36:55:进入活动登录类,活动的配置hd={"id":"146","htype":"4","title":"\u6d4b\u8bd5\u5145\u503c1","hd_start_time":"1427817600","hd_end_time":"1429200000","status":"1","hd_object":"1","condition_type":"1","condition_value":"","rule_type":"0","game_version":null,"game_object":"1","rule_content":"{\"denomination\":4,\"deadline\":3,\"restoration\":90}","rule_content_percent":null,"create_time":"1428577559","subject_id":"0"},活动的ID=146,uuid=E0E28031DD9F4750B595285443B425F4充值金额money=10赠送的金额范围4
2015-04-15 09:36:55:进入活动充值赠送类,当前的活动prizeConfig=[{"denomination":9,"section_start":1,"section_end":3,"desc":"\u6d3b\u52a8\u8d60\u9001","uuid":"E0E28031DD9F4750B595285443B425F4","sub_send_type":"146","task_name":"\u6d4b\u8bd5\u5145\u503c1"}]
2015-04-15 09:36:55:进入活动充值任务类，组装的数组prize_arr=[{"aid":"20150415093655552dc0b71cb65","denomination":"9","startTime":"20150415093655","endTime":"20150417235959","desc":"\u6d3b\u52a8\u8d60\u9001","uuid":"E0E28031DD9F4750B595285443B425F4","sub_send_type":"146","task_name":"\u6d4b\u8bd5\u5145\u503c1","densection":null}]
2015-04-15 09:36:55:进入活动充值任务类，PSOT请求到支付组服务器返回结果paymentResult={"token":"69C473EDA7F9C537213053748BBBCD66","data":[{"ano":"20150415000000006627","aid":"20150415093655552dc0b71cb65"}],"msg":"success","success":"true"}
2015-04-15 09:36:55:进入父类，验证支付返回的token，reponseToken =69C473EDA7F9C537213053748BBBCD66,token=69c473eda7f9c537213053748bbbcd66
2015-04-15 09:37:30:进入活动充值赠送类uuid=E0E28031DD9F4750B595285443B425F4,gameApiKey=C182B2152A414E8E8BA0CC8434AA2D33,充值金额curr_consume=10
2015-04-15 09:37:30:进入活动充值赠送类,当前的活动activityResult=[{"id":"146","htype":"4","title":"\u6d4b\u8bd5\u5145\u503c1","hd_start_time":"1427817600","hd_end_time":"1429200000","status":"1","hd_object":"1","condition_type":"1","condition_value":"","rule_type":"0","game_version":null,"game_object":"1","rule_content":"{\"denomination\":4,\"deadline\":3,\"restoration\":90}","rule_content_percent":null,"create_time":"1428577559","subject_id":"0"}]
2015-04-15 09:37:30:进入活动充值赠送类, uuid=E0E28031DD9F4750B595285443B425F4,赠送的对象game_object=1,game_api_key=C182B2152A414E8E8BA0CC8434AA2D33,subject_id= 0
2015-04-15 09:37:30:进入活动登录类,活动的配置hd={"id":"146","htype":"4","title":"\u6d4b\u8bd5\u5145\u503c1","hd_start_time":"1427817600","hd_end_time":"1429200000","status":"1","hd_object":"1","condition_type":"1","condition_value":"","rule_type":"0","game_version":null,"game_object":"1","rule_content":"{\"denomination\":4,\"deadline\":3,\"restoration\":90}","rule_content_percent":null,"create_time":"1428577559","subject_id":"0"},活动的ID=146,uuid=E0E28031DD9F4750B595285443B425F4充值金额money=10赠送的金额范围4
2015-04-15 09:37:30:进入活动充值赠送类,当前的活动prizeConfig=[{"denomination":9,"section_start":1,"section_end":3,"desc":"\u6d3b\u52a8\u8d60\u9001","uuid":"E0E28031DD9F4750B595285443B425F4","sub_send_type":"146","task_name":"\u6d4b\u8bd5\u5145\u503c1"}]
2015-04-15 09:37:30:进入活动充值任务类，组装的数组prize_arr=[{"aid":"20150415093730552dc0da8067b","denomination":"9","startTime":"20150415093730","endTime":"20150417235959","desc":"\u6d3b\u52a8\u8d60\u9001","uuid":"E0E28031DD9F4750B595285443B425F4","sub_send_type":"146","task_name":"\u6d4b\u8bd5\u5145\u503c1","densection":null}]
2015-04-15 09:37:31:进入活动充值任务类，PSOT请求到支付组服务器返回结果paymentResult={"token":"ACECC90E61F3694EC485C7EBF107828F","data":[{"ano":"20150415000000006628","aid":"20150415093730552dc0da8067b"}],"msg":"success","success":"true"}
2015-04-15 09:37:31:进入父类，验证支付返回的token，reponseToken =ACECC90E61F3694EC485C7EBF107828F,token=acecc90e61f3694ec485c7ebf107828f
2015-04-15 09:42:13:进入活动充值赠送类uuid=E0E28031DD9F4750B595285443B425F4,gameApiKey=C182B2152A414E8E8BA0CC8434AA2D33,充值金额curr_consume=10
2015-04-15 09:42:13:进入活动充值赠送类,当前的活动activityResult=[{"id":"146","htype":"4","title":"\u6d4b\u8bd5\u5145\u503c1","hd_start_time":"1427817600","hd_end_time":"1429200000","status":"1","hd_object":"1","condition_type":"1","condition_value":"","rule_type":"0","game_version":null,"game_object":"1","rule_content":"{\"denomination\":4,\"deadline\":3,\"restoration\":90}","rule_content_percent":null,"create_time":"1428577559","subject_id":"0"}]
2015-04-15 09:42:13:进入活动充值赠送类, uuid=E0E28031DD9F4750B595285443B425F4,赠送的对象game_object=1,game_api_key=C182B2152A414E8E8BA0CC8434AA2D33,subject_id= 0
2015-04-15 09:42:13:进入活动登录类,活动的配置hd={"id":"146","htype":"4","title":"\u6d4b\u8bd5\u5145\u503c1","hd_start_time":"1427817600","hd_end_time":"1429200000","status":"1","hd_object":"1","condition_type":"1","condition_value":"","rule_type":"0","game_version":null,"game_object":"1","rule_content":"{\"denomination\":4,\"deadline\":3,\"restoration\":90}","rule_content_percent":null,"create_time":"1428577559","subject_id":"0"},活动的ID=146,uuid=E0E28031DD9F4750B595285443B425F4充值金额money=10赠送的金额范围4
2015-04-15 09:42:13:进入活动充值赠送类,当前的活动prizeConfig=[{"denomination":9,"section_start":1,"section_end":3,"desc":"\u6d3b\u52a8\u8d60\u9001","uuid":"E0E28031DD9F4750B595285443B425F4","sub_send_type":"146","task_name":"\u6d4b\u8bd5\u5145\u503c1"}]
2015-04-15 09:42:13:进入活动充值任务类，组装的数组prize_arr=[{"aid":"20150415094213552dc1f5298a5","denomination":"9","startTime":"20150415094213","endTime":"20150417235959","desc":"\u6d3b\u52a8\u8d60\u9001","uuid":"E0E28031DD9F4750B595285443B425F4","sub_send_type":"146","task_name":"\u6d4b\u8bd5\u5145\u503c1","densection":null}]
2015-04-15 09:42:13:进入活动充值任务类，PSOT请求到支付组服务器返回结果paymentResult={"token":"EC27FE02E4392197B46E8BD9F95DB6F8","data":[{"ano":"20150415000000006629","aid":"20150415094213552dc1f5298a5"}],"msg":"success","success":"true"}
2015-04-15 09:42:13:进入父类，验证支付返回的token，reponseToken =EC27FE02E4392197B46E8BD9F95DB6F8,token=ec27fe02e4392197b46e8bd9f95db6f8
2015-04-15 09:42:15:进入活动充值赠送类uuid=E0E28031DD9F4750B595285443B425F4,gameApiKey=C182B2152A414E8E8BA0CC8434AA2D33,充值金额curr_consume=10
2015-04-15 09:42:15:进入活动充值赠送类,当前的活动activityResult=[{"id":"146","htype":"4","title":"\u6d4b\u8bd5\u5145\u503c1","hd_start_time":"1427817600","hd_end_time":"1429200000","status":"1","hd_object":"1","condition_type":"1","condition_value":"","rule_type":"0","game_version":null,"game_object":"1","rule_content":"{\"denomination\":4,\"deadline\":3,\"restoration\":90}","rule_content_percent":null,"create_time":"1428577559","subject_id":"0"}]
2015-04-15 09:42:15:进入活动充值赠送类, uuid=E0E28031DD9F4750B595285443B425F4,赠送的对象game_object=1,game_api_key=C182B2152A414E8E8BA0CC8434AA2D33,subject_id= 0
2015-04-15 09:42:15:进入活动登录类,活动的配置hd={"id":"146","htype":"4","title":"\u6d4b\u8bd5\u5145\u503c1","hd_start_time":"1427817600","hd_end_time":"1429200000","status":"1","hd_object":"1","condition_type":"1","condition_value":"","rule_type":"0","game_version":null,"game_object":"1","rule_content":"{\"denomination\":4,\"deadline\":3,\"restoration\":90}","rule_content_percent":null,"create_time":"1428577559","subject_id":"0"},活动的ID=146,uuid=E0E28031DD9F4750B595285443B425F4充值金额money=10赠送的金额范围4
2015-04-15 09:42:15:进入活动充值赠送类,当前的活动prizeConfig=[{"denomination":9,"section_start":1,"section_end":3,"desc":"\u6d3b\u52a8\u8d60\u9001","uuid":"E0E28031DD9F4750B595285443B425F4","sub_send_type":"146","task_name":"\u6d4b\u8bd5\u5145\u503c1"}]
2015-04-15 09:42:15:进入活动充值任务类，组装的数组prize_arr=[{"aid":"20150415094215552dc1f7a1c88","denomination":"9","startTime":"20150415094215","endTime":"20150417235959","desc":"\u6d3b\u52a8\u8d60\u9001","uuid":"E0E28031DD9F4750B595285443B425F4","sub_send_type":"146","task_name":"\u6d4b\u8bd5\u5145\u503c1","densection":null}]
2015-04-15 09:42:16:进入活动充值任务类，PSOT请求到支付组服务器返回结果paymentResult={"token":"FD9168E79E0236EFAE920ED6D891359A","data":[{"ano":"20150415000000006630","aid":"20150415094215552dc1f7a1c88"}],"msg":"success","success":"true"}
2015-04-15 09:42:16:进入父类，验证支付返回的token，reponseToken =FD9168E79E0236EFAE920ED6D891359A,token=fd9168e79e0236efae920ed6d891359a
2015-04-15 09:43:27:进入活动充值赠送类uuid=E0E28031DD9F4750B595285443B425F4,gameApiKey=C182B2152A414E8E8BA0CC8434AA2D33,充值金额curr_consume=10
2015-04-15 09:43:27:进入活动充值赠送类,当前的活动activityResult=[{"id":"146","htype":"4","title":"\u6d4b\u8bd5\u5145\u503c1","hd_start_time":"1427817600","hd_end_time":"1429200000","status":"1","hd_object":"1","condition_type":"1","condition_value":"","rule_type":"0","game_version":null,"game_object":"1","rule_content":"{\"denomination\":4,\"deadline\":3,\"restoration\":90}","rule_content_percent":null,"create_time":"1428577559","subject_id":"0"}]
2015-04-15 09:43:27:进入活动充值赠送类, uuid=E0E28031DD9F4750B595285443B425F4,赠送的对象game_object=1,game_api_key=C182B2152A414E8E8BA0CC8434AA2D33,subject_id= 0
2015-04-15 09:43:27:进入活动充值赠送类,当前的活动prizeConfig=[]
2015-04-15 09:43:28:进入活动充值赠送类uuid=E0E28031DD9F4750B595285443B425F4,gameApiKey=C182B2152A414E8E8BA0CC8434AA2D33,充值金额curr_consume=10
2015-04-15 09:43:28:进入活动充值赠送类,当前的活动activityResult=[{"id":"146","htype":"4","title":"\u6d4b\u8bd5\u5145\u503c1","hd_start_time":"1427817600","hd_end_time":"1429200000","status":"1","hd_object":"1","condition_type":"1","condition_value":"","rule_type":"0","game_version":null,"game_object":"1","rule_content":"{\"denomination\":4,\"deadline\":3,\"restoration\":90}","rule_content_percent":null,"create_time":"1428577559","subject_id":"0"}]
2015-04-15 09:43:28:进入活动充值赠送类, uuid=E0E28031DD9F4750B595285443B425F4,赠送的对象game_object=1,game_api_key=C182B2152A414E8E8BA0CC8434AA2D33,subject_id= 0
2015-04-15 09:43:28:进入活动充值赠送类,当前的活动prizeConfig=[]
2015-04-15 09:43:29:进入活动充值赠送类uuid=E0E28031DD9F4750B595285443B425F4,gameApiKey=C182B2152A414E8E8BA0CC8434AA2D33,充值金额curr_consume=10
2015-04-15 09:43:29:进入活动充值赠送类,当前的活动activityResult=[{"id":"146","htype":"4","title":"\u6d4b\u8bd5\u5145\u503c1","hd_start_time":"1427817600","hd_end_time":"1429200000","status":"1","hd_object":"1","condition_type":"1","condition_value":"","rule_type":"0","game_version":null,"game_object":"1","rule_content":"{\"denomination\":4,\"deadline\":3,\"restoration\":90}","rule_content_percent":null,"create_time":"1428577559","subject_id":"0"}]
2015-04-15 09:43:29:进入活动充值赠送类, uuid=E0E28031DD9F4750B595285443B425F4,赠送的对象game_object=1,game_api_key=C182B2152A414E8E8BA0CC8434AA2D33,subject_id= 0
2015-04-15 09:43:29:进入活动充值赠送类,当前的活动prizeConfig=[]
2015-04-15 09:43:31:进入活动充值赠送类uuid=E0E28031DD9F4750B595285443B425F4,gameApiKey=C182B2152A414E8E8BA0CC8434AA2D33,充值金额curr_consume=10
2015-04-15 09:43:31:进入活动充值赠送类,当前的活动activityResult=[{"id":"146","htype":"4","title":"\u6d4b\u8bd5\u5145\u503c1","hd_start_time":"1427817600","hd_end_time":"1429200000","status":"1","hd_object":"1","condition_type":"1","condition_value":"","rule_type":"0","game_version":null,"game_object":"1","rule_content":"{\"denomination\":4,\"deadline\":3,\"restoration\":90}","rule_content_percent":null,"create_time":"1428577559","subject_id":"0"}]
2015-04-15 09:43:31:进入活动充值赠送类, uuid=E0E28031DD9F4750B595285443B425F4,赠送的对象game_object=1,game_api_key=C182B2152A414E8E8BA0CC8434AA2D33,subject_id= 0
2015-04-15 09:43:31:进入活动充值赠送类,当前的活动prizeConfig=[]
2015-04-15 09:43:32:进入活动充值赠送类uuid=E0E28031DD9F4750B595285443B425F4,gameApiKey=C182B2152A414E8E8BA0CC8434AA2D33,充值金额curr_consume=10
2015-04-15 09:43:32:进入活动充值赠送类,当前的活动activityResult=[{"id":"146","htype":"4","title":"\u6d4b\u8bd5\u5145\u503c1","hd_start_time":"1427817600","hd_end_time":"1429200000","status":"1","hd_object":"1","condition_type":"1","condition_value":"","rule_type":"0","game_version":null,"game_object":"1","rule_content":"{\"denomination\":4,\"deadline\":3,\"restoration\":90}","rule_content_percent":null,"create_time":"1428577559","subject_id":"0"}]
2015-04-15 09:43:32:进入活动充值赠送类, uuid=E0E28031DD9F4750B595285443B425F4,赠送的对象game_object=1,game_api_key=C182B2152A414E8E8BA0CC8434AA2D33,subject_id= 0
2015-04-15 09:43:32:进入活动充值赠送类,当前的活动prizeConfig=[]
2015-04-15 09:44:05:进入活动充值赠送类uuid=E0E28031DD9F4750B595285443B425F4,gameApiKey=C182B2152A414E8E8BA0CC8434AA2D33,充值金额curr_consume=10
2015-04-15 09:44:05:进入活动充值赠送类,当前的活动activityResult=[{"id":"146","htype":"4","title":"\u6d4b\u8bd5\u5145\u503c1","hd_start_time":"1427817600","hd_end_time":"1429200000","status":"1","hd_object":"1","condition_type":"1","condition_value":"","rule_type":"0","game_version":null,"game_object":"1","rule_content":"{\"denomination\":4,\"deadline\":3,\"restoration\":90}","rule_content_percent":null,"create_time":"1428577559","subject_id":"0"}]
2015-04-15 09:44:05:进入活动充值赠送类, uuid=E0E28031DD9F4750B595285443B425F4,赠送的对象game_object=1,game_api_key=C182B2152A414E8E8BA0CC8434AA2D33,subject_id= 0
2015-04-15 09:44:05:进入活动充值赠送类,当前的活动prizeConfig=[]
2015-04-15 09:44:06:进入活动充值赠送类uuid=E0E28031DD9F4750B595285443B425F4,gameApiKey=C182B2152A414E8E8BA0CC8434AA2D33,充值金额curr_consume=10
2015-04-15 09:44:06:进入活动充值赠送类,当前的活动activityResult=[{"id":"146","htype":"4","title":"\u6d4b\u8bd5\u5145\u503c1","hd_start_time":"1427817600","hd_end_time":"1429200000","status":"1","hd_object":"1","condition_type":"1","condition_value":"","rule_type":"0","game_version":null,"game_object":"1","rule_content":"{\"denomination\":4,\"deadline\":3,\"restoration\":90}","rule_content_percent":null,"create_time":"1428577559","subject_id":"0"}]
2015-04-15 09:44:06:进入活动充值赠送类, uuid=E0E28031DD9F4750B595285443B425F4,赠送的对象game_object=1,game_api_key=C182B2152A414E8E8BA0CC8434AA2D33,subject_id= 0
2015-04-15 09:44:06:进入活动充值赠送类,当前的活动prizeConfig=[]
2015-04-15 09:44:06:进入活动充值赠送类uuid=E0E28031DD9F4750B595285443B425F4,gameApiKey=C182B2152A414E8E8BA0CC8434AA2D33,充值金额curr_consume=10
2015-04-15 09:44:06:进入活动充值赠送类,当前的活动activityResult=[{"id":"146","htype":"4","title":"\u6d4b\u8bd5\u5145\u503c1","hd_start_time":"1427817600","hd_end_time":"1429200000","status":"1","hd_object":"1","condition_type":"1","condition_value":"","rule_type":"0","game_version":null,"game_object":"1","rule_content":"{\"denomination\":4,\"deadline\":3,\"restoration\":90}","rule_content_percent":null,"create_time":"1428577559","subject_id":"0"}]
2015-04-15 09:44:06:进入活动充值赠送类, uuid=E0E28031DD9F4750B595285443B425F4,赠送的对象game_object=1,game_api_key=C182B2152A414E8E8BA0CC8434AA2D33,subject_id= 0
2015-04-15 09:44:06:进入活动充值赠送类,当前的活动prizeConfig=[]
2015-04-15 09:44:21:进入活动充值赠送类uuid=E0E28031DD9F4750B595285443B425F4,gameApiKey=C182B2152A414E8E8BA0CC8434AA2D33,充值金额curr_consume=10
2015-04-15 09:44:21:进入活动充值赠送类,当前的活动activityResult=[{"id":"146","htype":"4","title":"\u6d4b\u8bd5\u5145\u503c1","hd_start_time":"1427817600","hd_end_time":"1429200000","status":"1","hd_object":"1","condition_type":"1","condition_value":"","rule_type":"0","game_version":null,"game_object":"1","rule_content":"{\"denomination\":4,\"deadline\":3,\"restoration\":90}","rule_content_percent":null,"create_time":"1428577559","subject_id":"0"}]
2015-04-15 09:44:21:进入活动充值赠送类, uuid=E0E28031DD9F4750B595285443B425F4,赠送的对象game_object=1,game_api_key=C182B2152A414E8E8BA0CC8434AA2D33,subject_id= 0
2015-04-15 09:44:21:进入活动充值赠送类,当前的活动prizeConfig=[]
2015-04-15 09:57:45:进入活动充值赠送类uuid=E0E28031DD9F4750B595285443B425F4,gameApiKey=C182B2152A414E8E8BA0CC8434AA2D33,充值金额curr_consume=10
2015-04-15 09:57:45:进入活动充值赠送类,当前的活动activityResult=[{"id":"146","htype":"4","title":"\u6d4b\u8bd5\u5145\u503c1","hd_start_time":"1427817600","hd_end_time":"1429200000","status":"1","hd_object":"1","condition_type":"1","condition_value":"","rule_type":"0","game_version":null,"game_object":"1","rule_content":"{\"denomination\":4,\"deadline\":3,\"restoration\":90}","rule_content_percent":null,"create_time":"1428577559","subject_id":"0"}]
2015-04-15 09:57:45:进入活动充值赠送类, uuid=E0E28031DD9F4750B595285443B425F4,赠送的对象game_object=1,game_api_key=C182B2152A414E8E8BA0CC8434AA2D33,subject_id= 0
2015-04-15 09:57:45:进入活动充值赠送类,当前的活动prizeConfig=[]
2015-04-15 10:10:17:进入活动充值赠送类uuid=DAA4D6D7B9B642DEB8578590E604401C,gameApiKey=1,充值金额curr_consume=10
2015-04-15 10:10:17:进入活动充值赠送类,当前的活动activityResult=[{"id":"146","htype":"4","title":"\u6d4b\u8bd5\u5145\u503c1","hd_start_time":"1427817600","hd_end_time":"1429200000","status":"1","hd_object":"1","condition_type":"1","condition_value":"","rule_type":"0","game_version":null,"game_object":"1","rule_content":"{\"denomination\":4,\"deadline\":3,\"restoration\":90}","rule_content_percent":null,"create_time":"1428577559","subject_id":"0"}]
2015-04-15 10:10:17:进入活动充值赠送类, uuid=DAA4D6D7B9B642DEB8578590E604401C,赠送的对象game_object=1,game_api_key=1,subject_id= 0
2015-04-15 10:10:17:进入活动充值赠送类,当前的活动prizeConfig=[]
2015-04-15 10:10:32:进入活动充值赠送类uuid=DAA4D6D7B9B642DEB8578590E604401C,gameApiKey=1,充值金额curr_consume=10
2015-04-15 10:10:32:进入活动充值赠送类,当前的活动activityResult=[{"id":"146","htype":"4","title":"\u6d4b\u8bd5\u5145\u503c1","hd_start_time":"1427817600","hd_end_time":"1429200000","status":"1","hd_object":"1","condition_type":"1","condition_value":"","rule_type":"0","game_version":null,"game_object":"1","rule_content":"{\"denomination\":4,\"deadline\":3,\"restoration\":90}","rule_content_percent":null,"create_time":"1428577559","subject_id":"0"}]
2015-04-15 10:10:32:进入活动充值赠送类, uuid=DAA4D6D7B9B642DEB8578590E604401C,赠送的对象game_object=1,game_api_key=1,subject_id= 0
2015-04-15 10:10:32:进入活动充值赠送类,当前的活动prizeConfig=[]
2015-04-15 10:10:35:进入活动充值赠送类uuid=DAA4D6D7B9B642DEB8578590E604401C,gameApiKey=1,充值金额curr_consume=10
2015-04-15 10:10:35:进入活动充值赠送类,当前的活动activityResult=[{"id":"146","htype":"4","title":"\u6d4b\u8bd5\u5145\u503c1","hd_start_time":"1427817600","hd_end_time":"1429200000","status":"1","hd_object":"1","condition_type":"1","condition_value":"","rule_type":"0","game_version":null,"game_object":"1","rule_content":"{\"denomination\":4,\"deadline\":3,\"restoration\":90}","rule_content_percent":null,"create_time":"1428577559","subject_id":"0"}]
2015-04-15 10:10:35:进入活动充值赠送类, uuid=DAA4D6D7B9B642DEB8578590E604401C,赠送的对象game_object=1,game_api_key=1,subject_id= 0
2015-04-15 10:10:35:进入活动充值赠送类,当前的活动prizeConfig=[]
2015-04-15 10:11:00:进入活动充值赠送类uuid=DAA4D6D7B9B642DEB8578590E604401C,gameApiKey=1,充值金额curr_consume=10
2015-04-15 10:11:00:进入活动充值赠送类,当前的活动activityResult=[{"id":"146","htype":"4","title":"\u6d4b\u8bd5\u5145\u503c1","hd_start_time":"1427817600","hd_end_time":"1429200000","status":"1","hd_object":"1","condition_type":"1","condition_value":"","rule_type":"0","game_version":null,"game_object":"1","rule_content":"{\"denomination\":4,\"deadline\":3,\"restoration\":90}","rule_content_percent":null,"create_time":"1428577559","subject_id":"0"}]
2015-04-15 10:11:00:进入活动充值赠送类, uuid=DAA4D6D7B9B642DEB8578590E604401C,赠送的对象game_object=1,game_api_key=1,subject_id= 0
2015-04-15 10:11:00:进入活动充值赠送类,当前的活动prizeConfig=[]
2015-04-15 10:11:28:进入活动充值赠送类uuid=DAA4D6D7B9B642DEB8578590E604401C,gameApiKey=1,充值金额curr_consume=10
2015-04-15 10:11:28:进入活动充值赠送类,当前的活动activityResult=[{"id":"146","htype":"4","title":"\u6d4b\u8bd5\u5145\u503c1","hd_start_time":"1427817600","hd_end_time":"1429200000","status":"1","hd_object":"1","condition_type":"1","condition_value":"","rule_type":"0","game_version":null,"game_object":"1","rule_content":"{\"denomination\":4,\"deadline\":3,\"restoration\":90}","rule_content_percent":null,"create_time":"1428577559","subject_id":"0"}]
2015-04-15 10:11:28:进入活动充值赠送类, uuid=DAA4D6D7B9B642DEB8578590E604401C,赠送的对象game_object=1,game_api_key=1,subject_id= 0
2015-04-15 10:11:28:进入活动充值赠送类,当前的活动prizeConfig=[]
