------------------------------------------------------------------------
r232 | vus520 | 2013-12-27 20:13:59 +0800 (五, 2013-12-27) | 1 行

优化测试工具
------------------------------------------------------------------------
r231 | vus520 | 2013-12-27 20:12:08 +0800 (五, 2013-12-27) | 1 行

优化测试工具
------------------------------------------------------------------------
r230 | vus520 | 2013-12-27 19:18:29 +0800 (五, 2013-12-27) | 1 行

update
------------------------------------------------------------------------
r229 | vus520 | 2013-12-27 19:18:04 +0800 (五, 2013-12-27) | 1 行

update
------------------------------------------------------------------------
r228 | vus520 | 2013-12-27 19:13:04 +0800 (五, 2013-12-27) | 1 行

update apktool
------------------------------------------------------------------------
r227 | vus520 | 2013-12-27 19:05:37 +0800 (五, 2013-12-27) | 1 行

add apktools
------------------------------------------------------------------------
r226 | gaochaodog | 2013-12-27 18:25:29 +0800 (五, 2013-12-27) | 1 行


------------------------------------------------------------------------
r225 | gaochaodog | 2013-12-27 18:24:05 +0800 (五, 2013-12-27) | 1 行


------------------------------------------------------------------------
r224 | gaochaodog | 2013-12-27 18:23:47 +0800 (五, 2013-12-27) | 1 行


------------------------------------------------------------------------
r223 | vus520 | 2013-12-27 17:27:20 +0800 (五, 2013-12-27) | 1 行

添加文件保存目录
------------------------------------------------------------------------
r222 | vus520 | 2013-12-27 17:15:48 +0800 (五, 2013-12-27) | 1 行

dump sql online
------------------------------------------------------------------------
r221 | gaochaodog | 2013-12-27 16:49:45 +0800 (五, 2013-12-27) | 1 行


------------------------------------------------------------------------
r220 | gaochaodog | 2013-12-27 16:07:29 +0800 (五, 2013-12-27) | 1 行


------------------------------------------------------------------------
r219 | vus520 | 2013-12-27 15:42:08 +0800 (五, 2013-12-27) | 1 行

修改税务完善模块
------------------------------------------------------------------------
r218 | vus520 | 2013-12-27 15:15:44 +0800 (五, 2013-12-27) | 1 行

添加顶部导航
------------------------------------------------------------------------
r217 | vus520 | 2013-12-27 15:15:02 +0800 (五, 2013-12-27) | 1 行

添加顶部导航
------------------------------------------------------------------------
r216 | vus520 | 2013-12-27 15:14:36 +0800 (五, 2013-12-27) | 1 行

修改模板，添加左侧导航
------------------------------------------------------------------------
r215 | gaochaodog | 2013-12-27 15:09:13 +0800 (五, 2013-12-27) | 1 行


------------------------------------------------------------------------
r214 | gaochaodog | 2013-12-27 15:07:13 +0800 (五, 2013-12-27) | 1 行


------------------------------------------------------------------------
r213 | vus520 | 2013-12-27 15:02:32 +0800 (五, 2013-12-27) | 1 行

添加资料修改入口
------------------------------------------------------------------------
r212 | gaochaodog | 2013-12-27 14:59:16 +0800 (五, 2013-12-27) | 1 行


------------------------------------------------------------------------
r211 | vus520 | 2013-12-27 14:55:32 +0800 (五, 2013-12-27) | 1 行

联运后台开发
------------------------------------------------------------------------
r210 | vus520 | 2013-12-27 14:55:04 +0800 (五, 2013-12-27) | 1 行

优化一下SQL
------------------------------------------------------------------------
r209 | vus520 | 2013-12-27 14:54:00 +0800 (五, 2013-12-27) | 1 行

update
------------------------------------------------------------------------
r208 | vus520 | 2013-12-27 14:53:25 +0800 (五, 2013-12-27) | 1 行

优化一个错误写法
------------------------------------------------------------------------
r207 | gaochaodog | 2013-12-27 14:48:00 +0800 (五, 2013-12-27) | 1 行


------------------------------------------------------------------------
r206 | gaochaodog | 2013-12-27 14:24:16 +0800 (五, 2013-12-27) | 1 行


------------------------------------------------------------------------
r205 | gaochaodog | 2013-12-27 14:10:41 +0800 (五, 2013-12-27) | 1 行


------------------------------------------------------------------------
r204 | gaochaodog | 2013-12-27 14:09:43 +0800 (五, 2013-12-27) | 1 行


------------------------------------------------------------------------
r203 | gaochaodog | 2013-12-27 14:06:45 +0800 (五, 2013-12-27) | 1 行


------------------------------------------------------------------------
r202 | gaochaodog | 2013-12-27 14:06:37 +0800 (五, 2013-12-27) | 1 行


------------------------------------------------------------------------
r201 | vus520 | 2013-12-27 12:51:05 +0800 (五, 2013-12-27) | 1 行

优化APPKEY接口，现在已经调通
------------------------------------------------------------------------
r200 | vus520 | 2013-12-27 11:50:09 +0800 (五, 2013-12-27) | 1 行

修改json_encode的形式
------------------------------------------------------------------------
r199 | vus520 | 2013-12-27 11:29:19 +0800 (五, 2013-12-27) | 1 行

update
------------------------------------------------------------------------
r198 | vus520 | 2013-12-27 11:24:14 +0800 (五, 2013-12-27) | 1 行

修改AppKey测试用例
------------------------------------------------------------------------
r197 | vus520 | 2013-12-27 11:21:16 +0800 (五, 2013-12-27) | 1 行

添加验证码测试用例
------------------------------------------------------------------------
r196 | vus520 | 2013-12-27 11:20:34 +0800 (五, 2013-12-27) | 1 行

添加新的验证码基类
------------------------------------------------------------------------
r195 | c61811 | 2013-12-27 01:11:10 +0800 (五, 2013-12-27) | 1 行

添加bootstrap
------------------------------------------------------------------------
r194 | c61811 | 2013-12-27 01:08:57 +0800 (五, 2013-12-27) | 1 行

应用上传和包解析处理
------------------------------------------------------------------------
r193 | vus520 | 2013-12-27 00:55:42 +0800 (五, 2013-12-27) | 1 行

update
------------------------------------------------------------------------
r192 | vus520 | 2013-12-27 00:50:45 +0800 (五, 2013-12-27) | 1 行

update
------------------------------------------------------------------------
r191 | vus520 | 2013-12-27 00:47:32 +0800 (五, 2013-12-27) | 1 行

AppKey后台审核模块
------------------------------------------------------------------------
r190 | jiazhu | 2013-12-27 00:37:23 +0800 (五, 2013-12-27) | 1 行

edit bug
------------------------------------------------------------------------
r189 | vus520 | 2013-12-26 23:43:28 +0800 (四, 2013-12-26) | 1 行

update
------------------------------------------------------------------------
r188 | vus520 | 2013-12-26 23:43:11 +0800 (四, 2013-12-26) | 1 行

update
------------------------------------------------------------------------
r187 | c61811 | 2013-12-26 23:39:09 +0800 (四, 2013-12-26) | 1 行

update gionee.sql
------------------------------------------------------------------------
r186 | vus520 | 2013-12-26 23:25:11 +0800 (四, 2013-12-26) | 1 行

删除错误的sql
------------------------------------------------------------------------
r185 | vus520 | 2013-12-26 23:17:54 +0800 (四, 2013-12-26) | 1 行

更新进度
------------------------------------------------------------------------
r184 | vus520 | 2013-12-26 22:48:40 +0800 (四, 2013-12-26) | 1 行

完成AppKey的接口开发
------------------------------------------------------------------------
r183 | vus520 | 2013-12-26 19:59:19 +0800 (四, 2013-12-26) | 1 行

add union files
------------------------------------------------------------------------
r182 | vus520 | 2013-12-26 19:26:36 +0800 (四, 2013-12-26) | 1 行

add document files
------------------------------------------------------------------------
r181 | jiazhu | 2013-12-26 18:15:29 +0800 (四, 2013-12-26) | 1 行

admin account_info
------------------------------------------------------------------------
r180 | gaochaodog | 2013-12-26 18:06:04 +0800 (四, 2013-12-26) | 1 行


------------------------------------------------------------------------
r179 | gaochaodog | 2013-12-26 18:05:56 +0800 (四, 2013-12-26) | 1 行


------------------------------------------------------------------------
r178 | gaochaodog | 2013-12-26 11:32:41 +0800 (四, 2013-12-26) | 1 行


------------------------------------------------------------------------
r177 | gaochaodog | 2013-12-26 11:32:32 +0800 (四, 2013-12-26) | 1 行


------------------------------------------------------------------------
r176 | vus520 | 2013-12-26 01:09:51 +0800 (四, 2013-12-26) | 1 行

update
------------------------------------------------------------------------
r175 | gaochaodog | 2013-12-26 00:40:09 +0800 (四, 2013-12-26) | 1 行


------------------------------------------------------------------------
r174 | gaochaodog | 2013-12-26 00:39:12 +0800 (四, 2013-12-26) | 1 行


------------------------------------------------------------------------
r173 | jiazhu | 2013-12-26 00:24:48 +0800 (四, 2013-12-26) | 1 行

edit
------------------------------------------------------------------------
r172 | gaochaodog | 2013-12-26 00:20:56 +0800 (四, 2013-12-26) | 1 行


------------------------------------------------------------------------
r171 | vus520 | 2013-12-26 00:13:01 +0800 (四, 2013-12-26) | 1 行

去掉欢迎信息
------------------------------------------------------------------------
r170 | vus520 | 2013-12-26 00:04:25 +0800 (四, 2013-12-26) | 1 行

优化联运流程
------------------------------------------------------------------------
r169 | vus520 | 2013-12-25 23:28:57 +0800 (三, 2013-12-25) | 1 行

优化分页
------------------------------------------------------------------------
r168 | vus520 | 2013-12-25 23:27:15 +0800 (三, 2013-12-25) | 1 行

申请Appkey的数据库
------------------------------------------------------------------------
r167 | vus520 | 2013-12-25 23:24:13 +0800 (三, 2013-12-25) | 1 行

update
------------------------------------------------------------------------
r166 | vus520 | 2013-12-25 23:23:59 +0800 (三, 2013-12-25) | 1 行

优化分页类
------------------------------------------------------------------------
r165 | c61811 | 2013-12-25 22:33:14 +0800 (三, 2013-12-25) | 1 行

update gionee.sql
------------------------------------------------------------------------
r164 | gaochaodog | 2013-12-25 22:27:31 +0800 (三, 2013-12-25) | 1 行


------------------------------------------------------------------------
r163 | gaochaodog | 2013-12-25 22:24:51 +0800 (三, 2013-12-25) | 1 行


------------------------------------------------------------------------
r162 | gaochaodog | 2013-12-25 22:14:40 +0800 (三, 2013-12-25) | 1 行


------------------------------------------------------------------------
r161 | vus520 | 2013-12-25 21:51:40 +0800 (三, 2013-12-25) | 1 行

update
------------------------------------------------------------------------
r160 | vus520 | 2013-12-25 21:49:59 +0800 (三, 2013-12-25) | 1 行

优化成功提示页
------------------------------------------------------------------------
r159 | gaochaodog | 2013-12-25 21:48:52 +0800 (三, 2013-12-25) | 1 行


------------------------------------------------------------------------
r158 | c61811 | 2013-12-25 21:42:06 +0800 (三, 2013-12-25) | 1 行

merge sql
------------------------------------------------------------------------
r157 | jiazhu | 2013-12-25 17:50:05 +0800 (三, 2013-12-25) | 1 行

file upload bug
------------------------------------------------------------------------
r156 | vus520 | 2013-12-25 00:27:00 +0800 (三, 2013-12-25) | 1 行

update todo lists
------------------------------------------------------------------------
r155 | gaochaodog | 2013-12-25 00:12:07 +0800 (三, 2013-12-25) | 1 行


------------------------------------------------------------------------
r154 | jiazhu | 2013-12-25 00:04:01 +0800 (三, 2013-12-25) | 1 行

account info
------------------------------------------------------------------------
r153 | jiazhu | 2013-12-24 11:11:04 +0800 (二, 2013-12-24) | 1 行

del
------------------------------------------------------------------------
r152 | gaochaodog | 2013-12-24 10:39:38 +0800 (二, 2013-12-24) | 1 行


------------------------------------------------------------------------
r151 | gaochaodog | 2013-12-24 10:38:41 +0800 (二, 2013-12-24) | 1 行


------------------------------------------------------------------------
r150 | jiazhu | 2013-12-24 01:35:09 +0800 (二, 2013-12-24) | 1 行

edit
------------------------------------------------------------------------
r149 | jiazhu | 2013-12-24 01:32:47 +0800 (二, 2013-12-24) | 1 行

add menu
------------------------------------------------------------------------
r148 | jiazhu | 2013-12-24 01:30:58 +0800 (二, 2013-12-24) | 1 行

admin menu
------------------------------------------------------------------------
r147 | jiazhu | 2013-12-24 01:25:34 +0800 (二, 2013-12-24) | 1 行

audited log 
------------------------------------------------------------------------
r146 | jiazhu | 2013-12-24 01:21:52 +0800 (二, 2013-12-24) | 1 行

audited log 
------------------------------------------------------------------------
r145 | vus520 | 2013-12-24 00:34:07 +0800 (二, 2013-12-24) | 1 行

fix union bug
------------------------------------------------------------------------
r144 | vus520 | 2013-12-24 00:32:21 +0800 (二, 2013-12-24) | 1 行

fix union bug
------------------------------------------------------------------------
r143 | vus520 | 2013-12-24 00:26:16 +0800 (二, 2013-12-24) | 1 行

完善申请key的流程
------------------------------------------------------------------------
r142 | c61811 | 2013-12-24 00:23:57 +0800 (二, 2013-12-24) | 1 行

修改完善资料添加两条记录的bug
------------------------------------------------------------------------
r141 | c61811 | 2013-12-24 00:16:12 +0800 (二, 2013-12-24) | 1 行

修改完善资料成功页面
------------------------------------------------------------------------
r140 | c61811 | 2013-12-23 23:58:05 +0800 (一, 2013-12-23) | 1 行

成功页面的完善
------------------------------------------------------------------------
r139 | vus520 | 2013-12-23 23:50:11 +0800 (一, 2013-12-23) | 1 行

去掉模型中写死的库名
------------------------------------------------------------------------
r138 | vus520 | 2013-12-23 23:49:42 +0800 (一, 2013-12-23) | 1 行

add new model
------------------------------------------------------------------------
r137 | vus520 | 2013-12-23 23:24:27 +0800 (一, 2013-12-23) | 1 行

dos2uinx all files
------------------------------------------------------------------------
r136 | jiazhu | 2013-12-23 22:32:25 +0800 (一, 2013-12-23) | 1 行


------------------------------------------------------------------------
r135 | jiazhu | 2013-12-23 19:02:35 +0800 (一, 2013-12-23) | 1 行

authlog
------------------------------------------------------------------------
r134 | jiazhu | 2013-12-23 19:01:40 +0800 (一, 2013-12-23) | 1 行

audit log
------------------------------------------------------------------------
r133 | jiazhu | 2013-12-23 18:55:45 +0800 (一, 2013-12-23) | 1 行

audit
------------------------------------------------------------------------
r132 | gaochaodog | 2013-12-23 18:46:30 +0800 (一, 2013-12-23) | 1 行


------------------------------------------------------------------------
r131 | gaochaodog | 2013-12-23 17:10:35 +0800 (一, 2013-12-23) | 1 行


------------------------------------------------------------------------
r130 | gaochaodog | 2013-12-23 14:40:02 +0800 (一, 2013-12-23) | 1 行


------------------------------------------------------------------------
r129 | gaochaodog | 2013-12-23 13:18:21 +0800 (一, 2013-12-23) | 1 行


------------------------------------------------------------------------
r128 | vus520 | 2013-12-23 10:46:05 +0800 (一, 2013-12-23) | 1 行

初始化文档目录
------------------------------------------------------------------------
r127 | c61811 | 2013-12-23 09:08:57 +0800 (一, 2013-12-23) | 1 行

更新accounts表中的字段
------------------------------------------------------------------------
r126 | jiazhu | 2013-12-23 01:32:36 +0800 (一, 2013-12-23) | 1 行

admin account
------------------------------------------------------------------------
r125 | jiazhu | 2013-12-23 01:30:26 +0800 (一, 2013-12-23) | 1 行

account audit
------------------------------------------------------------------------
r124 | gaochaodog | 2013-12-23 00:27:48 +0800 (一, 2013-12-23) | 1 行


------------------------------------------------------------------------
r123 | vus520 | 2013-12-23 00:01:18 +0800 (一, 2013-12-23) | 1 行

添加联运数据结构
------------------------------------------------------------------------
r122 | gaochaodog | 2013-12-22 23:52:46 +0800 (日, 2013-12-22) | 1 行


------------------------------------------------------------------------
r121 | c61811 | 2013-12-22 23:33:35 +0800 (日, 2013-12-22) | 2 行

修改账户信息的税务号和扫描件
税务扫描件支持图片自动缩放
------------------------------------------------------------------------
r120 | vus520 | 2013-12-22 23:01:31 +0800 (日, 2013-12-22) | 1 行

update
------------------------------------------------------------------------
r119 | gaochaodog | 2013-12-22 22:38:14 +0800 (日, 2013-12-22) | 1 行


------------------------------------------------------------------------
r118 | gaochaodog | 2013-12-22 22:22:06 +0800 (日, 2013-12-22) | 1 行


------------------------------------------------------------------------
r117 | vus520 | 2013-12-22 21:22:40 +0800 (日, 2013-12-22) | 1 行

update
------------------------------------------------------------------------
r116 | vus520 | 2013-12-22 21:22:32 +0800 (日, 2013-12-22) | 1 行

update
------------------------------------------------------------------------
r115 | c61811 | 2013-12-22 21:16:44 +0800 (日, 2013-12-22) | 1 行

修改上传类
------------------------------------------------------------------------
r114 | vus520 | 2013-12-22 21:16:29 +0800 (日, 2013-12-22) | 1 行

update
------------------------------------------------------------------------
r113 | vus520 | 2013-12-22 21:07:50 +0800 (日, 2013-12-22) | 1 行

添加统计和帮助模块
------------------------------------------------------------------------
r112 | vus520 | 2013-12-22 20:40:39 +0800 (日, 2013-12-22) | 1 行

update
------------------------------------------------------------------------
r111 | vus520 | 2013-12-22 20:39:26 +0800 (日, 2013-12-22) | 1 行

update
------------------------------------------------------------------------
r110 | vus520 | 2013-12-22 20:27:25 +0800 (日, 2013-12-22) | 1 行

update
------------------------------------------------------------------------
r109 | gaochaodog | 2013-12-22 19:12:50 +0800 (日, 2013-12-22) | 1 行


------------------------------------------------------------------------
r108 | gaochaodog | 2013-12-22 19:05:41 +0800 (日, 2013-12-22) | 1 行


------------------------------------------------------------------------
r107 | gaochaodog | 2013-12-22 19:04:58 +0800 (日, 2013-12-22) | 1 行


------------------------------------------------------------------------
r106 | vus520 | 2013-12-22 19:04:36 +0800 (日, 2013-12-22) | 1 行

update
------------------------------------------------------------------------
r105 | vus520 | 2013-12-22 18:57:32 +0800 (日, 2013-12-22) | 1 行

update
------------------------------------------------------------------------
r104 | gaochaodog | 2013-12-22 18:50:00 +0800 (日, 2013-12-22) | 1 行


------------------------------------------------------------------------
r103 | c61811 | 2013-12-22 18:45:48 +0800 (日, 2013-12-22) | 1 行

修改登录是的状态逻辑
------------------------------------------------------------------------
r102 | vus520 | 2013-12-22 18:39:59 +0800 (日, 2013-12-22) | 1 行

优化联运流程
------------------------------------------------------------------------
r101 | c61811 | 2013-12-22 18:35:31 +0800 (日, 2013-12-22) | 1 行

修改未审核状态也能够登录,查看用户信息,修改密码等
------------------------------------------------------------------------
r100 | vus520 | 2013-12-22 16:44:21 +0800 (日, 2013-12-22) | 1 行

修改登陆页面提示信息位置
------------------------------------------------------------------------
r99 | vus520 | 2013-12-22 16:15:39 +0800 (日, 2013-12-22) | 1 行

form autocomplete off
------------------------------------------------------------------------
r98 | jiazhu | 2013-12-21 22:46:32 +0800 (六, 2013-12-21) | 1 行

repair bug 
------------------------------------------------------------------------
r97 | c61811 | 2013-12-21 22:21:23 +0800 (六, 2013-12-21) | 1 行

优化登录注册流程
------------------------------------------------------------------------
r96 | c61811 | 2013-12-21 18:14:08 +0800 (六, 2013-12-21) | 1 行

修改CommonAction
------------------------------------------------------------------------
r95 | vus520 | 2013-12-21 17:47:25 +0800 (六, 2013-12-21) | 1 行

update
------------------------------------------------------------------------
r94 | vus520 | 2013-12-21 17:38:22 +0800 (六, 2013-12-21) | 1 行

update
------------------------------------------------------------------------
r93 | vus520 | 2013-12-21 17:33:31 +0800 (六, 2013-12-21) | 1 行

update
------------------------------------------------------------------------
r92 | vus520 | 2013-12-21 17:33:14 +0800 (六, 2013-12-21) | 1 行

update
------------------------------------------------------------------------
r91 | c61811 | 2013-12-21 17:19:41 +0800 (六, 2013-12-21) | 1 行

修改注册的bug和机会的sql
------------------------------------------------------------------------
r90 | vus520 | 2013-12-21 17:00:01 +0800 (六, 2013-12-21) | 1 行

更新问题
------------------------------------------------------------------------
r89 | vus520 | 2013-12-21 16:48:30 +0800 (六, 2013-12-21) | 1 行

更新问题
------------------------------------------------------------------------
r88 | vus520 | 2013-12-21 16:22:23 +0800 (六, 2013-12-21) | 1 行

update
------------------------------------------------------------------------
r87 | c61811 | 2013-12-21 14:10:49 +0800 (六, 2013-12-21) | 1 行

修改header登录策略的流程
------------------------------------------------------------------------
r86 | vus520 | 2013-12-21 13:24:27 +0800 (六, 2013-12-21) | 1 行

优化模板
------------------------------------------------------------------------
r85 | vus520 | 2013-12-21 13:11:27 +0800 (六, 2013-12-21) | 1 行

优化一下参数获取方法
------------------------------------------------------------------------
r84 | c61811 | 2013-12-21 13:08:54 +0800 (六, 2013-12-21) | 1 行

修改验证码的bug
------------------------------------------------------------------------
r83 | vus520 | 2013-12-21 13:06:04 +0800 (六, 2013-12-21) | 1 行

获取参数并格式化
------------------------------------------------------------------------
r82 | gaochaodog | 2013-12-21 12:50:29 +0800 (六, 2013-12-21) | 1 行


------------------------------------------------------------------------
r81 | gaochaodog | 2013-12-21 02:34:03 +0800 (六, 2013-12-21) | 1 行


------------------------------------------------------------------------
r80 | gaochaodog | 2013-12-20 21:31:24 +0800 (五, 2013-12-20) | 1 行


------------------------------------------------------------------------
r79 | gaochaodog | 2013-12-20 20:56:17 +0800 (五, 2013-12-20) | 1 行


------------------------------------------------------------------------
r78 | gaochaodog | 2013-12-20 20:55:32 +0800 (五, 2013-12-20) | 1 行


------------------------------------------------------------------------
r77 | gaochaodog | 2013-12-20 20:46:01 +0800 (五, 2013-12-20) | 1 行


------------------------------------------------------------------------
r76 | gaochaodog | 2013-12-20 20:41:39 +0800 (五, 2013-12-20) | 1 行


------------------------------------------------------------------------
r75 | gaochaodog | 2013-12-20 20:41:32 +0800 (五, 2013-12-20) | 1 行


------------------------------------------------------------------------
r74 | vus520 | 2013-12-20 00:44:02 +0800 (五, 2013-12-20) | 1 行

log
------------------------------------------------------------------------
r73 | vus520 | 2013-12-20 00:28:10 +0800 (五, 2013-12-20) | 1 行

update
------------------------------------------------------------------------
r72 | vus520 | 2013-12-20 00:26:18 +0800 (五, 2013-12-20) | 1 行

优化二级导航样式
------------------------------------------------------------------------
r71 | vus520 | 2013-12-20 00:17:02 +0800 (五, 2013-12-20) | 1 行

整理文件，合并css，添加二级导航
------------------------------------------------------------------------
r70 | vus520 | 2013-12-19 23:50:10 +0800 (四, 2013-12-19) | 1 行

整理文件，合并css
------------------------------------------------------------------------
r69 | vus520 | 2013-12-19 23:38:04 +0800 (四, 2013-12-19) | 1 行

整理文件，合并css
------------------------------------------------------------------------
r68 | vus520 | 2013-12-19 23:11:19 +0800 (四, 2013-12-19) | 1 行

add to apache rewrite
------------------------------------------------------------------------
r67 | c61811 | 2013-12-19 23:07:27 +0800 (四, 2013-12-19) | 1 行

添加tabindex
------------------------------------------------------------------------
r66 | c61811 | 2013-12-19 22:56:37 +0800 (四, 2013-12-19) | 1 行

提交todolist
------------------------------------------------------------------------
r65 | c61811 | 2013-12-19 22:47:11 +0800 (四, 2013-12-19) | 1 行

修改发送激活邮件和激活页面,以及登录时记录cookie异常的bug
------------------------------------------------------------------------
r64 | jiazhu | 2013-12-19 21:19:04 +0800 (四, 2013-12-19) | 1 行

admin account
------------------------------------------------------------------------
r63 | gaochaodog | 2013-12-19 19:56:15 +0800 (四, 2013-12-19) | 1 行


------------------------------------------------------------------------
r62 | gaochaodog | 2013-12-19 19:55:56 +0800 (四, 2013-12-19) | 1 行


------------------------------------------------------------------------
r61 | gaochaodog | 2013-12-19 18:32:47 +0800 (四, 2013-12-19) | 1 行


------------------------------------------------------------------------
r60 | gaochaodog | 2013-12-19 18:29:20 +0800 (四, 2013-12-19) | 1 行


------------------------------------------------------------------------
r59 | gaochaodog | 2013-12-19 15:26:51 +0800 (四, 2013-12-19) | 1 行


------------------------------------------------------------------------
r58 | gaochaodog | 2013-12-19 15:26:09 +0800 (四, 2013-12-19) | 1 行


------------------------------------------------------------------------
r57 | c61811 | 2013-12-19 10:33:04 +0800 (四, 2013-12-19) | 1 行

gionee.sql提交apk_files/apps/app_picture
------------------------------------------------------------------------
r56 | gaochaodog | 2013-12-19 10:24:50 +0800 (四, 2013-12-19) | 1 行


------------------------------------------------------------------------
r55 | vus520 | 2013-12-19 09:33:10 +0800 (四, 2013-12-19) | 1 行

update
------------------------------------------------------------------------
r54 | vus520 | 2013-12-19 01:45:44 +0800 (四, 2013-12-19) | 1 行

update
------------------------------------------------------------------------
r53 | vus520 | 2013-12-19 00:56:36 +0800 (四, 2013-12-19) | 1 行

删除多余框架
------------------------------------------------------------------------
r52 | vus520 | 2013-12-19 00:48:49 +0800 (四, 2013-12-19) | 1 行

优化链接的写法
------------------------------------------------------------------------
r51 | gaochaodog | 2013-12-19 00:45:10 +0800 (四, 2013-12-19) | 1 行


------------------------------------------------------------------------
r50 | gaochaodog | 2013-12-19 00:18:16 +0800 (四, 2013-12-19) | 1 行


------------------------------------------------------------------------
r49 | c61811 | 2013-12-19 00:12:18 +0800 (四, 2013-12-19) | 1 行

update index page reg url
------------------------------------------------------------------------
r48 | c61811 | 2013-12-19 00:10:53 +0800 (四, 2013-12-19) | 1 行

todolist update
------------------------------------------------------------------------
r47 | c61811 | 2013-12-19 00:06:04 +0800 (四, 2013-12-19) | 2 行

修改头部和尾部为统一调用
修改完善资料部分功能
------------------------------------------------------------------------
r46 | c61811 | 2013-12-18 18:16:21 +0800 (三, 2013-12-18) | 1 行

添加账户部分的完成页面
------------------------------------------------------------------------
r45 | vus520 | 2013-12-18 18:10:59 +0800 (三, 2013-12-18) | 1 行

update
------------------------------------------------------------------------
r44 | gaochaodog | 2013-12-18 15:48:07 +0800 (三, 2013-12-18) | 1 行


------------------------------------------------------------------------
r43 | gaochaodog | 2013-12-18 15:41:06 +0800 (三, 2013-12-18) | 1 行


------------------------------------------------------------------------
r42 | gaochaodog | 2013-12-18 14:42:02 +0800 (三, 2013-12-18) | 1 行


------------------------------------------------------------------------
r41 | gaochaodog | 2013-12-18 13:58:24 +0800 (三, 2013-12-18) | 1 行


------------------------------------------------------------------------
r40 | gaochaodog | 2013-12-18 13:55:30 +0800 (三, 2013-12-18) | 1 行


------------------------------------------------------------------------
r39 | gaochaodog | 2013-12-18 13:37:55 +0800 (三, 2013-12-18) | 1 行


------------------------------------------------------------------------
r38 | gaochaodog | 2013-12-18 11:06:30 +0800 (三, 2013-12-18) | 1 行


------------------------------------------------------------------------
r37 | gaochaodog | 2013-12-18 10:31:37 +0800 (三, 2013-12-18) | 1 行


------------------------------------------------------------------------
r36 | gaochaodog | 2013-12-18 10:28:41 +0800 (三, 2013-12-18) | 1 行


------------------------------------------------------------------------
r35 | gaochaodog | 2013-12-18 10:02:46 +0800 (三, 2013-12-18) | 1 行


------------------------------------------------------------------------
r34 | gaochaodog | 2013-12-18 10:01:46 +0800 (三, 2013-12-18) | 1 行


------------------------------------------------------------------------
r33 | c61811 | 2013-12-18 08:08:11 +0800 (三, 2013-12-18) | 2 行

修改用户账户详细资料的表结构
完成完善资料页面功能的80%
------------------------------------------------------------------------
r32 | vus520 | 2013-12-18 00:32:28 +0800 (三, 2013-12-18) | 1 行

upad
------------------------------------------------------------------------
r31 | vus520 | 2013-12-18 00:29:41 +0800 (三, 2013-12-18) | 1 行

add pages
------------------------------------------------------------------------
r30 | gaochaodog | 2013-12-17 20:19:37 +0800 (二, 2013-12-17) | 1 行


------------------------------------------------------------------------
r29 | vus520 | 2013-12-17 14:32:50 +0800 (二, 2013-12-17) | 1 行

update doing 
------------------------------------------------------------------------
r28 | c61811 | 2013-12-17 00:29:46 +0800 (二, 2013-12-17) | 1 行

数据库sql补充
------------------------------------------------------------------------
r27 | c61811 | 2013-12-17 00:27:55 +0800 (二, 2013-12-17) | 1 行

修改部分页面和添加todolist
------------------------------------------------------------------------
r26 | gaochaodog | 2013-12-16 21:44:43 +0800 (一, 2013-12-16) | 1 行


------------------------------------------------------------------------
r25 | vus520 | 2013-12-16 00:26:10 +0800 (一, 2013-12-16) | 1 行

添加bootstrap
------------------------------------------------------------------------
r24 | c61811 | 2013-12-15 23:51:00 +0800 (日, 2013-12-15) | 1 行

把jquery和bootstrap下载到本地
------------------------------------------------------------------------
r23 | c61811 | 2013-12-15 23:16:15 +0800 (日, 2013-12-15) | 1 行

添加注册和登录功能
------------------------------------------------------------------------
r22 | c61811 | 2013-12-15 16:25:12 +0800 (日, 2013-12-15) | 1 行

add reg and login function
------------------------------------------------------------------------
r21 | vus520 | 2013-12-15 16:24:34 +0800 (日, 2013-12-15) | 1 行

fix cdn
------------------------------------------------------------------------
r20 | vus520 | 2013-12-15 15:46:57 +0800 (日, 2013-12-15) | 1 行

修改CDN链接
------------------------------------------------------------------------
r19 | c61811 | 2013-12-15 15:45:08 +0800 (日, 2013-12-15) | 1 行

add login and regiter page
------------------------------------------------------------------------
r18 | vus520 | 2013-12-15 15:39:39 +0800 (日, 2013-12-15) | 1 行

update
------------------------------------------------------------------------
r17 | vus520 | 2013-12-15 15:28:16 +0800 (日, 2013-12-15) | 1 行

del file
------------------------------------------------------------------------
r16 | vus520 | 2013-12-15 15:26:40 +0800 (日, 2013-12-15) | 1 行

del file
------------------------------------------------------------------------
r15 | vus520 | 2013-12-11 21:59:40 +0800 (三, 2013-12-11) | 1 行

add apps list page
------------------------------------------------------------------------
r14 | vus520 | 2013-12-11 20:42:12 +0800 (三, 2013-12-11) | 1 行

fix bug
------------------------------------------------------------------------
r13 | vus520 | 2013-12-11 20:33:35 +0800 (三, 2013-12-11) | 1 行

添加注册和登陆页面
------------------------------------------------------------------------
r12 | vus520 | 2013-12-11 18:35:18 +0800 (三, 2013-12-11) | 1 行

添加列表页
------------------------------------------------------------------------
r11 | vus520 | 2013-12-11 17:32:47 +0800 (三, 2013-12-11) | 1 行

update index
------------------------------------------------------------------------
r10 | vus520 | 2013-12-11 09:32:00 +0800 (三, 2013-12-11) | 1 行

fix bus
------------------------------------------------------------------------
r9 | vus520 | 2013-12-10 23:10:22 +0800 (二, 2013-12-10) | 1 行

update databases
------------------------------------------------------------------------
r8 | vus520 | 2013-12-10 23:06:33 +0800 (二, 2013-12-10) | 1 行

del system
------------------------------------------------------------------------
r7 | vus520 | 2013-12-10 23:05:50 +0800 (二, 2013-12-10) | 1 行

初始化后台结构，后台需要导入RBAC.sql，默认密码  admin admin
------------------------------------------------------------------------
r6 | vus520 | 2013-12-10 18:07:00 +0800 (二, 2013-12-10) | 1 行

del tp dir
------------------------------------------------------------------------
r5 | vus520 | 2013-12-10 18:01:23 +0800 (二, 2013-12-10) | 1 行

fix database error
------------------------------------------------------------------------
r4 | c61811 | 2013-12-10 15:05:34 +0800 (二, 2013-12-10) | 1 行

add databases sql
------------------------------------------------------------------------
r3 | c61811 | 2013-12-10 15:01:53 +0800 (二, 2013-12-10) | 1 行

初始化代码
------------------------------------------------------------------------
r2 | gaochaodog | 2013-12-10 14:57:32 +0800 (二, 2013-12-10) | 1 行


------------------------------------------------------------------------
r1 | gaochaodog | 2013-12-10 14:56:57 +0800 (二, 2013-12-10) | 1 行


------------------------------------------------------------------------
