08-26 14:18:35.909   18910   D   catListIndx:"分类索引[15-0]数据写入失败：{\"idxKey\":\"catList:15_0_parentDefault\",\"gameIds\":[[280,268,267,258,240,235,234,230,227,203,196,147,34,12,1]],\"orderBy\":\"parentDefault\"}"
08-26 14:18:35.955   18910   D   catListIndx:"分类索引[15-0]数据写入失败：{\"idxKey\":\"catList:15_0_parentHot\",\"gameIds\":[[147,34,227,235,234,1,280,230,240,196,203,258,267,268,12]],\"orderBy\":\"parentHot\"}"
08-26 14:18:35.957   18910   D   catListIndx:"分类索引[15-0]数据写入失败：{\"idxKey\":\"catList:15_0_parentDefault\",\"gameIds\":[[280,268,267,258,240,235,234,230,227,203,196,147,34,12,1]],\"orderBy\":\"parentDefault\"}"
08-26 14:18:35.959   18910   D   catListIndx:"分类索引[15-0]数据写入失败：{\"idxKey\":\"catList:15_0_parentHot\",\"gameIds\":[[147,34,227,235,234,1,280,230,240,196,203,258,267,268,12]],\"orderBy\":\"parentHot\"}"
08-26 14:18:35.964   18910   D   catListIndx:"分类索引[15-140]数据写入失败：{\"idxKey\":\"catList:15_140_subDefault\",\"gameIds\":[[280,258,240,235,234,227,203,196,34,12,1]],\"orderBy\":\"subDefault\"}"
08-26 14:18:35.966   18910   D   catListIndx:"分类索引[15-0]数据写入失败：{\"idxKey\":\"catList:15_0_parentDefault\",\"gameIds\":[[280,268,267,258,240,235,234,230,227,203,196,147,34,12,1]],\"orderBy\":\"parentDefault\"}"
08-26 14:18:35.968   18910   D   catListIndx:"分类索引[15-0]数据写入失败：{\"idxKey\":\"catList:15_0_parentHot\",\"gameIds\":[[147,34,227,235,234,1,280,230,240,196,203,258,267,268,12]],\"orderBy\":\"parentHot\"}"
08-26 14:18:35.994   18910   D   catListIndx:"分类索引[15-141]数据写入失败：{\"idxKey\":\"catList:15_141_subDefault\",\"gameIds\":[[230,147]],\"orderBy\":\"subDefault\"}"
08-26 14:18:35.996   18910   D   catListIndx:"分类索引[15-0]数据写入失败：{\"idxKey\":\"catList:15_0_parentDefault\",\"gameIds\":[[280,268,267,258,240,235,234,230,227,203,196,147,34,12,1]],\"orderBy\":\"parentDefault\"}"
08-26 14:18:35.998   18910   D   catListIndx:"分类索引[15-0]数据写入失败：{\"idxKey\":\"catList:15_0_parentHot\",\"gameIds\":[[147,34,227,235,234,1,280,230,240,196,203,258,267,268,12]],\"orderBy\":\"parentHot\"}"
08-26 14:18:35.002   18910   D   catListIndx:"分类索引[15-142]数据写入失败：{\"idxKey\":\"catList:15_142_subDefault\",\"gameIds\":[],\"orderBy\":\"subDefault\"}"
08-26 14:18:36.005   18910   D   catListIndx:"分类索引[15-0]数据写入失败：{\"idxKey\":\"catList:15_0_parentDefault\",\"gameIds\":[[280,268,267,258,240,235,234,230,227,203,196,147,34,12,1]],\"orderBy\":\"parentDefault\"}"
08-26 14:18:36.007   18910   D   catListIndx:"分类索引[15-0]数据写入失败：{\"idxKey\":\"catList:15_0_parentHot\",\"gameIds\":[[147,34,227,235,234,1,280,230,240,196,203,258,267,268,12]],\"orderBy\":\"parentHot\"}"
08-26 14:18:36.012   18910   D   catListIndx:"分类索引[15-143]数据写入失败：{\"idxKey\":\"catList:15_143_subDefault\",\"gameIds\":[[268]],\"orderBy\":\"subDefault\"}"
08-26 14:18:36.014   18910   D   catListIndx:"分类索引[15-0]数据写入失败：{\"idxKey\":\"catList:15_0_parentDefault\",\"gameIds\":[[280,268,267,258,240,235,234,230,227,203,196,147,34,12,1]],\"orderBy\":\"parentDefault\"}"
08-26 14:18:36.016   18910   D   catListIndx:"分类索引[15-0]数据写入失败：{\"idxKey\":\"catList:15_0_parentHot\",\"gameIds\":[[147,34,227,235,234,1,280,230,240,196,203,258,267,268,12]],\"orderBy\":\"parentHot\"}"
08-26 14:18:36.021   18910   D   catListIndx:"分类索引[15-144]数据写入失败：{\"idxKey\":\"catList:15_144_subDefault\",\"gameIds\":[[234]],\"orderBy\":\"subDefault\"}"
08-26 14:18:36.024   18910   D   catListIndx:"分类索引[15-0]数据写入失败：{\"idxKey\":\"catList:15_0_parentDefault\",\"gameIds\":[[280,268,267,258,240,235,234,230,227,203,196,147,34,12,1]],\"orderBy\":\"parentDefault\"}"
08-26 14:18:36.026   18910   D   catListIndx:"分类索引[15-0]数据写入失败：{\"idxKey\":\"catList:15_0_parentHot\",\"gameIds\":[[147,34,227,235,234,1,280,230,240,196,203,258,267,268,12]],\"orderBy\":\"parentHot\"}"
08-26 14:18:36.031   18910   D   catListIndx:"分类索引[15-145]数据写入失败：{\"idxKey\":\"catList:15_145_subDefault\",\"gameIds\":[[267]],\"orderBy\":\"subDefault\"}"
08-26 14:18:36.033   18910   D   catListIndx:"分类索引[15-0]数据写入失败：{\"idxKey\":\"catList:15_0_parentDefault\",\"gameIds\":[[280,268,267,258,240,235,234,230,227,203,196,147,34,12,1]],\"orderBy\":\"parentDefault\"}"
08-26 14:18:36.035   18910   D   catListIndx:"分类索引[15-0]数据写入失败：{\"idxKey\":\"catList:15_0_parentHot\",\"gameIds\":[[147,34,227,235,234,1,280,230,240,196,203,258,267,268,12]],\"orderBy\":\"parentHot\"}"
08-26 14:18:36.039   18910   D   catListIndx:"分类索引[15-217]数据写入失败：{\"idxKey\":\"catList:15_217_subDefault\",\"gameIds\":[],\"orderBy\":\"subDefault\"}"
08-26 14:18:36.041   18910   D   catListIndx:"分类索引[15-0]数据写入失败：{\"idxKey\":\"catList:15_0_parentDefault\",\"gameIds\":[[280,268,267,258,240,235,234,230,227,203,196,147,34,12,1]],\"orderBy\":\"parentDefault\"}"
08-26 14:18:36.044   18910   D   catListIndx:"分类索引[15-0]数据写入失败：{\"idxKey\":\"catList:15_0_parentHot\",\"gameIds\":[[147,34,227,235,234,1,280,230,240,196,203,258,267,268,12]],\"orderBy\":\"parentHot\"}"
08-26 14:18:36.048   18910   D   catListIndx:"分类索引[15-218]数据写入失败：{\"idxKey\":\"catList:15_218_subDefault\",\"gameIds\":[],\"orderBy\":\"subDefault\"}"
08-26 14:18:36.053   18910   D   catListIndx:"分类索引[16-0]数据写入失败：{\"idxKey\":\"catList:16_0_parentDefault\",\"gameIds\":[[288,220,57]],\"orderBy\":\"parentDefault\"}"
08-26 14:18:36.057   18910   D   catListIndx:"分类索引[16-0]数据写入失败：{\"idxKey\":\"catList:16_0_parentHot\",\"gameIds\":[[220,288,57]],\"orderBy\":\"parentHot\"}"
08-26 14:18:36.059   18910   D   catListIndx:"分类索引[16-0]数据写入失败：{\"idxKey\":\"catList:16_0_parentDefault\",\"gameIds\":[[288,220,57]],\"orderBy\":\"parentDefault\"}"
08-26 14:18:36.061   18910   D   catListIndx:"分类索引[16-0]数据写入失败：{\"idxKey\":\"catList:16_0_parentHot\",\"gameIds\":[[220,288,57]],\"orderBy\":\"parentHot\"}"
08-26 14:18:36.066   18910   D   catListIndx:"分类索引[16-185]数据写入失败：{\"idxKey\":\"catList:16_185_subDefault\",\"gameIds\":[[57]],\"orderBy\":\"subDefault\"}"
08-26 14:18:36.068   18910   D   catListIndx:"分类索引[16-0]数据写入失败：{\"idxKey\":\"catList:16_0_parentDefault\",\"gameIds\":[[288,220,57]],\"orderBy\":\"parentDefault\"}"
08-26 14:18:36.070   18910   D   catListIndx:"分类索引[16-0]数据写入失败：{\"idxKey\":\"catList:16_0_parentHot\",\"gameIds\":[[220,288,57]],\"orderBy\":\"parentHot\"}"
08-26 14:18:36.075   18910   D   catListIndx:"分类索引[16-186]数据写入失败：{\"idxKey\":\"catList:16_186_subDefault\",\"gameIds\":[[288,220]],\"orderBy\":\"subDefault\"}"
08-26 14:18:36.077   18910   D   catListIndx:"分类索引[16-0]数据写入失败：{\"idxKey\":\"catList:16_0_parentDefault\",\"gameIds\":[[288,220,57]],\"orderBy\":\"parentDefault\"}"
08-26 14:18:36.079   18910   D   catListIndx:"分类索引[16-0]数据写入失败：{\"idxKey\":\"catList:16_0_parentHot\",\"gameIds\":[[220,288,57]],\"orderBy\":\"parentHot\"}"
08-26 14:18:36.083   18910   D   catListIndx:"分类索引[16-187]数据写入失败：{\"idxKey\":\"catList:16_187_subDefault\",\"gameIds\":[],\"orderBy\":\"subDefault\"}"
08-26 14:18:36.085   18910   D   catListIndx:"分类索引[16-0]数据写入失败：{\"idxKey\":\"catList:16_0_parentDefault\",\"gameIds\":[[288,220,57]],\"orderBy\":\"parentDefault\"}"
08-26 14:18:36.087   18910   D   catListIndx:"分类索引[16-0]数据写入失败：{\"idxKey\":\"catList:16_0_parentHot\",\"gameIds\":[[220,288,57]],\"orderBy\":\"parentHot\"}"
08-26 14:18:36.091   18910   D   catListIndx:"分类索引[16-188]数据写入失败：{\"idxKey\":\"catList:16_188_subDefault\",\"gameIds\":[],\"orderBy\":\"subDefault\"}"
08-26 14:18:36.096   18910   D   catListIndx:"分类索引[18-0]数据写入失败：{\"idxKey\":\"catList:18_0_parentDefault\",\"gameIds\":[[292,285,284,282,276,266,264,253,247,189,165,12]],\"orderBy\":\"parentDefault\"}"
08-26 14:18:36.099   18910   D   catListIndx:"分类索引[18-0]数据写入失败：{\"idxKey\":\"catList:18_0_parentHot\",\"gameIds\":[[285,165,189,282,266,284,247,253,264,292,276,12]],\"orderBy\":\"parentHot\"}"
08-26 14:18:36.101   18910   D   catListIndx:"分类索引[18-0]数据写入失败：{\"idxKey\":\"catList:18_0_parentDefault\",\"gameIds\":[[292,285,284,282,276,266,264,253,247,189,165,12]],\"orderBy\":\"parentDefault\"}"
08-26 14:18:36.103   18910   D   catListIndx:"分类索引[18-0]数据写入失败：{\"idxKey\":\"catList:18_0_parentHot\",\"gameIds\":[[285,165,189,282,266,284,247,253,264,292,276,12]],\"orderBy\":\"parentHot\"}"
08-26 14:18:36.108   18910   D   catListIndx:"分类索引[18-157]数据写入失败：{\"idxKey\":\"catList:18_157_subDefault\",\"gameIds\":[[285,282,189,165]],\"orderBy\":\"subDefault\"}"
08-26 14:18:36.110   18910   D   catListIndx:"分类索引[18-0]数据写入失败：{\"idxKey\":\"catList:18_0_parentDefault\",\"gameIds\":[[292,285,284,282,276,266,264,253,247,189,165,12]],\"orderBy\":\"parentDefault\"}"
08-26 14:18:36.112   18910   D   catListIndx:"分类索引[18-0]数据写入失败：{\"idxKey\":\"catList:18_0_parentHot\",\"gameIds\":[[285,165,189,282,266,284,247,253,264,292,276,12]],\"orderBy\":\"parentHot\"}"
08-26 14:18:36.117   18910   D   catListIndx:"分类索引[18-158]数据写入失败：{\"idxKey\":\"catList:18_158_subDefault\",\"gameIds\":[[292,264,253,247]],\"orderBy\":\"subDefault\"}"
08-26 14:18:36.119   18910   D   catListIndx:"分类索引[18-0]数据写入失败：{\"idxKey\":\"catList:18_0_parentDefault\",\"gameIds\":[[292,285,284,282,276,266,264,253,247,189,165,12]],\"orderBy\":\"parentDefault\"}"
08-26 14:18:36.121   18910   D   catListIndx:"分类索引[18-0]数据写入失败：{\"idxKey\":\"catList:18_0_parentHot\",\"gameIds\":[[285,165,189,282,266,284,247,253,264,292,276,12]],\"orderBy\":\"parentHot\"}"
08-26 14:18:36.127   18910   D   catListIndx:"分类索引[18-159]数据写入失败：{\"idxKey\":\"catList:18_159_subDefault\",\"gameIds\":[[266,12]],\"orderBy\":\"subDefault\"}"
08-26 14:18:36.129   18910   D   catListIndx:"分类索引[18-0]数据写入失败：{\"idxKey\":\"catList:18_0_parentDefault\",\"gameIds\":[[292,285,284,282,276,266,264,253,247,189,165,12]],\"orderBy\":\"parentDefault\"}"
08-26 14:18:36.131   18910   D   catListIndx:"分类索引[18-0]数据写入失败：{\"idxKey\":\"catList:18_0_parentHot\",\"gameIds\":[[285,165,189,282,266,284,247,253,264,292,276,12]],\"orderBy\":\"parentHot\"}"
08-26 14:18:36.136   18910   D   catListIndx:"分类索引[18-160]数据写入失败：{\"idxKey\":\"catList:18_160_subDefault\",\"gameIds\":[[284,276,266]],\"orderBy\":\"subDefault\"}"
08-26 14:18:36.139   18910   D   catListIndx:"分类索引[18-0]数据写入失败：{\"idxKey\":\"catList:18_0_parentDefault\",\"gameIds\":[[292,285,284,282,276,266,264,253,247,189,165,12]],\"orderBy\":\"parentDefault\"}"
08-26 14:18:36.141   18910   D   catListIndx:"分类索引[18-0]数据写入失败：{\"idxKey\":\"catList:18_0_parentHot\",\"gameIds\":[[285,165,189,282,266,284,247,253,264,292,276,12]],\"orderBy\":\"parentHot\"}"
08-26 14:18:36.145   18910   D   catListIndx:"分类索引[18-161]数据写入失败：{\"idxKey\":\"catList:18_161_subDefault\",\"gameIds\":[],\"orderBy\":\"subDefault\"}"
08-26 14:18:36.147   18910   D   catListIndx:"分类索引[18-0]数据写入失败：{\"idxKey\":\"catList:18_0_parentDefault\",\"gameIds\":[[292,285,284,282,276,266,264,253,247,189,165,12]],\"orderBy\":\"parentDefault\"}"
08-26 14:18:36.149   18910   D   catListIndx:"分类索引[18-0]数据写入失败：{\"idxKey\":\"catList:18_0_parentHot\",\"gameIds\":[[285,165,189,282,266,284,247,253,264,292,276,12]],\"orderBy\":\"parentHot\"}"
08-26 14:18:36.154   18910   D   catListIndx:"分类索引[18-162]数据写入失败：{\"idxKey\":\"catList:18_162_subDefault\",\"gameIds\":[],\"orderBy\":\"subDefault\"}"
08-26 14:18:36.158   18910   D   catListIndx:"分类索引[19-0]数据写入失败：{\"idxKey\":\"catList:19_0_parentDefault\",\"gameIds\":[],\"orderBy\":\"parentDefault\"}"
08-26 14:18:36.162   18910   D   catListIndx:"分类索引[19-0]数据写入失败：{\"idxKey\":\"catList:19_0_parentHot\",\"gameIds\":[],\"orderBy\":\"parentHot\"}"
08-26 14:18:36.166   18910   D   catListIndx:"分类索引[19-0]数据写入失败：{\"idxKey\":\"catList:19_0_parentDefault\",\"gameIds\":[],\"orderBy\":\"parentDefault\"}"
08-26 14:18:36.169   18910   D   catListIndx:"分类索引[19-0]数据写入失败：{\"idxKey\":\"catList:19_0_parentHot\",\"gameIds\":[],\"orderBy\":\"parentHot\"}"
08-26 14:18:36.174   18910   D   catListIndx:"分类索引[19-169]数据写入失败：{\"idxKey\":\"catList:19_169_subDefault\",\"gameIds\":[],\"orderBy\":\"subDefault\"}"
08-26 14:18:36.177   18910   D   catListIndx:"分类索引[19-0]数据写入失败：{\"idxKey\":\"catList:19_0_parentDefault\",\"gameIds\":[],\"orderBy\":\"parentDefault\"}"
08-26 14:18:36.181   18910   D   catListIndx:"分类索引[19-0]数据写入失败：{\"idxKey\":\"catList:19_0_parentHot\",\"gameIds\":[],\"orderBy\":\"parentHot\"}"
08-26 14:18:36.186   18910   D   catListIndx:"分类索引[19-170]数据写入失败：{\"idxKey\":\"catList:19_170_subDefault\",\"gameIds\":[],\"orderBy\":\"subDefault\"}"
08-26 14:18:36.189   18910   D   catListIndx:"分类索引[19-0]数据写入失败：{\"idxKey\":\"catList:19_0_parentDefault\",\"gameIds\":[],\"orderBy\":\"parentDefault\"}"
08-26 14:18:36.193   18910   D   catListIndx:"分类索引[19-0]数据写入失败：{\"idxKey\":\"catList:19_0_parentHot\",\"gameIds\":[],\"orderBy\":\"parentHot\"}"
08-26 14:18:36.197   18910   D   catListIndx:"分类索引[19-171]数据写入失败：{\"idxKey\":\"catList:19_171_subDefault\",\"gameIds\":[],\"orderBy\":\"subDefault\"}"
08-26 14:18:36.201   18910   D   catListIndx:"分类索引[19-0]数据写入失败：{\"idxKey\":\"catList:19_0_parentDefault\",\"gameIds\":[],\"orderBy\":\"parentDefault\"}"
08-26 14:18:36.205   18910   D   catListIndx:"分类索引[19-0]数据写入失败：{\"idxKey\":\"catList:19_0_parentHot\",\"gameIds\":[],\"orderBy\":\"parentHot\"}"
08-26 14:18:36.209   18910   D   catListIndx:"分类索引[19-172]数据写入失败：{\"idxKey\":\"catList:19_172_subDefault\",\"gameIds\":[],\"orderBy\":\"subDefault\"}"
08-26 14:18:36.213   18910   D   catListIndx:"分类索引[19-0]数据写入失败：{\"idxKey\":\"catList:19_0_parentDefault\",\"gameIds\":[],\"orderBy\":\"parentDefault\"}"
08-26 14:18:36.217   18910   D   catListIndx:"分类索引[19-0]数据写入失败：{\"idxKey\":\"catList:19_0_parentHot\",\"gameIds\":[],\"orderBy\":\"parentHot\"}"
08-26 14:18:36.222   18910   D   catListIndx:"分类索引[19-173]数据写入失败：{\"idxKey\":\"catList:19_173_subDefault\",\"gameIds\":[],\"orderBy\":\"subDefault\"}"
08-26 14:18:36.226   18910   D   catListIndx:"分类索引[19-0]数据写入失败：{\"idxKey\":\"catList:19_0_parentDefault\",\"gameIds\":[],\"orderBy\":\"parentDefault\"}"
08-26 14:18:36.230   18910   D   catListIndx:"分类索引[19-0]数据写入失败：{\"idxKey\":\"catList:19_0_parentHot\",\"gameIds\":[],\"orderBy\":\"parentHot\"}"
08-26 14:18:36.235   18910   D   catListIndx:"分类索引[19-174]数据写入失败：{\"idxKey\":\"catList:19_174_subDefault\",\"gameIds\":[],\"orderBy\":\"subDefault\"}"
08-26 14:18:36.240   18910   D   catListIndx:"分类索引[20-0]数据写入失败：{\"idxKey\":\"catList:20_0_parentDefault\",\"gameIds\":[[261,252,142]],\"orderBy\":\"parentDefault\"}"
08-26 14:18:36.244   18910   D   catListIndx:"分类索引[20-0]数据写入失败：{\"idxKey\":\"catList:20_0_parentHot\",\"gameIds\":[[252,261,142]],\"orderBy\":\"parentHot\"}"
08-26 14:18:36.245   18910   D   catListIndx:"分类索引[20-0]数据写入失败：{\"idxKey\":\"catList:20_0_parentDefault\",\"gameIds\":[[261,252,142]],\"orderBy\":\"parentDefault\"}"
08-26 14:18:36.247   18910   D   catListIndx:"分类索引[20-0]数据写入失败：{\"idxKey\":\"catList:20_0_parentHot\",\"gameIds\":[[252,261,142]],\"orderBy\":\"parentHot\"}"
08-26 14:18:36.252   18910   D   catListIndx:"分类索引[20-179]数据写入失败：{\"idxKey\":\"catList:20_179_subDefault\",\"gameIds\":[],\"orderBy\":\"subDefault\"}"
08-26 14:18:36.254   18910   D   catListIndx:"分类索引[20-0]数据写入失败：{\"idxKey\":\"catList:20_0_parentDefault\",\"gameIds\":[[261,252,142]],\"orderBy\":\"parentDefault\"}"
08-26 14:18:36.256   18910   D   catListIndx:"分类索引[20-0]数据写入失败：{\"idxKey\":\"catList:20_0_parentHot\",\"gameIds\":[[252,261,142]],\"orderBy\":\"parentHot\"}"
08-26 14:18:36.261   18910   D   catListIndx:"分类索引[20-180]数据写入失败：{\"idxKey\":\"catList:20_180_subDefault\",\"gameIds\":[[261,252,142]],\"orderBy\":\"subDefault\"}"
08-26 14:18:36.263   18910   D   catListIndx:"分类索引[20-0]数据写入失败：{\"idxKey\":\"catList:20_0_parentDefault\",\"gameIds\":[[261,252,142]],\"orderBy\":\"parentDefault\"}"
08-26 14:18:36.265   18910   D   catListIndx:"分类索引[20-0]数据写入失败：{\"idxKey\":\"catList:20_0_parentHot\",\"gameIds\":[[252,261,142]],\"orderBy\":\"parentHot\"}"
08-26 14:18:36.269   18910   D   catListIndx:"分类索引[20-181]数据写入失败：{\"idxKey\":\"catList:20_181_subDefault\",\"gameIds\":[],\"orderBy\":\"subDefault\"}"
08-26 14:18:36.271   18910   D   catListIndx:"分类索引[20-0]数据写入失败：{\"idxKey\":\"catList:20_0_parentDefault\",\"gameIds\":[[261,252,142]],\"orderBy\":\"parentDefault\"}"
08-26 14:18:36.273   18910   D   catListIndx:"分类索引[20-0]数据写入失败：{\"idxKey\":\"catList:20_0_parentHot\",\"gameIds\":[[252,261,142]],\"orderBy\":\"parentHot\"}"
08-26 14:18:36.277   18910   D   catListIndx:"分类索引[20-182]数据写入失败：{\"idxKey\":\"catList:20_182_subDefault\",\"gameIds\":[],\"orderBy\":\"subDefault\"}"
08-26 14:18:36.279   18910   D   catListIndx:"分类索引[20-0]数据写入失败：{\"idxKey\":\"catList:20_0_parentDefault\",\"gameIds\":[[261,252,142]],\"orderBy\":\"parentDefault\"}"
08-26 14:18:36.281   18910   D   catListIndx:"分类索引[20-0]数据写入失败：{\"idxKey\":\"catList:20_0_parentHot\",\"gameIds\":[[252,261,142]],\"orderBy\":\"parentHot\"}"
08-26 14:18:36.286   18910   D   catListIndx:"分类索引[20-183]数据写入失败：{\"idxKey\":\"catList:20_183_subDefault\",\"gameIds\":[],\"orderBy\":\"subDefault\"}"
08-26 14:18:36.288   18910   D   catListIndx:"分类索引[20-0]数据写入失败：{\"idxKey\":\"catList:20_0_parentDefault\",\"gameIds\":[[261,252,142]],\"orderBy\":\"parentDefault\"}"
08-26 14:18:36.290   18910   D   catListIndx:"分类索引[20-0]数据写入失败：{\"idxKey\":\"catList:20_0_parentHot\",\"gameIds\":[[252,261,142]],\"orderBy\":\"parentHot\"}"
08-26 14:18:36.295   18910   D   catListIndx:"分类索引[20-184]数据写入失败：{\"idxKey\":\"catList:20_184_subDefault\",\"gameIds\":[],\"orderBy\":\"subDefault\"}"
08-26 14:18:36.315   18910   D   catListIndx:"分类索引[21-0]数据写入失败：{\"idxKey\":\"catList:21_0_parentDefault\",\"gameIds\":[[268,265,262,260,237,165]],\"orderBy\":\"parentDefault\"}"
08-26 14:18:36.319   18910   D   catListIndx:"分类索引[21-0]数据写入失败：{\"idxKey\":\"catList:21_0_parentHot\",\"gameIds\":[[165,260,237,265,262,268]],\"orderBy\":\"parentHot\"}"
08-26 14:18:36.321   18910   D   catListIndx:"分类索引[21-0]数据写入失败：{\"idxKey\":\"catList:21_0_parentDefault\",\"gameIds\":[[268,265,262,260,237,165]],\"orderBy\":\"parentDefault\"}"
08-26 14:18:36.323   18910   D   catListIndx:"分类索引[21-0]数据写入失败：{\"idxKey\":\"catList:21_0_parentHot\",\"gameIds\":[[165,260,237,265,262,268]],\"orderBy\":\"parentHot\"}"
08-26 14:18:36.328   18910   D   catListIndx:"分类索引[21-146]数据写入失败：{\"idxKey\":\"catList:21_146_subDefault\",\"gameIds\":[[165]],\"orderBy\":\"subDefault\"}"
08-26 14:18:36.330   18910   D   catListIndx:"分类索引[21-0]数据写入失败：{\"idxKey\":\"catList:21_0_parentDefault\",\"gameIds\":[[268,265,262,260,237,165]],\"orderBy\":\"parentDefault\"}"
08-26 14:18:36.332   18910   D   catListIndx:"分类索引[21-0]数据写入失败：{\"idxKey\":\"catList:21_0_parentHot\",\"gameIds\":[[165,260,237,265,262,268]],\"orderBy\":\"parentHot\"}"
08-26 14:18:36.337   18910   D   catListIndx:"分类索引[21-147]数据写入失败：{\"idxKey\":\"catList:21_147_subDefault\",\"gameIds\":[[265,262,260]],\"orderBy\":\"subDefault\"}"
08-26 14:18:36.339   18910   D   catListIndx:"分类索引[21-0]数据写入失败：{\"idxKey\":\"catList:21_0_parentDefault\",\"gameIds\":[[268,265,262,260,237,165]],\"orderBy\":\"parentDefault\"}"
08-26 14:18:36.342   18910   D   catListIndx:"分类索引[21-0]数据写入失败：{\"idxKey\":\"catList:21_0_parentHot\",\"gameIds\":[[165,260,237,265,262,268]],\"orderBy\":\"parentHot\"}"
08-26 14:18:36.346   18910   D   catListIndx:"分类索引[21-148]数据写入失败：{\"idxKey\":\"catList:21_148_subDefault\",\"gameIds\":[],\"orderBy\":\"subDefault\"}"
08-26 14:18:36.348   18910   D   catListIndx:"分类索引[21-0]数据写入失败：{\"idxKey\":\"catList:21_0_parentDefault\",\"gameIds\":[[268,265,262,260,237,165]],\"orderBy\":\"parentDefault\"}"
08-26 14:18:36.350   18910   D   catListIndx:"分类索引[21-0]数据写入失败：{\"idxKey\":\"catList:21_0_parentHot\",\"gameIds\":[[165,260,237,265,262,268]],\"orderBy\":\"parentHot\"}"
08-26 14:18:36.356   18910   D   catListIndx:"分类索引[21-149]数据写入失败：{\"idxKey\":\"catList:21_149_subDefault\",\"gameIds\":[[268,237]],\"orderBy\":\"subDefault\"}"
08-26 14:18:36.358   18910   D   catListIndx:"分类索引[21-0]数据写入失败：{\"idxKey\":\"catList:21_0_parentDefault\",\"gameIds\":[[268,265,262,260,237,165]],\"orderBy\":\"parentDefault\"}"
08-26 14:18:36.360   18910   D   catListIndx:"分类索引[21-0]数据写入失败：{\"idxKey\":\"catList:21_0_parentHot\",\"gameIds\":[[165,260,237,265,262,268]],\"orderBy\":\"parentHot\"}"
08-26 14:18:36.364   18910   D   catListIndx:"分类索引[21-150]数据写入失败：{\"idxKey\":\"catList:21_150_subDefault\",\"gameIds\":[],\"orderBy\":\"subDefault\"}"
08-26 14:18:36.366   18910   D   catListIndx:"分类索引[21-0]数据写入失败：{\"idxKey\":\"catList:21_0_parentDefault\",\"gameIds\":[[268,265,262,260,237,165]],\"orderBy\":\"parentDefault\"}"
08-26 14:18:36.368   18910   D   catListIndx:"分类索引[21-0]数据写入失败：{\"idxKey\":\"catList:21_0_parentHot\",\"gameIds\":[[165,260,237,265,262,268]],\"orderBy\":\"parentHot\"}"
08-26 14:18:36.373   18910   D   catListIndx:"分类索引[21-206]数据写入失败：{\"idxKey\":\"catList:21_206_subDefault\",\"gameIds\":[],\"orderBy\":\"subDefault\"}"
08-26 14:18:36.375   18910   D   catListIndx:"分类索引[21-0]数据写入失败：{\"idxKey\":\"catList:21_0_parentDefault\",\"gameIds\":[[268,265,262,260,237,165]],\"orderBy\":\"parentDefault\"}"
08-26 14:18:36.377   18910   D   catListIndx:"分类索引[21-0]数据写入失败：{\"idxKey\":\"catList:21_0_parentHot\",\"gameIds\":[[165,260,237,265,262,268]],\"orderBy\":\"parentHot\"}"
08-26 14:18:36.382   18910   D   catListIndx:"分类索引[21-207]数据写入失败：{\"idxKey\":\"catList:21_207_subDefault\",\"gameIds\":[],\"orderBy\":\"subDefault\"}"
08-26 14:18:36.384   18910   D   catListIndx:"分类索引[21-0]数据写入失败：{\"idxKey\":\"catList:21_0_parentDefault\",\"gameIds\":[[268,265,262,260,237,165]],\"orderBy\":\"parentDefault\"}"
08-26 14:18:36.386   18910   D   catListIndx:"分类索引[21-0]数据写入失败：{\"idxKey\":\"catList:21_0_parentHot\",\"gameIds\":[[165,260,237,265,262,268]],\"orderBy\":\"parentHot\"}"
08-26 14:18:36.390   18910   D   catListIndx:"分类索引[21-210]数据写入失败：{\"idxKey\":\"catList:21_210_subDefault\",\"gameIds\":[],\"orderBy\":\"subDefault\"}"
08-26 14:18:36.396   18910   D   catListIndx:"分类索引[30-0]数据写入失败：{\"idxKey\":\"catList:30_0_parentDefault\",\"gameIds\":[[292,273,237]],\"orderBy\":\"parentDefault\"}"
08-26 14:18:36.400   18910   D   catListIndx:"分类索引[30-0]数据写入失败：{\"idxKey\":\"catList:30_0_parentHot\",\"gameIds\":[[273,237,292]],\"orderBy\":\"parentHot\"}"
08-26 14:18:36.402   18910   D   catListIndx:"分类索引[30-0]数据写入失败：{\"idxKey\":\"catList:30_0_parentDefault\",\"gameIds\":[[292,273,237]],\"orderBy\":\"parentDefault\"}"
08-26 14:18:36.404   18910   D   catListIndx:"分类索引[30-0]数据写入失败：{\"idxKey\":\"catList:30_0_parentHot\",\"gameIds\":[[273,237,292]],\"orderBy\":\"parentHot\"}"
08-26 14:18:36.409   18910   D   catListIndx:"分类索引[30-151]数据写入失败：{\"idxKey\":\"catList:30_151_subDefault\",\"gameIds\":[[292,273]],\"orderBy\":\"subDefault\"}"
08-26 14:18:36.411   18910   D   catListIndx:"分类索引[30-0]数据写入失败：{\"idxKey\":\"catList:30_0_parentDefault\",\"gameIds\":[[292,273,237]],\"orderBy\":\"parentDefault\"}"
08-26 14:18:36.413   18910   D   catListIndx:"分类索引[30-0]数据写入失败：{\"idxKey\":\"catList:30_0_parentHot\",\"gameIds\":[[273,237,292]],\"orderBy\":\"parentHot\"}"
08-26 14:18:36.417   18910   D   catListIndx:"分类索引[30-152]数据写入失败：{\"idxKey\":\"catList:30_152_subDefault\",\"gameIds\":[],\"orderBy\":\"subDefault\"}"
08-26 14:18:36.419   18910   D   catListIndx:"分类索引[30-0]数据写入失败：{\"idxKey\":\"catList:30_0_parentDefault\",\"gameIds\":[[292,273,237]],\"orderBy\":\"parentDefault\"}"
08-26 14:18:36.421   18910   D   catListIndx:"分类索引[30-0]数据写入失败：{\"idxKey\":\"catList:30_0_parentHot\",\"gameIds\":[[273,237,292]],\"orderBy\":\"parentHot\"}"
08-26 14:18:36.426   18910   D   catListIndx:"分类索引[30-153]数据写入失败：{\"idxKey\":\"catList:30_153_subDefault\",\"gameIds\":[[237]],\"orderBy\":\"subDefault\"}"
08-26 14:18:36.429   18910   D   catListIndx:"分类索引[30-0]数据写入失败：{\"idxKey\":\"catList:30_0_parentDefault\",\"gameIds\":[[292,273,237]],\"orderBy\":\"parentDefault\"}"
08-26 14:18:36.431   18910   D   catListIndx:"分类索引[30-0]数据写入失败：{\"idxKey\":\"catList:30_0_parentHot\",\"gameIds\":[[273,237,292]],\"orderBy\":\"parentHot\"}"
08-26 14:18:36.458   18910   D   catListIndx:"分类索引[30-154]数据写入失败：{\"idxKey\":\"catList:30_154_subDefault\",\"gameIds\":[],\"orderBy\":\"subDefault\"}"
08-26 14:18:36.461   18910   D   catListIndx:"分类索引[30-0]数据写入失败：{\"idxKey\":\"catList:30_0_parentDefault\",\"gameIds\":[[292,273,237]],\"orderBy\":\"parentDefault\"}"
08-26 14:18:36.463   18910   D   catListIndx:"分类索引[30-0]数据写入失败：{\"idxKey\":\"catList:30_0_parentHot\",\"gameIds\":[[273,237,292]],\"orderBy\":\"parentHot\"}"
08-26 14:18:36.467   18910   D   catListIndx:"分类索引[30-155]数据写入失败：{\"idxKey\":\"catList:30_155_subDefault\",\"gameIds\":[],\"orderBy\":\"subDefault\"}"
08-26 14:18:36.469   18910   D   catListIndx:"分类索引[30-0]数据写入失败：{\"idxKey\":\"catList:30_0_parentDefault\",\"gameIds\":[[292,273,237]],\"orderBy\":\"parentDefault\"}"
08-26 14:18:36.471   18910   D   catListIndx:"分类索引[30-0]数据写入失败：{\"idxKey\":\"catList:30_0_parentHot\",\"gameIds\":[[273,237,292]],\"orderBy\":\"parentHot\"}"
08-26 14:18:36.476   18910   D   catListIndx:"分类索引[30-156]数据写入失败：{\"idxKey\":\"catList:30_156_subDefault\",\"gameIds\":[],\"orderBy\":\"subDefault\"}"
08-26 14:18:36.481   18910   D   catListIndx:"分类索引[43-0]数据写入失败：{\"idxKey\":\"catList:43_0_parentDefault\",\"gameIds\":[[286,284,259,182,98]],\"orderBy\":\"parentDefault\"}"
08-26 14:18:36.485   18910   D   catListIndx:"分类索引[43-0]数据写入失败：{\"idxKey\":\"catList:43_0_parentHot\",\"gameIds\":[[98,284,286,182,259]],\"orderBy\":\"parentHot\"}"
08-26 14:18:36.487   18910   D   catListIndx:"分类索引[43-0]数据写入失败：{\"idxKey\":\"catList:43_0_parentDefault\",\"gameIds\":[[286,284,259,182,98]],\"orderBy\":\"parentDefault\"}"
08-26 14:18:36.489   18910   D   catListIndx:"分类索引[43-0]数据写入失败：{\"idxKey\":\"catList:43_0_parentHot\",\"gameIds\":[[98,284,286,182,259]],\"orderBy\":\"parentHot\"}"
08-26 14:18:36.494   18910   D   catListIndx:"分类索引[43-163]数据写入失败：{\"idxKey\":\"catList:43_163_subDefault\",\"gameIds\":[[286,284,182]],\"orderBy\":\"subDefault\"}"
08-26 14:18:36.496   18910   D   catListIndx:"分类索引[43-0]数据写入失败：{\"idxKey\":\"catList:43_0_parentDefault\",\"gameIds\":[[286,284,259,182,98]],\"orderBy\":\"parentDefault\"}"
08-26 14:18:36.497   18910   D   catListIndx:"分类索引[43-0]数据写入失败：{\"idxKey\":\"catList:43_0_parentHot\",\"gameIds\":[[98,284,286,182,259]],\"orderBy\":\"parentHot\"}"
08-26 14:18:36.502   18910   D   catListIndx:"分类索引[43-164]数据写入失败：{\"idxKey\":\"catList:43_164_subDefault\",\"gameIds\":[[259]],\"orderBy\":\"subDefault\"}"
08-26 14:18:36.504   18910   D   catListIndx:"分类索引[43-0]数据写入失败：{\"idxKey\":\"catList:43_0_parentDefault\",\"gameIds\":[[286,284,259,182,98]],\"orderBy\":\"parentDefault\"}"
08-26 14:18:36.506   18910   D   catListIndx:"分类索引[43-0]数据写入失败：{\"idxKey\":\"catList:43_0_parentHot\",\"gameIds\":[[98,284,286,182,259]],\"orderBy\":\"parentHot\"}"
08-26 14:18:36.511   18910   D   catListIndx:"分类索引[43-165]数据写入失败：{\"idxKey\":\"catList:43_165_subDefault\",\"gameIds\":[],\"orderBy\":\"subDefault\"}"
08-26 14:18:36.513   18910   D   catListIndx:"分类索引[43-0]数据写入失败：{\"idxKey\":\"catList:43_0_parentDefault\",\"gameIds\":[[286,284,259,182,98]],\"orderBy\":\"parentDefault\"}"
08-26 14:18:36.515   18910   D   catListIndx:"分类索引[43-0]数据写入失败：{\"idxKey\":\"catList:43_0_parentHot\",\"gameIds\":[[98,284,286,182,259]],\"orderBy\":\"parentHot\"}"
08-26 14:18:36.519   18910   D   catListIndx:"分类索引[43-166]数据写入失败：{\"idxKey\":\"catList:43_166_subDefault\",\"gameIds\":[],\"orderBy\":\"subDefault\"}"
08-26 14:18:36.521   18910   D   catListIndx:"分类索引[43-0]数据写入失败：{\"idxKey\":\"catList:43_0_parentDefault\",\"gameIds\":[[286,284,259,182,98]],\"orderBy\":\"parentDefault\"}"
08-26 14:18:36.523   18910   D   catListIndx:"分类索引[43-0]数据写入失败：{\"idxKey\":\"catList:43_0_parentHot\",\"gameIds\":[[98,284,286,182,259]],\"orderBy\":\"parentHot\"}"
08-26 14:18:36.527   18910   D   catListIndx:"分类索引[43-167]数据写入失败：{\"idxKey\":\"catList:43_167_subDefault\",\"gameIds\":[],\"orderBy\":\"subDefault\"}"
08-26 14:18:36.529   18910   D   catListIndx:"分类索引[43-0]数据写入失败：{\"idxKey\":\"catList:43_0_parentDefault\",\"gameIds\":[[286,284,259,182,98]],\"orderBy\":\"parentDefault\"}"
08-26 14:18:36.531   18910   D   catListIndx:"分类索引[43-0]数据写入失败：{\"idxKey\":\"catList:43_0_parentHot\",\"gameIds\":[[98,284,286,182,259]],\"orderBy\":\"parentHot\"}"
08-26 14:18:36.536   18910   D   catListIndx:"分类索引[43-168]数据写入失败：{\"idxKey\":\"catList:43_168_subDefault\",\"gameIds\":[[98]],\"orderBy\":\"subDefault\"}"
08-26 14:18:36.541   18910   D   catListIndx:"分类索引[44-0]数据写入失败：{\"idxKey\":\"catList:44_0_parentDefault\",\"gameIds\":[[287,285,276,192,182,98]],\"orderBy\":\"parentDefault\"}"
08-26 14:18:36.545   18910   D   catListIndx:"分类索引[44-0]数据写入失败：{\"idxKey\":\"catList:44_0_parentHot\",\"gameIds\":[[285,192,287,98,182,276]],\"orderBy\":\"parentHot\"}"
08-26 14:18:36.547   18910   D   catListIndx:"分类索引[44-0]数据写入失败：{\"idxKey\":\"catList:44_0_parentDefault\",\"gameIds\":[[287,285,276,192,182,98]],\"orderBy\":\"parentDefault\"}"
08-26 14:18:36.548   18910   D   catListIndx:"分类索引[44-0]数据写入失败：{\"idxKey\":\"catList:44_0_parentHot\",\"gameIds\":[[285,192,287,98,182,276]],\"orderBy\":\"parentHot\"}"
08-26 14:18:36.554   18910   D   catListIndx:"分类索引[44-175]数据写入失败：{\"idxKey\":\"catList:44_175_subDefault\",\"gameIds\":[[285,182,98]],\"orderBy\":\"subDefault\"}"
08-26 14:18:36.556   18910   D   catListIndx:"分类索引[44-0]数据写入失败：{\"idxKey\":\"catList:44_0_parentDefault\",\"gameIds\":[[287,285,276,192,182,98]],\"orderBy\":\"parentDefault\"}"
08-26 14:18:36.558   18910   D   catListIndx:"分类索引[44-0]数据写入失败：{\"idxKey\":\"catList:44_0_parentHot\",\"gameIds\":[[285,192,287,98,182,276]],\"orderBy\":\"parentHot\"}"
08-26 14:18:36.562   18910   D   catListIndx:"分类索引[44-176]数据写入失败：{\"idxKey\":\"catList:44_176_subDefault\",\"gameIds\":[[287]],\"orderBy\":\"subDefault\"}"
08-26 14:18:36.564   18910   D   catListIndx:"分类索引[44-0]数据写入失败：{\"idxKey\":\"catList:44_0_parentDefault\",\"gameIds\":[[287,285,276,192,182,98]],\"orderBy\":\"parentDefault\"}"
08-26 14:18:36.566   18910   D   catListIndx:"分类索引[44-0]数据写入失败：{\"idxKey\":\"catList:44_0_parentHot\",\"gameIds\":[[285,192,287,98,182,276]],\"orderBy\":\"parentHot\"}"
08-26 14:18:36.571   18910   D   catListIndx:"分类索引[44-177]数据写入失败：{\"idxKey\":\"catList:44_177_subDefault\",\"gameIds\":[],\"orderBy\":\"subDefault\"}"
08-26 14:18:36.573   18910   D   catListIndx:"分类索引[44-0]数据写入失败：{\"idxKey\":\"catList:44_0_parentDefault\",\"gameIds\":[[287,285,276,192,182,98]],\"orderBy\":\"parentDefault\"}"
08-26 14:18:36.575   18910   D   catListIndx:"分类索引[44-0]数据写入失败：{\"idxKey\":\"catList:44_0_parentHot\",\"gameIds\":[[285,192,287,98,182,276]],\"orderBy\":\"parentHot\"}"
08-26 14:18:36.580   18910   D   catListIndx:"分类索引[44-178]数据写入失败：{\"idxKey\":\"catList:44_178_subDefault\",\"gameIds\":[[276,192]],\"orderBy\":\"subDefault\"}"
08-26 14:18:36.584   18910   D   catListIndx:"分类索引[139-0]数据写入失败：{\"idxKey\":\"catList:139_0_parentDefault\",\"gameIds\":[[282,281,279,278,277,275,273,272,271,270,258,253,252,251,192,189]],\"orderBy\":\"parentDefault\"}"
08-26 14:18:36.588   18910   D   catListIndx:"分类索引[139-0]数据写入失败：{\"idxKey\":\"catList:139_0_parentHot\",\"gameIds\":[[275,271,192,251,272,189,282,273,270,278,279,253,252,258,281,277]],\"orderBy\":\"parentHot\"}"
08-26 14:18:36.590   18910   D   catListIndx:"分类索引[139-0]数据写入失败：{\"idxKey\":\"catList:139_0_parentDefault\",\"gameIds\":[[282,281,279,278,277,275,273,272,271,270,258,253,252,251,192,189]],\"orderBy\":\"parentDefault\"}"
08-26 14:18:36.592   18910   D   catListIndx:"分类索引[139-0]数据写入失败：{\"idxKey\":\"catList:139_0_parentHot\",\"gameIds\":[[275,271,192,251,272,189,282,273,270,278,279,253,252,258,281,277]],\"orderBy\":\"parentHot\"}"
08-26 14:18:36.597   18910   D   catListIndx:"分类索引[139-189]数据写入失败：{\"idxKey\":\"catList:139_189_subDefault\",\"gameIds\":[[282,281,279,278,277,273,272,271,270,258,253,252,251,192,189]],\"orderBy\":\"subDefault\"}"
08-26 14:18:36.599   18910   D   catListIndx:"分类索引[139-0]数据写入失败：{\"idxKey\":\"catList:139_0_parentDefault\",\"gameIds\":[[282,281,279,278,277,275,273,272,271,270,258,253,252,251,192,189]],\"orderBy\":\"parentDefault\"}"
08-26 14:18:36.601   18910   D   catListIndx:"分类索引[139-0]数据写入失败：{\"idxKey\":\"catList:139_0_parentHot\",\"gameIds\":[[275,271,192,251,272,189,282,273,270,278,279,253,252,258,281,277]],\"orderBy\":\"parentHot\"}"
08-26 14:18:36.607   18910   D   catListIndx:"分类索引[139-190]数据写入失败：{\"idxKey\":\"catList:139_190_subDefault\",\"gameIds\":[[275]],\"orderBy\":\"subDefault\"}"
08-26 14:18:36.609   18910   D   catListIndx:"分类索引[139-0]数据写入失败：{\"idxKey\":\"catList:139_0_parentDefault\",\"gameIds\":[[282,281,279,278,277,275,273,272,271,270,258,253,252,251,192,189]],\"orderBy\":\"parentDefault\"}"
08-26 14:18:36.611   18910   D   catListIndx:"分类索引[139-0]数据写入失败：{\"idxKey\":\"catList:139_0_parentHot\",\"gameIds\":[[275,271,192,251,272,189,282,273,270,278,279,253,252,258,281,277]],\"orderBy\":\"parentHot\"}"
08-26 14:18:36.615   18910   D   catListIndx:"分类索引[139-191]数据写入失败：{\"idxKey\":\"catList:139_191_subDefault\",\"gameIds\":[],\"orderBy\":\"subDefault\"}"
08-26 14:18:36.620   18910   D   catListIndx:"分类索引[192-0]数据写入失败：{\"idxKey\":\"catList:192_0_parentDefault\",\"gameIds\":[],\"orderBy\":\"parentDefault\"}"
08-26 14:18:36.624   18910   D   catListIndx:"分类索引[192-0]数据写入失败：{\"idxKey\":\"catList:192_0_parentHot\",\"gameIds\":[],\"orderBy\":\"parentHot\"}"
08-26 14:18:36.627   18910   D   catListIndx:"分类索引[192-0]数据写入失败：{\"idxKey\":\"catList:192_0_parentDefault\",\"gameIds\":[],\"orderBy\":\"parentDefault\"}"
08-26 14:18:36.631   18910   D   catListIndx:"分类索引[192-0]数据写入失败：{\"idxKey\":\"catList:192_0_parentHot\",\"gameIds\":[],\"orderBy\":\"parentHot\"}"
08-26 14:18:36.635   18910   D   catListIndx:"分类索引[192-195]数据写入失败：{\"idxKey\":\"catList:192_195_subDefault\",\"gameIds\":[],\"orderBy\":\"subDefault\"}"
08-26 14:18:36.639   18910   D   catListIndx:"分类索引[192-0]数据写入失败：{\"idxKey\":\"catList:192_0_parentDefault\",\"gameIds\":[],\"orderBy\":\"parentDefault\"}"
08-26 14:18:36.643   18910   D   catListIndx:"分类索引[192-0]数据写入失败：{\"idxKey\":\"catList:192_0_parentHot\",\"gameIds\":[],\"orderBy\":\"parentHot\"}"
08-26 14:18:36.647   18910   D   catListIndx:"分类索引[192-196]数据写入失败：{\"idxKey\":\"catList:192_196_subDefault\",\"gameIds\":[],\"orderBy\":\"subDefault\"}"
08-26 14:18:36.651   18910   D   catListIndx:"分类索引[192-0]数据写入失败：{\"idxKey\":\"catList:192_0_parentDefault\",\"gameIds\":[],\"orderBy\":\"parentDefault\"}"
08-26 14:18:36.655   18910   D   catListIndx:"分类索引[192-0]数据写入失败：{\"idxKey\":\"catList:192_0_parentHot\",\"gameIds\":[],\"orderBy\":\"parentHot\"}"
08-26 14:18:36.659   18910   D   catListIndx:"分类索引[192-197]数据写入失败：{\"idxKey\":\"catList:192_197_subDefault\",\"gameIds\":[],\"orderBy\":\"subDefault\"}"
08-26 14:18:36.663   18910   D   catListIndx:"分类索引[193-0]数据写入失败：{\"idxKey\":\"catList:193_0_parentDefault\",\"gameIds\":[],\"orderBy\":\"parentDefault\"}"
08-26 14:18:36.667   18910   D   catListIndx:"分类索引[193-0]数据写入失败：{\"idxKey\":\"catList:193_0_parentHot\",\"gameIds\":[],\"orderBy\":\"parentHot\"}"
08-26 14:18:36.672   18910   D   catListIndx:"分类索引[204-0]数据写入失败：{\"idxKey\":\"catList:204_0_parentDefault\",\"gameIds\":[],\"orderBy\":\"parentDefault\"}"
08-26 14:18:36.676   18910   D   catListIndx:"分类索引[204-0]数据写入失败：{\"idxKey\":\"catList:204_0_parentHot\",\"gameIds\":[],\"orderBy\":\"parentHot\"}"
08-26 14:18:36.679   18910   D   catListIndx:"分类索引[204-0]数据写入失败：{\"idxKey\":\"catList:204_0_parentDefault\",\"gameIds\":[],\"orderBy\":\"parentDefault\"}"
08-26 14:18:36.683   18910   D   catListIndx:"分类索引[204-0]数据写入失败：{\"idxKey\":\"catList:204_0_parentHot\",\"gameIds\":[],\"orderBy\":\"parentHot\"}"
08-26 14:18:36.688   18910   D   catListIndx:"分类索引[204-205]数据写入失败：{\"idxKey\":\"catList:204_205_subDefault\",\"gameIds\":[],\"orderBy\":\"subDefault\"}"
08-26 14:18:36.691   18910   D   catListIndx:"分类索引[204-0]数据写入失败：{\"idxKey\":\"catList:204_0_parentDefault\",\"gameIds\":[],\"orderBy\":\"parentDefault\"}"
08-26 14:18:36.695   18910   D   catListIndx:"分类索引[204-0]数据写入失败：{\"idxKey\":\"catList:204_0_parentHot\",\"gameIds\":[],\"orderBy\":\"parentHot\"}"
08-26 14:18:36.700   18910   D   catListIndx:"分类索引[204-211]数据写入失败：{\"idxKey\":\"catList:204_211_subDefault\",\"gameIds\":[],\"orderBy\":\"subDefault\"}"
08-26 14:18:36.704   18910   D   catListIndx:"分类索引[204-0]数据写入失败：{\"idxKey\":\"catList:204_0_parentDefault\",\"gameIds\":[],\"orderBy\":\"parentDefault\"}"
08-26 14:18:36.708   18910   D   catListIndx:"分类索引[204-0]数据写入失败：{\"idxKey\":\"catList:204_0_parentHot\",\"gameIds\":[],\"orderBy\":\"parentHot\"}"
08-26 14:18:36.712   18910   D   catListIndx:"分类索引[204-212]数据写入失败：{\"idxKey\":\"catList:204_212_subDefault\",\"gameIds\":[],\"orderBy\":\"subDefault\"}"
08-26 14:18:36.716   18910   D   catListIndx:"分类索引[204-0]数据写入失败：{\"idxKey\":\"catList:204_0_parentDefault\",\"gameIds\":[],\"orderBy\":\"parentDefault\"}"
08-26 14:18:36.720   18910   D   catListIndx:"分类索引[204-0]数据写入失败：{\"idxKey\":\"catList:204_0_parentHot\",\"gameIds\":[],\"orderBy\":\"parentHot\"}"
08-26 14:18:36.725   18910   D   catListIndx:"分类索引[204-213]数据写入失败：{\"idxKey\":\"catList:204_213_subDefault\",\"gameIds\":[],\"orderBy\":\"subDefault\"}"
08-26 14:18:36.729   18910   D   catListIndx:"分类索引[214-0]数据写入失败：{\"idxKey\":\"catList:214_0_parentDefault\",\"gameIds\":[[247,120]],\"orderBy\":\"parentDefault\"}"
08-26 14:18:36.733   18910   D   catListIndx:"分类索引[214-0]数据写入失败：{\"idxKey\":\"catList:214_0_parentHot\",\"gameIds\":[[120,247]],\"orderBy\":\"parentHot\"}"
08-26 14:18:36.735   18910   D   catListIndx:"分类索引[214-0]数据写入失败：{\"idxKey\":\"catList:214_0_parentDefault\",\"gameIds\":[[247,120]],\"orderBy\":\"parentDefault\"}"
08-26 14:18:36.737   18910   D   catListIndx:"分类索引[214-0]数据写入失败：{\"idxKey\":\"catList:214_0_parentHot\",\"gameIds\":[[120,247]],\"orderBy\":\"parentHot\"}"
08-26 14:18:36.742   18910   D   catListIndx:"分类索引[214-215]数据写入失败：{\"idxKey\":\"catList:214_215_subDefault\",\"gameIds\":[[247,120]],\"orderBy\":\"subDefault\"}"
08-26 14:18:36.744   18910   D   catListIndx:"分类索引[214-0]数据写入失败：{\"idxKey\":\"catList:214_0_parentDefault\",\"gameIds\":[[247,120]],\"orderBy\":\"parentDefault\"}"
08-26 14:18:36.746   18910   D   catListIndx:"分类索引[214-0]数据写入失败：{\"idxKey\":\"catList:214_0_parentHot\",\"gameIds\":[[120,247]],\"orderBy\":\"parentHot\"}"
08-26 14:18:36.751   18910   D   catListIndx:"分类索引[214-216]数据写入失败：{\"idxKey\":\"catList:214_216_subDefault\",\"gameIds\":[],\"orderBy\":\"subDefault\"}"
08-26 14:18:36.755   18910   D   catListIndx:"分类索引[219-0]数据写入失败：{\"idxKey\":\"catList:219_0_parentDefault\",\"gameIds\":[],\"orderBy\":\"parentDefault\"}"
08-26 14:18:36.759   18910   D   catListIndx:"分类索引[219-0]数据写入失败：{\"idxKey\":\"catList:219_0_parentHot\",\"gameIds\":[],\"orderBy\":\"parentHot\"}"
08-26 14:18:36.763   18910   D   catListIndx:"分类索引[219-0]数据写入失败：{\"idxKey\":\"catList:219_0_parentDefault\",\"gameIds\":[],\"orderBy\":\"parentDefault\"}"
08-26 14:18:36.768   18910   D   catListIndx:"分类索引[219-0]数据写入失败：{\"idxKey\":\"catList:219_0_parentHot\",\"gameIds\":[],\"orderBy\":\"parentHot\"}"
08-26 14:18:36.772   18910   D   catListIndx:"分类索引[219-220]数据写入失败：{\"idxKey\":\"catList:219_220_subDefault\",\"gameIds\":[],\"orderBy\":\"subDefault\"}"
08-26 14:18:36.776   18910   D   catListIndx:"分类索引[219-0]数据写入失败：{\"idxKey\":\"catList:219_0_parentDefault\",\"gameIds\":[],\"orderBy\":\"parentDefault\"}"
08-26 14:18:36.779   18910   D   catListIndx:"分类索引[219-0]数据写入失败：{\"idxKey\":\"catList:219_0_parentHot\",\"gameIds\":[],\"orderBy\":\"parentHot\"}"
08-26 14:18:36.784   18910   D   catListIndx:"分类索引[219-221]数据写入失败：{\"idxKey\":\"catList:219_221_subDefault\",\"gameIds\":[],\"orderBy\":\"subDefault\"}"
08-26 14:18:36.787   18910   D   catListIndx:"分类索引[219-0]数据写入失败：{\"idxKey\":\"catList:219_0_parentDefault\",\"gameIds\":[],\"orderBy\":\"parentDefault\"}"
08-26 14:18:36.790   18910   D   catListIndx:"分类索引[219-0]数据写入失败：{\"idxKey\":\"catList:219_0_parentHot\",\"gameIds\":[],\"orderBy\":\"parentHot\"}"
08-26 14:18:36.795   18910   D   catListIndx:"分类索引[219-222]数据写入失败：{\"idxKey\":\"catList:219_222_subDefault\",\"gameIds\":[],\"orderBy\":\"subDefault\"}"
08-26 14:18:36.861   18910   D   catListIndx:"分类索引[100-0]数据写入失败：{\"idxKey\":\"catList:100_0_gamesNew\",\"gameIds\":[[283,282,272,292,161,288,281,264,290,234,287,1,277,237,252,284,265,275,3,143,120,113,285,286,278,23,279,268,280,45,14,79,276,238,128,242,106,200,249,183,256,240,251,41,66,273,57,271,270,267,266,189,253,247,262,261,260,259,258,230,192,64,130,257,255,244,165,254,205,188,4,227,166,248,250,115,138,81,102,69,107,243,246,245,76,142,212,146,241,114,239,204,235,232,177,236,233,231,229,228],[112,156,226,216,221,202,160,162,211,209,203,207,206,185,201,199,198,197,196,195,194,193,186,191,178,190,187,184,182,164,168,167,158,224,144,155,154,139,153,152,98,25,145,118,125,147,217,141,133,218,136,135,137,219,220,111,134,68,126,117,96,80,78,67,103,101,109,110,5,8,10,12,15,16,19,21,20,47,54,24,56,28,49,50,108,55,131,99,222,223,225,119,34]],\"orderBy\":\"gamesNew\"}"
08-26 14:18:36.874   18910   D   catListIndx:"分类索引[100-0]数据写入失败：{\"idxKey\":\"catList:100_0_gamesHot\",\"gameIds\":[[245,113,275,56,217,271,225,76,224,154,138,200,185,166,144,192,241,111,115,109,251,137,194,272,107,141,255,147,165,98,199,146,34,167,227,120,190,108,177,235,221,106,187,246,234,1,156,256,188,143,228,189,260,207,102,282,273,145,96,216,280,184,114,220,19,23,266,205,135,243,230,162,240,198,196,21,222,238,24,204,50,203,168,211,133,270,136,278,193,236,284,242,218,206,247,209,128,78,3,279],[253,232,158,183,249,239,250,155,254,252,201,178,258,139,182,281,229,160,237,212,54,267,265,259,283,277,231,264,257,80,262,268,125,261,248,126,110,292,290,288,287,286,285,276,244,233,226,223,219,202,197,195,191,186,164,161,153,152,142,134,131,130,119,118,117,112,103,101,99,81,79,69,68,67,66,64,57,55,49,47,45,41,28,25,20,16,15,14,12,10,8,5,4]],\"orderBy\":\"gamesHot\"}"
